[2022-03-17T12:47:17.471Z] info Servidor corriendo en el puerto 3000
[2022-03-17T12:47:17.579Z] info Conexion exitosa a oracle
[2022-03-17T12:47:17.600Z] info Conexion exitosa a oracle
[2022-03-17T12:49:25.391Z] info Servidor corriendo en el puerto 3000
[2022-03-17T12:49:25.526Z] info Conexion exitosa a oracle
[2022-03-17T12:49:25.537Z] info Conexion exitosa a oracle
[2022-03-17T12:50:07.503Z] info Servidor corriendo en el puerto 3000
[2022-03-17T12:50:08.863Z] info Conexion exitosa a oracle
[2022-03-17T12:50:09.018Z] info Conexion exitosa a oracle
[2022-03-17T12:52:59.723Z] info Servidor corriendo en el puerto 3000
[2022-03-17T12:52:59.925Z] info Conexion exitosa a oracle
[2022-03-17T12:52:59.941Z] info Conexion exitosa a oracle
[2022-03-17T12:54:09.301Z] info Servidor corriendo en el puerto 3000
[2022-03-17T12:54:09.477Z] info Conexion exitosa a oracle
[2022-03-17T12:54:09.482Z] info Conexion exitosa a oracle
{
  message: 'Servidor corriendo en el puerto 3000',
  level: 'info',
  timestamp: '2022-03-17T12:55:16.570Z'
}
{
  message: 'Conexion exitosa a oracle',
  level: 'info',
  timestamp: '2022-03-17T12:55:16.732Z'
}
{
  message: 'Conexion exitosa a oracle',
  level: 'info',
  timestamp: '2022-03-17T12:55:16.742Z'
}
[2022-03-17T12:55:54.759Z] info Servidor corriendo en el puerto 3000
[2022-03-17T12:55:54.919Z] info Conexion exitosa a oracle
[2022-03-17T12:55:54.926Z] info Conexion exitosa a oracle
[2022-03-17T13:00:34.680Z] info Servidor corriendo en el puerto 3000
[2022-03-17T13:00:34.829Z] info Conexion exitosa a oracle
[2022-03-17T13:00:34.833Z] info Conexion exitosa a oracle
[2022-03-17T13:00:39.479Z] info /api/pruebaOracle/prueba
[2022-03-17T13:01:52.570Z] info Servidor corriendo en el puerto 3000
[2022-03-17T13:01:52.723Z] info Conexion exitosa a oracle
[2022-03-17T13:01:52.733Z] info Conexion exitosa a oracle
[2022-03-17T13:02:20.853Z] info Servidor corriendo en el puerto 3000
[2022-03-17T13:02:20.995Z] info Conexion exitosa a oracle
[2022-03-17T13:02:20.999Z] info Conexion exitosa a oracle
[2022-03-17T13:02:28.746Z] info Servidor corriendo en el puerto 3000
[2022-03-17T13:02:28.872Z] info Conexion exitosa a oracle
[2022-03-17T13:02:28.886Z] info Conexion exitosa a oracle
[2022-03-17T13:02:38.633Z] info /api/pruebaOracle/prueba
[2022-03-17T13:39:57.806Z] info Servidor corriendo en el puerto 3000
[2022-03-17T13:39:57.937Z] info Conexion exitosa a oracle
[2022-03-17T13:39:57.944Z] info Conexion exitosa a oracle
[2022-03-17T13:40:23.450Z] info /api/pruebaOracle/prueba
[2022-03-17T13:47:24.535Z] info Servidor corriendo en el puerto 3000
[2022-03-17T13:47:24.651Z] info Conexion exitosa a oracle
[2022-03-17T13:47:24.672Z] info Conexion exitosa a oracle
[2022-03-17T13:47:34.227Z] info Servidor corriendo en el puerto 3000
[2022-03-17T13:47:34.345Z] info Conexion exitosa a oracle
[2022-03-17T13:47:34.366Z] info Conexion exitosa a oracle
[2022-03-17T13:51:35.510Z] info Servidor corriendo en el puerto 3000
[2022-03-17T13:51:35.650Z] info Conexion exitosa a oracle
[2022-03-17T13:51:35.654Z] info Conexion exitosa a oracle
[2022-03-17T13:52:23.377Z] info Servidor corriendo en el puerto 3000
[2022-03-17T13:52:23.499Z] info Conexion exitosa a oracle
[2022-03-17T13:52:23.514Z] info Conexion exitosa a oracle
[2022-03-17T13:53:28.053Z] info Servidor corriendo en el puerto 3000
[2022-03-17T13:53:28.201Z] info Conexion exitosa a oracle
[2022-03-17T13:53:28.214Z] info Conexion exitosa a oracle
[2022-03-17T13:53:34.390Z] info Servidor corriendo en el puerto 3000
[2022-03-17T13:53:34.531Z] info Conexion exitosa a oracle
[2022-03-17T13:53:34.538Z] info Conexion exitosa a oracle
[2022-03-17T13:53:48.322Z] error /api/pruebaOracle/prueba
[Mar-17-2022 10:02:07] info Servidor corriendo en el puerto 3000
[Mar-17-2022 10:02:07] info Conexion exitosa a oracle
[Mar-17-2022 10:02:07] info Conexion exitosa a oracle
[Mar-17-2022 10:02:13] info Servidor corriendo en el puerto 3000
[Mar-17-2022 10:02:14] info Conexion exitosa a oracle
[Mar-17-2022 10:02:14] info Conexion exitosa a oracle
[Mar-17-2022 10:02:20] info Servidor corriendo en el puerto 3000
[Mar-17-2022 10:02:20] info Conexion exitosa a oracle
[Mar-17-2022 10:02:20] info Conexion exitosa a oracle
[Mar-17-2022 10:02:32] info Servidor corriendo en el puerto 3000
[Mar-17-2022 10:02:32] info Conexion exitosa a oracle
[Mar-17-2022 10:02:32] info Conexion exitosa a oracle
[Mar-17-2022 10:02:50] info Servidor corriendo en el puerto 3000
[Mar-17-2022 10:02:50] info Conexion exitosa a oracle
[Mar-17-2022 10:02:50] info Conexion exitosa a oracle
[Mar-17-2022 10:02:55] info /api/pruebaOracle/prueba
[Mar-17-2022 10:02:55] error error
[Mar-17-2022 10:03:12] info Servidor corriendo en el puerto 3000
[Mar-17-2022 10:03:12] info Conexion exitosa a oracle
[Mar-17-2022 10:03:12] info Conexion exitosa a oracle
[Mar-17-2022 10:03:56] info Servidor corriendo en el puerto 3000
[Mar-17-2022 10:03:56] info Conexion exitosa a oracle
[Mar-17-2022 10:03:56] info Conexion exitosa a oracle
[Mar-17-2022 10:04:03] info /api/pruebaOracle/prueba
[Mar-17-2022 10:04:03] error [object Object]
[Mar-17-2022 10:04:16] info Servidor corriendo en el puerto 3000
[Mar-17-2022 10:04:16] info Conexion exitosa a oracle
[Mar-17-2022 10:04:16] info Conexion exitosa a oracle
[Mar-17-2022 10:04:19] info /api/pruebaOracle/prueba
[Mar-17-2022 10:04:19] error [object Object]
[Mar-17-2022 10:04:52] info Servidor corriendo en el puerto 3000
[Mar-17-2022 10:04:53] info Conexion exitosa a oracle
[Mar-17-2022 10:04:53] info Conexion exitosa a oracle
[Mar-17-2022 10:04:55] info /api/pruebaOracle/prueba
[Mar-17-2022 10:04:55] error sadsadsa
[Mar-17-2022 10:05:28] info Servidor corriendo en el puerto 3000
[Mar-17-2022 10:05:29] info Conexion exitosa a oracle
[Mar-17-2022 10:05:29] info Conexion exitosa a oracle
[Mar-17-2022 10:05:31] info /api/pruebaOracle/prueba
[Mar-17-2022 10:12:56] info Servidor corriendo en el puerto 3000
[Mar-17-2022 10:12:56] info Conexion exitosa a oracle
[Mar-17-2022 10:12:56] info Conexion exitosa a oracle
[Mar-17-2022 10:13:02] info /api/pruebaOracle/prueba
[Mar-17-2022 10:13:02] info localhost:3000
[Mar-17-2022 10:13:02] info GET
[Mar-17-2022 10:13:37] info Servidor corriendo en el puerto 3000
[Mar-17-2022 10:13:37] info Conexion exitosa a oracle
[Mar-17-2022 10:13:37] info Conexion exitosa a oracle
[Mar-17-2022 10:13:39] info /api/pruebaOracle/prueba
[Mar-17-2022 10:13:39] info host is not defined
[Mar-17-2022 10:14:22] info Servidor corriendo en el puerto 3000
[Mar-17-2022 10:14:22] info Conexion exitosa a oracle
[Mar-17-2022 10:14:22] info Conexion exitosa a oracle
[Mar-17-2022 10:14:24] info /api/pruebaOracle/prueba
[Mar-17-2022 10:14:24] info [object Object]
[Mar-17-2022 10:14:24] info [object Object]
[Mar-17-2022 10:14:56] info Servidor corriendo en el puerto 3000
[Mar-17-2022 10:14:56] info Conexion exitosa a oracle
[Mar-17-2022 10:14:56] info Conexion exitosa a oracle
[Mar-17-2022 10:14:57] info /api/pruebaOracle/prueba
[Mar-17-2022 10:14:57] info localhost:3000
[Mar-17-2022 10:14:57] info GET
[Mar-17-2022 10:16:11] info Servidor corriendo en el puerto 3000
[Mar-17-2022 10:16:11] info Conexion exitosa a oracle
[Mar-17-2022 10:16:11] info Conexion exitosa a oracle
[Mar-17-2022 10:16:13] info /api/pruebaOracle/prueba
[Mar-17-2022 10:16:13] info localhost:3000
[Mar-17-2022 10:17:14] info Servidor corriendo en el puerto 3000
[Mar-17-2022 10:17:14] info Conexion exitosa a oracle
[Mar-17-2022 10:17:14] info Conexion exitosa a oracle
[Mar-17-2022 10:17:16] info /api/pruebaOracle/prueba
[Mar-17-2022 10:17:16] info localhost:3000
[Mar-17-2022 10:18:02] info Servidor corriendo en el puerto 3000
[Mar-17-2022 10:18:02] info Conexion exitosa a oracle
[Mar-17-2022 10:18:02] info Conexion exitosa a oracle
[Mar-17-2022 10:18:05] info /api/pruebaOracle/prueba
[Mar-17-2022 10:18:05] info localhost:3000
[Mar-17-2022 10:18:23] info Servidor corriendo en el puerto 3000
[Mar-17-2022 10:18:23] info Conexion exitosa a oracle
[Mar-17-2022 10:18:23] info Conexion exitosa a oracle
[Mar-17-2022 10:18:31] info /api/pruebaOracle/prueba
[Mar-17-2022 10:18:31] info localhost:3000
[Mar-17-2022 10:18:37] info Servidor corriendo en el puerto 3000
[Mar-17-2022 10:18:37] info Conexion exitosa a oracle
[Mar-17-2022 10:18:37] info Conexion exitosa a oracle
[Mar-17-2022 10:18:40] info /api/pruebaOracle/prueba
[Mar-17-2022 10:18:40] info localhost:3000
[Mar-17-2022 10:19:06] info Servidor corriendo en el puerto 3000
[Mar-17-2022 10:19:06] info Conexion exitosa a oracle
[Mar-17-2022 10:19:06] info Conexion exitosa a oracle
[Mar-17-2022 10:19:08] info /api/pruebaOracle/prueba
[Mar-17-2022 10:19:08] info localhost:3000
[Mar-17-2022 10:19:08] info GET
[Mar-17-2022 10:19:50] info Servidor corriendo en el puerto 3000
[Mar-17-2022 10:19:51] info Conexion exitosa a oracle
[Mar-17-2022 10:19:51] info Conexion exitosa a oracle
[Mar-17-2022 10:19:55] info Servidor corriendo en el puerto 3000
[Mar-17-2022 10:19:55] info Conexion exitosa a oracle
[Mar-17-2022 10:19:55] info Conexion exitosa a oracle
[Mar-17-2022 10:19:58] info /api/pruebaOracle/prueba
[Mar-17-2022 10:19:58] info localhost:3000
[Mar-17-2022 10:20:20] info Servidor corriendo en el puerto 3000
[Mar-17-2022 10:20:20] info Conexion exitosa a oracle
[Mar-17-2022 10:20:20] info Conexion exitosa a oracle
[Mar-17-2022 10:20:23] info Servidor corriendo en el puerto 3000
[Mar-17-2022 10:20:23] info Conexion exitosa a oracle
[Mar-17-2022 10:20:23] info Conexion exitosa a oracle
[Mar-17-2022 10:20:42] info Servidor corriendo en el puerto 3000
[Mar-17-2022 10:20:42] info Conexion exitosa a oracle
[Mar-17-2022 10:20:42] info Conexion exitosa a oracle
[Mar-17-2022 10:20:59] info Servidor corriendo en el puerto 3000
[Mar-17-2022 10:21:00] info Conexion exitosa a oracle
[Mar-17-2022 10:21:00] info Conexion exitosa a oracle
[Mar-17-2022 10:21:44] error ORA-01407: cannot update ("GANADERO"."CLIENTES_PRUEBA"."NAME") to NULL
[Mar-17-2022 10:22:46] info /api/pruebaOracle/prueba
[Mar-17-2022 10:22:46] info localhost:3000
[Mar-17-2022 10:22:46] info GET
[Mar-17-2022 10:23:30] error ORA-01407: cannot update ("GANADERO"."CLIENTES_PRUEBA"."NAME") to NULL
[Mar-17-2022 10:23:41] error ORA-01407: cannot update ("GANADERO"."CLIENTES_PRUEBA"."NAME") to NULL
[Mar-17-2022 10:24:29] info Servidor corriendo en el puerto 3000
[Mar-17-2022 10:24:29] info Conexion exitosa a oracle
[Mar-17-2022 10:24:29] info Conexion exitosa a oracle
[Mar-17-2022 10:24:31] info Servidor corriendo en el puerto 3000
[Mar-17-2022 10:24:31] info Conexion exitosa a oracle
[Mar-17-2022 10:24:31] info Conexion exitosa a oracle
[Mar-17-2022 10:24:34] error ORA-01407: cannot update ("GANADERO"."CLIENTES_PRUEBA"."NAME") to NULL
[Mar-17-2022 10:26:16] info Servidor corriendo en el puerto 3000
[Mar-17-2022 10:26:17] info Conexion exitosa a oracle
[Mar-17-2022 10:26:17] info Conexion exitosa a oracle
[Mar-17-2022 10:26:19] error ORA-01407: cannot update ("GANADERO"."CLIENTES_PRUEBA"."NAME") to NULL
[Mar-17-2022 10:27:05] info ORA-01722: invalid number
[Mar-17-2022 10:27:32] info Servidor corriendo en el puerto 3000
[Mar-17-2022 10:27:32] info Conexion exitosa a oracle
[Mar-17-2022 10:27:32] info Conexion exitosa a oracle
[Mar-17-2022 10:27:40] info Servidor corriendo en el puerto 3000
[Mar-17-2022 10:27:40] info Conexion exitosa a oracle
[Mar-17-2022 10:27:40] info Conexion exitosa a oracle
[Mar-17-2022 10:27:58] info Servidor corriendo en el puerto 3000
[Mar-17-2022 10:27:58] info Conexion exitosa a oracle
[Mar-17-2022 10:27:58] info Conexion exitosa a oracle
[Mar-17-2022 10:28:01] error ORA-01722: invalid number
[Mar-17-2022 10:28:01] error ORA-01722: invalid number
[Mar-17-2022 10:31:46] info Servidor corriendo en el puerto 3000
[Mar-17-2022 10:31:46] info Conexion exitosa a oracle
[Mar-17-2022 10:31:46] info Conexion exitosa a oracle
[Mar-17-2022 10:31:56] info /api/pruebaOracle/prueba
[Mar-17-2022 10:31:56] info localhost:3000
[Mar-17-2022 10:31:56] info GET
[Mar-17-2022 10:32:55] info Servidor corriendo en el puerto 3000
[Mar-17-2022 10:32:55] info Conexion exitosa a oracle
[Mar-17-2022 10:32:55] info Conexion exitosa a oracle
[Mar-17-2022 10:33:00] info /api/pruebaOracle/prueba
[Mar-17-2022 10:33:00] info localhost:3000
[Mar-17-2022 10:33:00] info GET
[Mar-17-2022 10:33:54] info Servidor corriendo en el puerto 3000
[Mar-17-2022 10:33:54] info Conexion exitosa a oracle
[Mar-17-2022 10:33:54] info Conexion exitosa a oracle
[Mar-17-2022 10:33:58] info /api/pruebaOracle/prueba
[Mar-17-2022 10:33:58] info localhost:3000
[Mar-17-2022 10:33:58] info GET
[Mar-17-2022 10:35:07] info Servidor corriendo en el puerto 3000
[Mar-17-2022 10:35:07] info Conexion exitosa a oracle
[Mar-17-2022 10:35:07] info Conexion exitosa a oracle
[Mar-17-2022 10:35:11] info /api/pruebaOracle/prueba
[Mar-17-2022 10:35:11] info localhost:3000
[Mar-17-2022 10:35:11] info GET
[Mar-17-2022 10:35:24] info Servidor corriendo en el puerto 3000
[Mar-17-2022 10:35:24] info Conexion exitosa a oracle
[Mar-17-2022 10:35:24] info Conexion exitosa a oracle
[Mar-17-2022 10:35:25] info /api/pruebaOracle/prueba
[Mar-17-2022 10:35:25] info localhost:3000
[Mar-17-2022 10:35:25] info GET
[Mar-17-2022 10:44:24] info Servidor corriendo en el puerto 3000
[Mar-17-2022 10:44:24] info Conexion exitosa a oracle
[Mar-17-2022 10:44:24] info Conexion exitosa a oracle
[Mar-17-2022 10:44:44] info Servidor corriendo en el puerto 3000
[Mar-17-2022 10:44:44] info Conexion exitosa a oracle
[Mar-17-2022 10:44:44] info Conexion exitosa a oracle
[Mar-17-2022 10:44:48] info /api/pruebaOracle/prueba
[Mar-17-2022 10:44:48] info localhost:3000
[Mar-17-2022 10:44:48] info GET
[Mar-17-2022 10:45:03] info Servidor corriendo en el puerto 3000
[Mar-17-2022 10:45:03] info Conexion exitosa a oracle
[Mar-17-2022 10:45:03] info Conexion exitosa a oracle
[Mar-17-2022 10:45:05] info /api/pruebaOracle/prueba
[Mar-17-2022 10:45:05] info localhost:3000
[Mar-17-2022 10:45:05] info GET
[Mar-17-2022 10:45:40] info Servidor corriendo en el puerto 3000
[Mar-17-2022 10:45:40] info Conexion exitosa a oracle
[Mar-17-2022 10:45:40] info Conexion exitosa a oracle
[Mar-17-2022 10:45:44] info /api/pruebaOracle/prueba
[Mar-17-2022 10:45:44] info localhost:3000
[Mar-17-2022 10:45:44] info GET
[Mar-17-2022 10:47:28] info Servidor corriendo en el puerto 3000
[Mar-17-2022 10:47:28] info Conexion exitosa a oracle
[Mar-17-2022 10:47:28] info Conexion exitosa a oracle
[Mar-17-2022 10:47:48] error ORA-01722: invalid number
[Mar-17-2022 10:47:48] error ORA-01722: invalid number
[Mar-17-2022 10:53:20] info Servidor corriendo en el puerto 3000
[Mar-17-2022 10:53:20] info Conexion exitosa a oracle
[Mar-17-2022 10:53:20] info Conexion exitosa a oracle
[Mar-17-2022 10:59:26] info Servidor corriendo en el puerto 3000
[Mar-17-2022 10:59:27] info Conexion exitosa a oracle
[Mar-17-2022 10:59:27] info Conexion exitosa a oracle
[Mar-17-2022 10:59:32] info /api/pruebaOracle/prueba
[Mar-17-2022 10:59:32] info localhost:3000
[Mar-17-2022 10:59:32] info GET
[Mar-17-2022 10:59:32] warn hola warn
[Mar-17-2022 11:14:10] info /api/pruebaOracle/prueba
[Mar-17-2022 11:14:10] info localhost:3000
[Mar-17-2022 11:14:10] info GET
[Mar-17-2022 11:14:10] warn hola warn
[Mar-17-2022 14:41:27] info Servidor corriendo en el puerto 3000
[Mar-17-2022 14:41:27] info Conexion exitosa a oracle
[Mar-17-2022 14:41:27] info Conexion exitosa a oracle
[Mar-17-2022 15:04:29] info Servidor corriendo en el puerto 3000
[Mar-17-2022 15:04:29] info Conexion exitosa a oracle
[Mar-17-2022 15:04:29] info Conexion exitosa a oracle
[Mar-17-2022 15:04:43] info /api/pruebaOracle/prueba
[Mar-17-2022 15:04:43] info localhost:3000
[Mar-17-2022 15:04:43] info GET
[Mar-17-2022 15:04:43] warn hola warn
[Mar-17-2022 15:05:04] error ORA-01722: invalid number
[Mar-17-2022 15:05:04] error ORA-01722: invalid number
[Mar-17-2022 15:06:23] info Servidor corriendo en el puerto 3000
[Mar-17-2022 15:06:23] info Conexion exitosa a oracle
[Mar-17-2022 15:06:23] info Conexion exitosa a oracle
[Mar-17-2022 15:06:26] error ORA-01722: invalid number
[Mar-17-2022 15:06:26] error ORA-01722: invalid number
[Mar-17-2022 15:06:33] info /api/pruebaOracle/delete/3
[Mar-17-2022 15:06:33] info localhost:3000
[Mar-17-2022 15:06:33] info DELETE
[Mar-17-2022 21:57:10] info Servidor corriendo en el puerto 3000
[Mar-17-2022 21:57:10] info Conexion exitosa a oracle
[Mar-17-2022 21:57:10] info Conexion exitosa a oracle
[Mar-17-2022 22:02:50] info Servidor corriendo en el puerto 3000
[Mar-17-2022 22:02:50] info Conexion exitosa a oracle
[Mar-17-2022 22:02:50] info Conexion exitosa a oracle
[Mar-18-2022 08:27:36] info Servidor corriendo en el puerto 3000
[Mar-18-2022 08:27:36] info Conexion exitosa a oracle
[Mar-18-2022 08:27:36] info Conexion exitosa a oracle
[Mar-18-2022 09:39:56] info Servidor corriendo en el puerto undefined
[Mar-18-2022 09:39:56] info Conexion exitosa a oracle
[Mar-18-2022 09:39:56] info Conexion exitosa a oracle
[Mar-18-2022 09:40:07] info Servidor corriendo en el puerto undefined
[Mar-18-2022 09:40:07] info Conexion exitosa a oracle
[Mar-18-2022 09:40:07] info Conexion exitosa a oracle
[Mar-18-2022 09:43:02] info Servidor corriendo en el puerto 3000
[Mar-18-2022 09:43:02] info Conexion exitosa a oracle
[Mar-18-2022 09:43:02] info Conexion exitosa a oracle
[Mar-18-2022 09:43:08] info /api/pruebaOracle/prueba
[Mar-18-2022 09:43:08] info localhost:3000
[Mar-18-2022 09:43:08] info GET
[Mar-18-2022 09:43:08] warn hola warn
[Mar-18-2022 09:55:28] info /api/pruebaOracle/prueba
[Mar-18-2022 09:55:28] info localhost:3000
[Mar-18-2022 09:55:28] info GET
[Mar-18-2022 09:55:28] warn hola warn
[Mar-18-2022 09:58:53] info Servidor corriendo en el puerto 3000
[Mar-18-2022 09:58:53] info Conexion exitosa a oracle
[Mar-18-2022 09:58:53] info Conexion exitosa a oracle
[Mar-18-2022 09:59:38] info /api/pruebaOracle/insert
[Mar-18-2022 09:59:38] info localhost:3000
[Mar-18-2022 09:59:38] info POST
[Mar-18-2022 10:00:20] info /api/pruebaOracle/delete/4
[Mar-18-2022 10:00:20] info localhost:3000
[Mar-18-2022 10:00:20] info DELETE
[Mar-18-2022 10:00:40] info /api/pruebaOracle/prueba
[Mar-18-2022 10:00:40] info localhost:3000
[Mar-18-2022 10:00:40] info GET
[Mar-18-2022 10:00:40] warn hola warn
[Mar-18-2022 10:00:57] error ORA-01400: cannot insert NULL into ("GANADERO"."CLIENTES_PRUEBA"."NAME")
[Mar-18-2022 10:00:57] error ORA-01400: cannot insert NULL into ("GANADERO"."CLIENTES_PRUEBA"."NAME")
[Mar-18-2022 10:06:51] info Servidor corriendo en el puerto 3000
[Mar-18-2022 10:06:51] info Conexion exitosa a oracle
[Mar-18-2022 10:06:51] info Conexion exitosa a oracle
[Mar-18-2022 11:20:44] info Servidor corriendo en el puerto 3000
[Mar-18-2022 11:20:45] info Conexion exitosa a oracle
[Mar-18-2022 11:20:45] info Conexion exitosa a oracle
[Mar-21-2022 09:07:15] info Servidor corriendo en el puerto 3000
[Mar-21-2022 09:07:15] info Conexion exitosa a oracle
[Mar-21-2022 09:07:15] info Conexion exitosa a oracle
[Mar-21-2022 10:32:53] info Servidor corriendo en el puerto 3000
[Mar-21-2022 10:32:53] info Conexion exitosa a oracle
[Mar-21-2022 10:32:53] info Conexion exitosa a oracle
[Mar-21-2022 10:50:46] info Servidor corriendo en el puerto 3000
[Mar-21-2022 10:50:46] info Conexion exitosa a oracle
[Mar-21-2022 10:50:46] info Conexion exitosa a oracle
[Mar-21-2022 11:00:08] info Servidor corriendo en el puerto 3000
[Mar-21-2022 11:00:08] info Servidor corriendo en el puerto 3000
[Mar-21-2022 11:00:08] info Conexion exitosa a oracle
[Mar-21-2022 11:00:08] info Conexion exitosa a oracle
[Mar-21-2022 11:00:08] info Conexion exitosa a oracle
[Mar-21-2022 11:00:08] info Conexion exitosa a oracle
[Mar-21-2022 11:05:40] info Servidor corriendo en el puerto 3000
[Mar-21-2022 11:05:40] info Servidor corriendo en el puerto 3000
[Mar-21-2022 11:05:40] info Conexion exitosa a oracle
[Mar-21-2022 11:05:40] info Conexion exitosa a oracle
[Mar-21-2022 11:05:40] info Conexion exitosa a oracle
[Mar-21-2022 11:05:40] info Conexion exitosa a oracle
[Mar-21-2022 11:06:02] info Servidor corriendo en el puerto 3000
[Mar-21-2022 11:06:02] info Servidor corriendo en el puerto 3000
[Mar-21-2022 11:06:02] info Conexion exitosa a oracle
[Mar-21-2022 11:06:02] info Conexion exitosa a oracle
[Mar-21-2022 11:06:02] info Conexion exitosa a oracle
[Mar-21-2022 11:06:02] info Conexion exitosa a oracle
[Mar-21-2022 11:07:04] info Servidor corriendo en el puerto 3000
[Mar-21-2022 11:07:04] info Conexion exitosa a oracle
[Mar-21-2022 11:07:04] info Conexion exitosa a oracle
[Mar-21-2022 11:07:35] info Servidor corriendo en el puerto 3000
[Mar-21-2022 11:07:35] info Conexion exitosa a oracle
[Mar-21-2022 11:07:35] info Conexion exitosa a oracle
[Mar-21-2022 11:08:27] info Servidor corriendo en el puerto 3000
[Mar-21-2022 11:08:27] info Conexion exitosa a oracle
[Mar-21-2022 11:08:27] info Conexion exitosa a oracle
[Mar-21-2022 11:09:42] error ORA-01722: invalid number
[Mar-21-2022 11:09:58] info Servidor corriendo en el puerto 3000
[Mar-21-2022 11:09:58] info Conexion exitosa a oracle
[Mar-21-2022 11:09:58] info Conexion exitosa a oracle
[Mar-21-2022 11:10:04] error ORA-01722: invalid number
[Mar-21-2022 11:10:04] error ORA-01722: invalid number
[Mar-21-2022 11:10:33] info Servidor corriendo en el puerto 3000
[Mar-21-2022 11:10:34] info Conexion exitosa a oracle
[Mar-21-2022 11:10:34] info Conexion exitosa a oracle
[Mar-21-2022 11:10:38] error ORA-01722: invalid number
[Mar-21-2022 11:10:38] error ORA-01722: invalid number
[Mar-21-2022 11:11:04] info Servidor corriendo en el puerto 3000
[Mar-21-2022 11:11:05] info Conexion exitosa a oracle
[Mar-21-2022 11:11:05] info Conexion exitosa a oracle
[Mar-21-2022 11:11:08] error ORA-01722: invalid number
[Mar-21-2022 11:11:08] error ORA-01722: invalid number
[Mar-21-2022 11:11:31] info Servidor corriendo en el puerto 3000
[Mar-21-2022 11:11:31] info Conexion exitosa a oracle
[Mar-21-2022 11:11:31] info Conexion exitosa a oracle
[Mar-21-2022 11:11:47] info Servidor corriendo en el puerto 3000
[Mar-21-2022 11:11:48] info Conexion exitosa a oracle
[Mar-21-2022 11:11:48] info Conexion exitosa a oracle
[Mar-21-2022 11:12:00] info Servidor corriendo en el puerto 3000
[Mar-21-2022 11:12:00] info Conexion exitosa a oracle
[Mar-21-2022 11:12:00] info Conexion exitosa a oracle
[Mar-21-2022 11:12:06] error ORA-01722: invalid number
[Mar-21-2022 11:20:20] info Servidor corriendo en el puerto 3000
[Mar-21-2022 11:20:20] info Conexion exitosa a oracle
[Mar-21-2022 11:20:20] info Conexion exitosa a oracle
[Mar-21-2022 11:28:15] info Servidor corriendo en el puerto 3000
[Mar-21-2022 11:28:15] info Conexion exitosa a oracle
[Mar-21-2022 11:28:15] info Conexion exitosa a oracle
[Label🔔 Mar-21-2022 11:44:04] info Servidor corriendo en el puerto 3000
[Label🔔 Mar-21-2022 11:44:04] info Conexion exitosa a oracle
[Label🔔 Mar-21-2022 11:44:04] info Conexion exitosa a oracle
[🔔 Mar-21-2022 11:45:35] info Servidor corriendo en el puerto 3000
[🔔 Mar-21-2022 11:45:36] info Conexion exitosa a oracle
[🔔 Mar-21-2022 11:45:36] info Conexion exitosa a oracle
[🔔 Mar-21-2022 11:46:22] info 	Servidor corriendo en el puerto 3000
[🔔 Mar-21-2022 11:46:22] info 	Conexion exitosa a oracle
[🔔 Mar-21-2022 11:46:22] info 	Conexion exitosa a oracle
[🔔 Mar-21-2022 11:47:31] info 	Servidor corriendo en el puerto 3000
[🔔 Mar-21-2022 11:47:31] info 	Conexion exitosa a oracle
[🔔 Mar-21-2022 11:47:31] info 	Conexion exitosa a oracle
[🔔 Mar-21-2022 11:48:51] info 	Servidor corriendo en el puerto 3000
[🔔 Mar-21-2022 11:48:51] info 	Conexion exitosa a oracle
[🔔 Mar-21-2022 11:48:51] info 	Conexion exitosa a oracle
[🔔 Mar-21-2022 11:49:26] info 	Servidor corriendo en el puerto 3000
[🔔 Mar-21-2022 11:49:26] info 	Conexion exitosa a oracle
[🔔 Mar-21-2022 11:49:26] info 	Conexion exitosa a oracle
[🔔 Mar-21-2022 11:50:10] info 	Servidor corriendo en el puerto 3000
[🔔 Mar-21-2022 11:50:10] info 	Conexion exitosa a oracle
[🔔 Mar-21-2022 11:50:10] info 	Conexion exitosa a oracle
[🔔 Mar-21-2022 11:50:18] error 	undefined
[🔔 Mar-21-2022 11:51:32] info 	Servidor corriendo en el puerto 3000
[🔔 Mar-21-2022 11:51:32] info 	Conexion exitosa a oracle
[🔔 Mar-21-2022 11:51:32] info 	Conexion exitosa a oracle
[🔔 Mar-21-2022 11:51:40] error 	function status(code) {
  this.statusCode = code;
  return this;
}
[🔔 Mar-21-2022 11:52:11] info 	Servidor corriendo en el puerto 3000
[🔔 Mar-21-2022 11:52:11] info 	Conexion exitosa a oracle
[🔔 Mar-21-2022 11:52:12] info 	Conexion exitosa a oracle
[🔔 Mar-21-2022 11:52:25] error 	[object Object]
[🔔 Mar-21-2022 11:52:47] info 	Servidor corriendo en el puerto 3000
[🔔 Mar-21-2022 11:52:48] info 	Conexion exitosa a oracle
[🔔 Mar-21-2022 11:52:48] info 	Conexion exitosa a oracle
[🔔 Mar-21-2022 11:52:55] error 	[object Object]
[🔔 Mar-21-2022 11:53:14] info 	Servidor corriendo en el puerto 3000
[🔔 Mar-21-2022 11:53:14] info 	Conexion exitosa a oracle
[🔔 Mar-21-2022 11:53:14] info 	Conexion exitosa a oracle
[🔔 Mar-21-2022 11:53:25] error 	undefined
[🔔 Mar-21-2022 11:53:42] info 	Servidor corriendo en el puerto 3000
[🔔 Mar-21-2022 11:53:42] info 	Conexion exitosa a oracle
[🔔 Mar-21-2022 11:53:43] info 	Conexion exitosa a oracle
[🔔 Mar-21-2022 11:53:47] error 	ORA-01722: invalid number
[🔔 Mar-21-2022 11:59:32] info 	Servidor corriendo en el puerto 3000
[🔔 Mar-21-2022 11:59:32] info 	Conexion exitosa a oracle
[🔔 Mar-21-2022 11:59:32] info 	Conexion exitosa a oracle
[🔔 Mar-21-2022 11:59:41] error 	ORA-01722: invalid number
[🔔 Mar-21-2022 12:00:06] info 	Servidor corriendo en el puerto 3000
[🔔 Mar-21-2022 12:00:07] info 	Conexion exitosa a oracle
[🔔 Mar-21-2022 12:00:07] info 	Conexion exitosa a oracle
[🔔 Mar-21-2022 12:00:12] error 	ORA-01722: invalid number
[🔔 Mar-21-2022 12:02:16] info 	Servidor corriendo en el puerto 3000
[🔔 Mar-21-2022 12:02:16] info 	Conexion exitosa a oracle
[🔔 Mar-21-2022 12:02:16] info 	Conexion exitosa a oracle
[🔔 Mar-21-2022 12:02:25] error 	ORA-01722: invalid number
[🔔 Mar-21-2022 12:02:25] info 	adsdsa
[🔔 Mar-21-2022 12:02:50] info 	Servidor corriendo en el puerto 3000
[🔔 Mar-21-2022 12:02:50] info 	Conexion exitosa a oracle
[🔔 Mar-21-2022 12:02:50] info 	Conexion exitosa a oracle
[🔔 Mar-21-2022 12:02:54] error 	ORA-01722: invalid number
[🔔 Mar-21-2022 12:02:54] error 	adsdsa
[🔔 Mar-21-2022 12:03:44] info 	Servidor corriendo en el puerto 3000
[🔔 Mar-21-2022 12:03:44] info 	Conexion exitosa a oracle
[🔔 Mar-21-2022 12:03:44] info 	Conexion exitosa a oracle
[🔔 Mar-21-2022 12:03:46] error 	ORA-01722: invalid number
[🔔 Mar-21-2022 12:03:46] error 	Parametro de eliminacion: adsdsa
[🔔 Mar-21-2022 12:04:10] info 	Servidor corriendo en el puerto 3000
[🔔 Mar-21-2022 12:04:10] info 	Conexion exitosa a oracle
[🔔 Mar-21-2022 12:04:10] info 	Conexion exitosa a oracle
[🔔 Mar-21-2022 14:26:00] info 	Servidor corriendo en el puerto 3000
[🔔 Mar-21-2022 14:26:00] info 	Conexion exitosa a oracle
[🔔 Mar-21-2022 14:26:00] info 	Conexion exitosa a oracle
[🔔 Mar-21-2022 14:26:06] info 	Servidor corriendo en el puerto 3000
[🔔 Mar-21-2022 14:26:06] info 	Conexion exitosa a oracle
[🔔 Mar-21-2022 14:26:06] info 	Conexion exitosa a oracle
[🔔 Mar-21-2022 14:26:34] info 	Servidor corriendo en el puerto 3000
[🔔 Mar-21-2022 14:26:34] info 	Conexion exitosa a oracle
[🔔 Mar-21-2022 14:26:34] info 	Conexion exitosa a oracle
[🔔 Mar-21-2022 14:26:41] info 	Servidor corriendo en el puerto 3000
[🔔 Mar-21-2022 14:26:41] info 	Conexion exitosa a oracle
[🔔 Mar-21-2022 14:26:41] info 	Conexion exitosa a oracle
[🔔 Mar-21-2022 15:09:22] info 	Servidor corriendo en el puerto 3000
[🔔 Mar-21-2022 15:09:23] error 	ORA-01017: invalid username/password; logon denied
[🔔 Mar-21-2022 15:09:23] info 	Conexion exitosa a oracle
[🔔 Mar-21-2022 15:15:01] info 	Servidor corriendo en el puerto 3000
[🔔 Mar-21-2022 15:15:01] info 	Conexion exitosa a oracle 172.16.1.23:1521/BGDB
[🔔 Mar-21-2022 15:15:42] info 	Servidor corriendo en el puerto 3000
[🔔 Mar-21-2022 15:15:42] info 	Conexion exitosa a oracle 172.16.1.23:1521/BGDB
[🔔 Mar-22-2022 08:27:56] info 	Servidor corriendo en el puerto 3000
[🔔 Mar-22-2022 08:27:56] info 	Conexion exitosa a oracle 172.16.1.23:1521/BGDB
[🔔 Mar-22-2022 09:27:17] info 	Servidor corriendo en el puerto 3000
[🔔 Mar-22-2022 09:27:17] info 	Conexion exitosa a oracle 172.16.1.23:1521/BGDB
[🔔 Mar-22-2022 09:27:36] info 	Servidor corriendo en el puerto 3000
[🔔 Mar-22-2022 09:27:36] info 	Conexion exitosa a oracle 172.16.1.23:1521/BGDB
[🔔 Mar-22-2022 09:37:43] info 	Servidor corriendo en el puerto 3000
[🔔 Mar-22-2022 09:38:28] info 	Servidor corriendo en el puerto 3000
[🔔 Mar-22-2022 09:38:28] info 	Conexion exitosa a oracle 172.16.1.23:1521/BGDB
[🔔 Mar-22-2022 09:38:39] info 	Servidor corriendo en el puerto 3000
[🔔 Mar-22-2022 09:38:39] info 	Conexion exitosa a oracle 172.16.1.23:1521/BGDB
[🔔 Mar-22-2022 09:39:14] info 	Servidor corriendo en el puerto 3000
[🔔 Mar-22-2022 09:39:14] info 	Conexion exitosa a oracle 172.16.1.23:1521/BGDB
[🔔 Mar-22-2022 09:39:54] info 	Servidor corriendo en el puerto 3000
[🔔 Mar-22-2022 09:39:54] info 	Conexion exitosa a oracle 172.16.1.23:1521/BGDB
[🔔 Mar-22-2022 09:41:44] info 	Servidor corriendo en el puerto 3000
[🔔 Mar-22-2022 09:41:44] info 	Conexion exitosa a oracle 172.16.1.23:1521/BGDB
[🔔 Mar-22-2022 09:41:44] info 	Conexion exitosa a oracle 172.16.1.23:1521/BGDB
[🔔 Mar-22-2022 09:45:49] info 	Servidor corriendo en el puerto 3000
[🔔 Mar-22-2022 09:45:49] info 	Conexion exitosa a oracle 172.16.1.23:1521/BGDB
[🔔 Mar-22-2022 09:45:49] info 	Conexion exitosa a oracle 172.16.1.23:1521/BGDB
[🔔 Mar-22-2022 09:59:26] info 	Servidor corriendo en el puerto 3000
[🔔 Mar-22-2022 09:59:26] info 	Conexion exitosa a oracle undefined
[🔔 Mar-22-2022 09:59:26] info 	Conexion exitosa a oracle undefined
[🔔 Mar-22-2022 09:59:51] info 	Servidor corriendo en el puerto 3000
[🔔 Mar-22-2022 09:59:51] error 	Error en al conexion a la base de datos undefined undefined undefined ReferenceError: connectionString is not defined
[🔔 Mar-22-2022 09:59:51] error 	Error en al conexion a la base de datos undefined undefined undefined ReferenceError: connectionString is not defined
[🔔 Mar-22-2022 10:00:11] info 	Servidor corriendo en el puerto 3000
[🔔 Mar-22-2022 10:00:11] info 	Conexion exitosa a oracle undefined
[🔔 Mar-22-2022 10:00:11] info 	Conexion exitosa a oracle undefined
[🔔 Mar-22-2022 10:00:36] info 	Servidor corriendo en el puerto 3000
[🔔 Mar-22-2022 10:00:36] info 	Conexion exitosa a oracle 172.16.1.23:1521/BGDB
[🔔 Mar-22-2022 10:00:36] info 	Conexion exitosa a oracle 172.16.1.23:1521/BGDB
[🔔 Mar-22-2022 10:02:37] info 	Servidor corriendo en el puerto 3000
[🔔 Mar-22-2022 10:02:37] info 	Conexion exitosa a oracle 172.16.1.23:1521/BGDB
[🔔 Mar-22-2022 10:02:37] info 	Conexion exitosa a oracle 172.16.1.23:1521/BGDB
[🔔 Mar-22-2022 10:17:55] info 	Servidor corriendo en el puerto 3000
[🔔 Mar-22-2022 10:17:55] info 	Conexion exitosa a oracle 172.16.1.23:1521/BGDB
[🔔 Mar-22-2022 10:17:55] info 	Conexion exitosa a oracle 172.16.1.23:1521/BGDB
[🔔 Mar-22-2022 10:18:09] info 	Servidor corriendo en el puerto 3000
[🔔 Mar-22-2022 10:18:09] info 	Conexion exitosa a oracle 172.16.1.23:1521/BGDB
[🔔 Mar-22-2022 10:18:09] info 	Conexion exitosa a oracle 172.16.1.23:1521/BGDB
[🔔 Mar-22-2022 10:48:26] info 	Servidor corriendo en el puerto 3000
[🔔 Mar-22-2022 10:48:44] info 	Servidor corriendo en el puerto 3000
[🔔 Mar-22-2022 10:55:00] info 	Servidor corriendo en el puerto 3000
[🔔 Mar-22-2022 10:55:00] info 	Conexion exitosa a oracle 172.16.1.23:1521/BGDB
[🔔 Mar-22-2022 10:55:00] info 	Conexion exitosa a oracle 172.16.1.23:1521/BGDB
[🔔 Mar-22-2022 11:15:33] info 	Servidor corriendo en el puerto 3000
[🔔 Mar-22-2022 11:15:33] error 	Error en al conexion a la base de datos undefined undefined undefined Error: ORA-12560: TNS:protocol adapter error
[🔔 Mar-22-2022 11:15:33] error 	Error en al conexion a la base de datos undefined undefined undefined Error: ORA-12560: TNS:protocol adapter error
[🔔 Mar-22-2022 11:16:51] info 	Servidor corriendo en el puerto 3000
[🔔 Mar-22-2022 11:16:51] error 	Error en al conexion a la base de datos undefined undefined undefined Error: ORA-12560: TNS:protocol adapter error
[🔔 Mar-22-2022 11:16:51] error 	Error en al conexion a la base de datos undefined undefined undefined Error: ORA-12560: TNS:protocol adapter error
[🔔 Mar-22-2022 11:17:33] info 	Servidor corriendo en el puerto 3000
[🔔 Mar-22-2022 11:17:33] error 	Error en al conexion a la base de datos undefined undefined undefined Error: ORA-12560: TNS:protocol adapter error
[🔔 Mar-22-2022 11:17:33] error 	Error en al conexion a la base de datos undefined undefined undefined Error: ORA-12560: TNS:protocol adapter error
[🔔 Mar-22-2022 11:18:36] info 	Servidor corriendo en el puerto 3000
[🔔 Mar-22-2022 11:18:36] error 	Error en al conexion a la base de datos undefined undefined undefined Error: ORA-12560: TNS:protocol adapter error
[🔔 Mar-22-2022 11:18:36] error 	Error en al conexion a la base de datos undefined undefined undefined Error: ORA-12560: TNS:protocol adapter error
[🔔 Mar-22-2022 11:18:57] info 	Servidor corriendo en el puerto 3000
[🔔 Mar-22-2022 11:18:57] error 	Error en al conexion a la base de datos undefined undefined undefined Error: ORA-12560: TNS:protocol adapter error
[🔔 Mar-22-2022 11:18:57] error 	Error en al conexion a la base de datos undefined undefined undefined Error: ORA-12560: TNS:protocol adapter error
[🔔 Mar-22-2022 11:19:05] info 	Servidor corriendo en el puerto 3000
[🔔 Mar-22-2022 11:19:05] error 	Error en al conexion a la base de datos undefined undefined undefined Error: ORA-12560: TNS:protocol adapter error
[🔔 Mar-22-2022 11:19:05] error 	Error en al conexion a la base de datos undefined undefined undefined Error: ORA-12560: TNS:protocol adapter error
[🔔 Mar-22-2022 11:19:36] info 	Servidor corriendo en el puerto 3000
[🔔 Mar-22-2022 11:19:36] info 	Conexion exitosa a oracle undefined
[🔔 Mar-22-2022 11:19:36] info 	Conexion exitosa a oracle undefined
[🔔 Mar-22-2022 11:19:48] info 	Servidor corriendo en el puerto 3000
[🔔 Mar-22-2022 11:19:48] info 	Conexion exitosa a oracle 172.16.1.23:1521/BGDB
[🔔 Mar-22-2022 11:19:48] info 	Conexion exitosa a oracle 172.16.1.23:1521/BGDB
[🔔 Mar-22-2022 11:27:02] info 	Servidor corriendo en el puerto 3000
[🔔 Mar-22-2022 11:27:02] info 	Conexion exitosa a oracle 172.16.1.23:1521/BGDB
[🔔 Mar-22-2022 11:27:02] info 	Conexion exitosa a oracle 172.16.1.23:1521/BGDB
[🔔 Mar-22-2022 11:27:20] info 	Servidor corriendo en el puerto 3000
[🔔 Mar-22-2022 11:27:20] error 	NJS-046: poolAlias "BGPOOL" already exists in the connection pool cache
[🔔 Mar-22-2022 11:27:20] info 	true
[🔔 Mar-22-2022 11:27:21] info 	Conexion exitosa a oracle 172.16.1.23:1521/BGDB
[🔔 Mar-22-2022 11:27:21] info 	Conexion exitosa a oracle 172.16.1.23:1521/BGDB
[🔔 Mar-22-2022 11:34:21] info 	Servidor corriendo en el puerto 3000
[🔔 Mar-22-2022 11:34:21] error 	Error en al conexion a la base de datos undefined undefined undefined Error: NJS-047: poolAlias "BGPOOL" not found in the connection pool cache
[🔔 Mar-22-2022 11:34:21] error 	NJS-046: poolAlias "BGPOOL" already exists in the connection pool cache
[🔔 Mar-22-2022 11:34:21] error 	Error en al conexion a la base de datos undefined undefined undefined Error: NJS-047: poolAlias "BGPOOL" not found in the connection pool cache
[🔔 Mar-22-2022 11:45:06] info 	Servidor corriendo en el puerto 3000
[🔔 Mar-22-2022 11:45:06] error 	Error en al conexion a la base de datos undefined undefined undefined Error: NJS-047: poolAlias "BGPOOL" not found in the connection pool cache
[🔔 Mar-22-2022 11:45:17] error 	Cannot read property 'execute' of undefined
[🔔 Mar-22-2022 11:46:27] info 	Servidor corriendo en el puerto 3000
[🔔 Mar-22-2022 11:46:27] error 	Error en al conexion a la base de datos undefined undefined undefined Error: ORA-12560: TNS:protocol adapter error
[🔔 Mar-22-2022 11:47:16] info 	Servidor corriendo en el puerto 3000
[🔔 Mar-22-2022 11:47:16] error 	Error en al conexion a la base de datos GANADERO GANADERO 172.16.1.23:1521/BGDB Error: ORA-12560: TNS:protocol adapter error
[🔔 Mar-22-2022 11:48:13] info 	Servidor corriendo en el puerto 3000
[🔔 Mar-22-2022 11:48:13] error 	Error en al conexion a la base de datos GANADERO GANADERO 172.16.1.23:1521/BGDB Error: NJS-047: poolAlias "default" not found in the connection pool cache
[🔔 Mar-22-2022 11:48:46] info 	Servidor corriendo en el puerto 3000
[🔔 Mar-22-2022 11:48:46] error 	Error en al conexion a la base de datos GANADERO GANADERO 172.16.1.23:1521/BGDB Error: NJS-047: poolAlias "default" not found in the connection pool cache
[🔔 Mar-22-2022 11:49:07] info 	Servidor corriendo en el puerto 3000
[🔔 Mar-22-2022 11:49:07] error 	Error en al conexion a la base de datos GANADERO GANADERO 172.16.1.23:1521/BGDB Error: NJS-047: poolAlias "BGPOOL" not found in the connection pool cache
[🔔 Mar-22-2022 11:49:35] info 	Servidor corriendo en el puerto 3000
[🔔 Mar-22-2022 11:49:35] error 	Error en al conexion a la base de datos GANADERO GANADERO 172.16.1.23:1521/BGDB Error: NJS-047: poolAlias "BGPOOL" not found in the connection pool cache
[🔔 Mar-22-2022 11:49:35] error 	NJS-046: poolAlias "BGPOOL" already exists in the connection pool cache
[🔔 Mar-22-2022 11:49:35] error 	Error en al conexion a la base de datos GANADERO GANADERO 172.16.1.23:1521/BGDB Error: NJS-047: poolAlias "BGPOOL" not found in the connection pool cache
[🔔 Mar-22-2022 11:49:57] info 	Servidor corriendo en el puerto 3000
[🔔 Mar-22-2022 11:49:57] error 	Error en al conexion a la base de datos GANADERO GANADERO 172.16.1.23:1521/BGDB Error: NJS-047: poolAlias "BGPOOL" not found in the connection pool cache
[🔔 Mar-22-2022 11:49:57] error 	NJS-046: poolAlias "BGPOOL" already exists in the connection pool cache
[🔔 Mar-22-2022 11:49:57] error 	Error en al conexion a la base de datos GANADERO GANADERO 172.16.1.23:1521/BGDB Error: NJS-047: poolAlias "BGPOOL" not found in the connection pool cache
[🔔 Mar-22-2022 11:50:10] info 	Servidor corriendo en el puerto 3000
[🔔 Mar-22-2022 11:50:10] error 	NJS-046: poolAlias "BGPOOL" already exists in the connection pool cache
[🔔 Mar-22-2022 11:50:10] error 	Error en al conexion a la base de datos GANADERO GANADERO 172.16.1.23:1521/BGDB Error: ORA-12560: TNS:protocol adapter error
[🔔 Mar-22-2022 11:50:10] error 	Error en al conexion a la base de datos GANADERO GANADERO 172.16.1.23:1521/BGDB Error: ORA-12560: TNS:protocol adapter error
[🔔 Mar-22-2022 11:52:19] info 	Servidor corriendo en el puerto 3000
[🔔 Mar-22-2022 11:52:19] error 	Error en al conexion a la base de datos undefined undefined undefined Error: NJS-047: poolAlias "BGPOOL" not found in the connection pool cache
[🔔 Mar-22-2022 11:52:48] info 	Servidor corriendo en el puerto 3000
[🔔 Mar-22-2022 11:52:48] error 	Error en al conexion a la base de datos GANADERO GANADERO 172.16.1.23:1521/BGDB Error: NJS-047: poolAlias "BGPOOL" not found in the connection pool cache
[🔔 Mar-22-2022 11:54:20] info 	Servidor corriendo en el puerto 3000
[🔔 Mar-22-2022 11:54:20] error 	Error en al conexion a la base de datos GANADERO GANADERO 172.16.1.23:1521/BGDB Error: NJS-047: poolAlias "BGPOOL" not found in the connection pool cache
[🔔 Mar-22-2022 11:55:42] info 	Servidor corriendo en el puerto 3000
[🔔 Mar-22-2022 11:55:42] info 	Conexion exitosa a oracle 172.16.1.23:1521/BGDB
[🔔 Mar-22-2022 11:55:50] info 	/api/pruebaOracle/prueba
[🔔 Mar-22-2022 11:55:50] info 	localhost:3000
[🔔 Mar-22-2022 11:55:50] info 	GET
[🔔 Mar-22-2022 11:55:50] warn 	hola warn
[🔔 Mar-22-2022 11:56:38] info 	Servidor corriendo en el puerto 3000
[🔔 Mar-22-2022 11:56:38] info 	Conexion exitosa a oracle 172.16.1.23:1521/BGDB
[🔔 Mar-22-2022 11:57:04] info 	Servidor corriendo en el puerto 3000
[🔔 Mar-22-2022 11:57:04] info 	Conexion exitosa a oracle 172.16.1.23:1521/BGDB
[🔔 Mar-22-2022 11:57:33] info 	Servidor corriendo en el puerto 3000
[🔔 Mar-22-2022 11:57:33] info 	Conexion exitosa a oracle 172.16.1.23:1521/BGDB
[🔔 Mar-22-2022 11:58:03] info 	Servidor corriendo en el puerto 3000
[🔔 Mar-22-2022 11:58:03] info 	Conexion exitosa a oracle 172.16.1.23:1521/BGDB
[🔔 Mar-22-2022 11:58:09] info 	/api/pruebaOracle/prueba
[🔔 Mar-22-2022 11:58:09] info 	localhost:3000
[🔔 Mar-22-2022 11:58:09] info 	GET
[🔔 Mar-22-2022 11:58:09] warn 	hola warn
[🔔 Mar-22-2022 11:58:09] error 	NJS-046: poolAlias "BGPOOL" already exists in the connection pool cache
[🔔 Mar-22-2022 11:58:09] error 	Error en al conexion a la base de datos GANADERO GANADERO 172.16.1.23:1521/BGDB TypeError: Cannot read property 'getConnection' of undefined
[🔔 Mar-22-2022 11:58:09] info 	Conexion cerrada
[🔔 Mar-22-2022 11:58:48] info 	Servidor corriendo en el puerto 3000
[🔔 Mar-22-2022 11:58:48] info 	Conexion exitosa a oracle 172.16.1.23:1521/BGDB
[🔔 Mar-22-2022 11:58:52] info 	/api/pruebaOracle/prueba
[🔔 Mar-22-2022 11:58:52] info 	localhost:3000
[🔔 Mar-22-2022 11:58:52] info 	GET
[🔔 Mar-22-2022 11:58:52] warn 	hola warn
[🔔 Mar-22-2022 11:58:52] error 	NJS-046: poolAlias "BGPOOL" already exists in the connection pool cache
[🔔 Mar-22-2022 11:58:52] error 	Error en al conexion a la base de datos GANADERO GANADERO 172.16.1.23:1521/BGDB TypeError: Cannot read property 'getConnection' of undefined
[🔔 Mar-22-2022 11:58:53] info 	Conexion cerrada
[🔔 Mar-22-2022 12:00:04] info 	Servidor corriendo en el puerto 3000
[🔔 Mar-22-2022 12:00:04] info 	Conexion exitosa a oracle 172.16.1.23:1521/BGDB
[🔔 Mar-22-2022 12:00:08] error 	connection.execute is not a function
[🔔 Mar-22-2022 12:00:26] info 	Servidor corriendo en el puerto 3000
[🔔 Mar-22-2022 12:00:26] info 	Conexion exitosa a oracle 172.16.1.23:1521/BGDB
[🔔 Mar-22-2022 12:00:28] info 	/api/pruebaOracle/prueba
[🔔 Mar-22-2022 12:00:28] info 	localhost:3000
[🔔 Mar-22-2022 12:00:28] info 	GET
[🔔 Mar-22-2022 12:00:28] warn 	hola warn
[🔔 Mar-22-2022 12:00:28] error 	NJS-046: poolAlias "BGPOOL" already exists in the connection pool cache
[🔔 Mar-22-2022 12:00:28] error 	Error en al conexion a la base de datos GANADERO GANADERO 172.16.1.23:1521/BGDB TypeError: Cannot read property 'getConnection' of undefined
[🔔 Mar-22-2022 12:00:28] info 	Conexion cerrada
[🔔 Mar-22-2022 12:02:24] info 	Servidor corriendo en el puerto 3000
[🔔 Mar-22-2022 12:02:24] info 	Conexion exitosa a oracle 172.16.1.23:1521/BGDB
[🔔 Mar-22-2022 12:03:31] info 	Servidor corriendo en el puerto 3000
[🔔 Mar-22-2022 12:03:31] info 	Conexion exitosa a oracle 172.16.1.23:1521/BGDB
[🔔 Mar-22-2022 12:03:34] info 	/api/pruebaOracle/prueba
[🔔 Mar-22-2022 12:03:34] info 	localhost:3000
[🔔 Mar-22-2022 12:03:34] info 	GET
[🔔 Mar-22-2022 12:03:34] warn 	hola warn
[🔔 Mar-22-2022 12:03:34] info 	Conexion cerrada
[🔔 Mar-22-2022 13:05:47] error 	NJS-003: invalid connection
[🔔 Mar-22-2022 13:07:17] info 	Servidor corriendo en el puerto 3000
[🔔 Mar-22-2022 13:07:17] info 	Conexion exitosa a oracle 172.16.1.23:1521/BGDB
[🔔 Mar-22-2022 13:10:37] info 	Servidor corriendo en el puerto 3000
[🔔 Mar-22-2022 13:10:37] info 	Conexion exitosa a oracle 172.16.1.23:1521/BGDB
[🔔 Mar-22-2022 13:12:06] info 	/api/pruebaOracle/prueba
[🔔 Mar-22-2022 13:12:06] info 	localhost:3000
[🔔 Mar-22-2022 13:12:06] info 	GET
[🔔 Mar-22-2022 13:12:06] warn 	hola warn
[🔔 Mar-22-2022 13:12:08] info 	/api/pruebaOracle/prueba
[🔔 Mar-22-2022 13:12:08] info 	localhost:3000
[🔔 Mar-22-2022 13:12:08] info 	GET
[🔔 Mar-22-2022 13:12:08] warn 	hola warn
[🔔 Mar-22-2022 13:13:25] info 	Servidor corriendo en el puerto 3000
[🔔 Mar-22-2022 13:13:25] info 	Conexion exitosa a oracle 172.16.1.23:1521/BGDB
[🔔 Mar-22-2022 13:14:12] info 	Servidor corriendo en el puerto 3000
[🔔 Mar-22-2022 13:14:12] error 	NJS-046: poolAlias "BGPOOL" already exists in the connection pool cache
[🔔 Mar-22-2022 13:14:12] error 	Error en al conexion a la base de datos GANADERO GANADERO 172.16.1.23:1521/BGDB TypeError: Cannot read property 'getConnection' of undefined
[🔔 Mar-22-2022 13:14:12] info 	Conexion exitosa a oracle 172.16.1.23:1521/BGDB
[🔔 Mar-22-2022 13:14:20] info 	/api/pruebaOracle/prueba
[🔔 Mar-22-2022 13:14:20] info 	localhost:3000
[🔔 Mar-22-2022 13:14:20] info 	GET
[🔔 Mar-22-2022 13:14:20] warn 	hola warn
[🔔 Mar-22-2022 13:14:29] info 	/api/pruebaOracle/prueba
[🔔 Mar-22-2022 13:14:29] info 	localhost:3000
[🔔 Mar-22-2022 13:14:29] info 	GET
[🔔 Mar-22-2022 13:14:29] warn 	hola warn
[🔔 Mar-22-2022 13:14:33] info 	/api/pruebaOracle/prueba
[🔔 Mar-22-2022 13:14:33] info 	localhost:3000
[🔔 Mar-22-2022 13:14:33] info 	GET
[🔔 Mar-22-2022 13:14:33] warn 	hola warn
[🔔 Mar-22-2022 13:14:33] info 	/api/pruebaOracle/prueba
[🔔 Mar-22-2022 13:14:33] info 	localhost:3000
[🔔 Mar-22-2022 13:14:33] info 	GET
[🔔 Mar-22-2022 13:14:33] warn 	hola warn
[🔔 Mar-22-2022 13:14:33] info 	/api/pruebaOracle/prueba
[🔔 Mar-22-2022 13:14:33] info 	localhost:3000
[🔔 Mar-22-2022 13:14:33] info 	GET
[🔔 Mar-22-2022 13:14:33] warn 	hola warn
[🔔 Mar-22-2022 13:14:33] info 	/api/pruebaOracle/prueba
[🔔 Mar-22-2022 13:14:33] info 	localhost:3000
[🔔 Mar-22-2022 13:14:33] info 	GET
[🔔 Mar-22-2022 13:14:33] warn 	hola warn
[🔔 Mar-22-2022 13:14:34] info 	/api/pruebaOracle/prueba
[🔔 Mar-22-2022 13:14:34] info 	localhost:3000
[🔔 Mar-22-2022 13:14:34] info 	GET
[🔔 Mar-22-2022 13:14:34] warn 	hola warn
[🔔 Mar-22-2022 13:14:34] info 	/api/pruebaOracle/prueba
[🔔 Mar-22-2022 13:14:34] info 	localhost:3000
[🔔 Mar-22-2022 13:14:34] info 	GET
[🔔 Mar-22-2022 13:14:34] warn 	hola warn
[🔔 Mar-22-2022 13:14:34] info 	/api/pruebaOracle/prueba
[🔔 Mar-22-2022 13:14:34] info 	localhost:3000
[🔔 Mar-22-2022 13:14:34] info 	GET
[🔔 Mar-22-2022 13:14:34] warn 	hola warn
[🔔 Mar-22-2022 13:14:34] info 	/api/pruebaOracle/prueba
[🔔 Mar-22-2022 13:14:34] info 	localhost:3000
[🔔 Mar-22-2022 13:14:34] info 	GET
[🔔 Mar-22-2022 13:14:34] warn 	hola warn
[🔔 Mar-22-2022 13:14:34] info 	/api/pruebaOracle/prueba
[🔔 Mar-22-2022 13:14:34] info 	localhost:3000
[🔔 Mar-22-2022 13:14:34] info 	GET
[🔔 Mar-22-2022 13:14:34] warn 	hola warn
[🔔 Mar-22-2022 13:14:34] info 	/api/pruebaOracle/prueba
[🔔 Mar-22-2022 13:14:34] info 	localhost:3000
[🔔 Mar-22-2022 13:14:34] info 	GET
[🔔 Mar-22-2022 13:14:34] warn 	hola warn
[🔔 Mar-22-2022 13:14:34] info 	/api/pruebaOracle/prueba
[🔔 Mar-22-2022 13:14:34] info 	localhost:3000
[🔔 Mar-22-2022 13:14:34] info 	GET
[🔔 Mar-22-2022 13:14:34] warn 	hola warn
[🔔 Mar-22-2022 13:14:35] info 	/api/pruebaOracle/prueba
[🔔 Mar-22-2022 13:14:35] info 	localhost:3000
[🔔 Mar-22-2022 13:14:35] info 	GET
[🔔 Mar-22-2022 13:14:35] warn 	hola warn
[🔔 Mar-22-2022 13:14:35] info 	/api/pruebaOracle/prueba
[🔔 Mar-22-2022 13:14:35] info 	localhost:3000
[🔔 Mar-22-2022 13:14:35] info 	GET
[🔔 Mar-22-2022 13:14:35] warn 	hola warn
[🔔 Mar-22-2022 13:14:35] info 	/api/pruebaOracle/prueba
[🔔 Mar-22-2022 13:14:35] info 	localhost:3000
[🔔 Mar-22-2022 13:14:35] info 	GET
[🔔 Mar-22-2022 13:14:35] warn 	hola warn
[🔔 Mar-22-2022 13:14:35] info 	/api/pruebaOracle/prueba
[🔔 Mar-22-2022 13:14:35] info 	localhost:3000
[🔔 Mar-22-2022 13:14:35] info 	GET
[🔔 Mar-22-2022 13:14:35] warn 	hola warn
[🔔 Mar-22-2022 13:14:35] info 	/api/pruebaOracle/prueba
[🔔 Mar-22-2022 13:14:35] info 	localhost:3000
[🔔 Mar-22-2022 13:14:35] info 	GET
[🔔 Mar-22-2022 13:14:35] warn 	hola warn
[🔔 Mar-22-2022 13:14:35] info 	/api/pruebaOracle/prueba
[🔔 Mar-22-2022 13:14:35] info 	localhost:3000
[🔔 Mar-22-2022 13:14:35] info 	GET
[🔔 Mar-22-2022 13:14:35] warn 	hola warn
[🔔 Mar-22-2022 13:14:35] info 	/api/pruebaOracle/prueba
[🔔 Mar-22-2022 13:14:35] info 	localhost:3000
[🔔 Mar-22-2022 13:14:35] info 	GET
[🔔 Mar-22-2022 13:14:35] warn 	hola warn
[🔔 Mar-22-2022 13:14:35] info 	/api/pruebaOracle/prueba
[🔔 Mar-22-2022 13:14:35] info 	localhost:3000
[🔔 Mar-22-2022 13:14:35] info 	GET
[🔔 Mar-22-2022 13:14:35] warn 	hola warn
[🔔 Mar-22-2022 13:14:36] info 	/api/pruebaOracle/prueba
[🔔 Mar-22-2022 13:14:36] info 	localhost:3000
[🔔 Mar-22-2022 13:14:36] info 	GET
[🔔 Mar-22-2022 13:14:36] warn 	hola warn
[🔔 Mar-22-2022 13:14:36] info 	/api/pruebaOracle/prueba
[🔔 Mar-22-2022 13:14:36] info 	localhost:3000
[🔔 Mar-22-2022 13:14:36] info 	GET
[🔔 Mar-22-2022 13:14:36] warn 	hola warn
[🔔 Mar-22-2022 13:14:36] info 	/api/pruebaOracle/prueba
[🔔 Mar-22-2022 13:14:36] info 	localhost:3000
[🔔 Mar-22-2022 13:14:36] info 	GET
[🔔 Mar-22-2022 13:14:36] warn 	hola warn
[🔔 Mar-22-2022 13:14:36] info 	/api/pruebaOracle/prueba
[🔔 Mar-22-2022 13:14:36] info 	localhost:3000
[🔔 Mar-22-2022 13:14:36] info 	GET
[🔔 Mar-22-2022 13:14:36] warn 	hola warn
[🔔 Mar-22-2022 13:14:36] info 	/api/pruebaOracle/prueba
[🔔 Mar-22-2022 13:14:36] info 	localhost:3000
[🔔 Mar-22-2022 13:14:36] info 	GET
[🔔 Mar-22-2022 13:14:36] warn 	hola warn
[🔔 Mar-22-2022 13:14:36] info 	/api/pruebaOracle/prueba
[🔔 Mar-22-2022 13:14:36] info 	localhost:3000
[🔔 Mar-22-2022 13:14:36] info 	GET
[🔔 Mar-22-2022 13:14:36] warn 	hola warn
[🔔 Mar-22-2022 13:14:36] info 	/api/pruebaOracle/prueba
[🔔 Mar-22-2022 13:14:36] info 	localhost:3000
[🔔 Mar-22-2022 13:14:36] info 	GET
[🔔 Mar-22-2022 13:14:36] warn 	hola warn
[🔔 Mar-22-2022 13:14:37] info 	/api/pruebaOracle/prueba
[🔔 Mar-22-2022 13:14:37] info 	localhost:3000
[🔔 Mar-22-2022 13:14:37] info 	GET
[🔔 Mar-22-2022 13:14:37] warn 	hola warn
[🔔 Mar-22-2022 13:14:37] info 	/api/pruebaOracle/prueba
[🔔 Mar-22-2022 13:14:37] info 	localhost:3000
[🔔 Mar-22-2022 13:14:37] info 	GET
[🔔 Mar-22-2022 13:14:37] warn 	hola warn
[🔔 Mar-22-2022 13:14:37] info 	/api/pruebaOracle/prueba
[🔔 Mar-22-2022 13:14:37] info 	localhost:3000
[🔔 Mar-22-2022 13:14:37] info 	GET
[🔔 Mar-22-2022 13:14:37] warn 	hola warn
[🔔 Mar-22-2022 13:14:37] info 	/api/pruebaOracle/prueba
[🔔 Mar-22-2022 13:14:37] info 	localhost:3000
[🔔 Mar-22-2022 13:14:37] info 	GET
[🔔 Mar-22-2022 13:14:37] warn 	hola warn
[🔔 Mar-22-2022 13:14:37] info 	/api/pruebaOracle/prueba
[🔔 Mar-22-2022 13:14:37] info 	localhost:3000
[🔔 Mar-22-2022 13:14:37] info 	GET
[🔔 Mar-22-2022 13:14:37] warn 	hola warn
[🔔 Mar-22-2022 13:14:37] info 	/api/pruebaOracle/prueba
[🔔 Mar-22-2022 13:14:37] info 	localhost:3000
[🔔 Mar-22-2022 13:14:37] info 	GET
[🔔 Mar-22-2022 13:14:37] warn 	hola warn
[🔔 Mar-22-2022 13:14:38] info 	/api/pruebaOracle/prueba
[🔔 Mar-22-2022 13:14:38] info 	localhost:3000
[🔔 Mar-22-2022 13:14:38] info 	GET
[🔔 Mar-22-2022 13:14:38] warn 	hola warn
[🔔 Mar-22-2022 13:14:38] info 	/api/pruebaOracle/prueba
[🔔 Mar-22-2022 13:14:38] info 	localhost:3000
[🔔 Mar-22-2022 13:14:38] info 	GET
[🔔 Mar-22-2022 13:14:38] warn 	hola warn
[🔔 Mar-22-2022 13:14:38] info 	/api/pruebaOracle/prueba
[🔔 Mar-22-2022 13:14:38] info 	localhost:3000
[🔔 Mar-22-2022 13:14:38] info 	GET
[🔔 Mar-22-2022 13:14:38] warn 	hola warn
[🔔 Mar-22-2022 13:14:38] info 	/api/pruebaOracle/prueba
[🔔 Mar-22-2022 13:14:38] info 	localhost:3000
[🔔 Mar-22-2022 13:14:38] info 	GET
[🔔 Mar-22-2022 13:14:38] warn 	hola warn
[🔔 Mar-22-2022 13:14:38] info 	/api/pruebaOracle/prueba
[🔔 Mar-22-2022 13:14:38] info 	localhost:3000
[🔔 Mar-22-2022 13:14:38] info 	GET
[🔔 Mar-22-2022 13:14:38] warn 	hola warn
[🔔 Mar-22-2022 13:14:39] info 	/api/pruebaOracle/prueba
[🔔 Mar-22-2022 13:14:39] info 	localhost:3000
[🔔 Mar-22-2022 13:14:39] info 	GET
[🔔 Mar-22-2022 13:14:39] warn 	hola warn
[🔔 Mar-22-2022 13:14:39] info 	/api/pruebaOracle/prueba
[🔔 Mar-22-2022 13:14:39] info 	localhost:3000
[🔔 Mar-22-2022 13:14:39] info 	GET
[🔔 Mar-22-2022 13:14:39] warn 	hola warn
[🔔 Mar-22-2022 13:14:39] info 	/api/pruebaOracle/prueba
[🔔 Mar-22-2022 13:14:39] info 	localhost:3000
[🔔 Mar-22-2022 13:14:39] info 	GET
[🔔 Mar-22-2022 13:14:39] warn 	hola warn
[🔔 Mar-22-2022 13:14:39] info 	/api/pruebaOracle/prueba
[🔔 Mar-22-2022 13:14:39] info 	localhost:3000
[🔔 Mar-22-2022 13:14:39] info 	GET
[🔔 Mar-22-2022 13:14:39] warn 	hola warn
[🔔 Mar-22-2022 13:14:40] info 	/api/pruebaOracle/prueba
[🔔 Mar-22-2022 13:14:40] info 	localhost:3000
[🔔 Mar-22-2022 13:14:40] info 	GET
[🔔 Mar-22-2022 13:14:40] warn 	hola warn
[🔔 Mar-22-2022 13:14:40] info 	/api/pruebaOracle/prueba
[🔔 Mar-22-2022 13:14:40] info 	localhost:3000
[🔔 Mar-22-2022 13:14:40] info 	GET
[🔔 Mar-22-2022 13:14:40] warn 	hola warn
[🔔 Mar-22-2022 13:14:41] info 	/api/pruebaOracle/prueba
[🔔 Mar-22-2022 13:14:41] info 	localhost:3000
[🔔 Mar-22-2022 13:14:41] info 	GET
[🔔 Mar-22-2022 13:14:41] warn 	hola warn
[🔔 Mar-22-2022 13:14:41] info 	/api/pruebaOracle/prueba
[🔔 Mar-22-2022 13:14:41] info 	localhost:3000
[🔔 Mar-22-2022 13:14:41] info 	GET
[🔔 Mar-22-2022 13:14:41] warn 	hola warn
[🔔 Mar-22-2022 13:14:41] info 	/api/pruebaOracle/prueba
[🔔 Mar-22-2022 13:14:41] info 	localhost:3000
[🔔 Mar-22-2022 13:14:41] info 	GET
[🔔 Mar-22-2022 13:14:41] warn 	hola warn
[🔔 Mar-22-2022 13:14:41] info 	/api/pruebaOracle/prueba
[🔔 Mar-22-2022 13:14:41] info 	localhost:3000
[🔔 Mar-22-2022 13:14:41] info 	GET
[🔔 Mar-22-2022 13:14:41] warn 	hola warn
[🔔 Mar-22-2022 13:14:42] info 	/api/pruebaOracle/prueba
[🔔 Mar-22-2022 13:14:42] info 	localhost:3000
[🔔 Mar-22-2022 13:14:42] info 	GET
[🔔 Mar-22-2022 13:14:42] warn 	hola warn
[🔔 Mar-22-2022 13:14:42] info 	/api/pruebaOracle/prueba
[🔔 Mar-22-2022 13:14:42] info 	localhost:3000
[🔔 Mar-22-2022 13:14:42] info 	GET
[🔔 Mar-22-2022 13:14:42] warn 	hola warn
[🔔 Mar-22-2022 13:14:42] info 	/api/pruebaOracle/prueba
[🔔 Mar-22-2022 13:14:42] info 	localhost:3000
[🔔 Mar-22-2022 13:14:42] info 	GET
[🔔 Mar-22-2022 13:14:42] warn 	hola warn
[🔔 Mar-22-2022 13:14:43] info 	/api/pruebaOracle/prueba
[🔔 Mar-22-2022 13:14:43] info 	localhost:3000
[🔔 Mar-22-2022 13:14:43] info 	GET
[🔔 Mar-22-2022 13:14:43] warn 	hola warn
[🔔 Mar-22-2022 13:14:43] info 	/api/pruebaOracle/prueba
[🔔 Mar-22-2022 13:14:43] info 	localhost:3000
[🔔 Mar-22-2022 13:14:43] info 	GET
[🔔 Mar-22-2022 13:14:43] warn 	hola warn
[🔔 Mar-22-2022 13:14:43] info 	/api/pruebaOracle/prueba
[🔔 Mar-22-2022 13:14:43] info 	localhost:3000
[🔔 Mar-22-2022 13:14:43] info 	GET
[🔔 Mar-22-2022 13:14:43] warn 	hola warn
[🔔 Mar-22-2022 13:14:43] info 	/api/pruebaOracle/prueba
[🔔 Mar-22-2022 13:14:43] info 	localhost:3000
[🔔 Mar-22-2022 13:14:43] info 	GET
[🔔 Mar-22-2022 13:14:43] warn 	hola warn
[🔔 Mar-22-2022 13:14:43] info 	/api/pruebaOracle/prueba
[🔔 Mar-22-2022 13:14:43] info 	localhost:3000
[🔔 Mar-22-2022 13:14:43] info 	GET
[🔔 Mar-22-2022 13:14:43] warn 	hola warn
[🔔 Mar-22-2022 13:14:43] info 	/api/pruebaOracle/prueba
[🔔 Mar-22-2022 13:14:43] info 	localhost:3000
[🔔 Mar-22-2022 13:14:43] info 	GET
[🔔 Mar-22-2022 13:14:43] warn 	hola warn
[🔔 Mar-22-2022 13:14:44] info 	/api/pruebaOracle/prueba
[🔔 Mar-22-2022 13:14:44] info 	localhost:3000
[🔔 Mar-22-2022 13:14:44] info 	GET
[🔔 Mar-22-2022 13:14:44] warn 	hola warn
[🔔 Mar-22-2022 13:14:44] info 	/api/pruebaOracle/prueba
[🔔 Mar-22-2022 13:14:44] info 	localhost:3000
[🔔 Mar-22-2022 13:14:44] info 	GET
[🔔 Mar-22-2022 13:14:44] warn 	hola warn
[🔔 Mar-22-2022 13:14:44] info 	/api/pruebaOracle/prueba
[🔔 Mar-22-2022 13:14:44] info 	localhost:3000
[🔔 Mar-22-2022 13:14:44] info 	GET
[🔔 Mar-22-2022 13:14:44] warn 	hola warn
[🔔 Mar-22-2022 13:14:44] info 	/api/pruebaOracle/prueba
[🔔 Mar-22-2022 13:14:44] info 	localhost:3000
[🔔 Mar-22-2022 13:14:44] info 	GET
[🔔 Mar-22-2022 13:14:44] warn 	hola warn
[🔔 Mar-22-2022 13:14:44] info 	/api/pruebaOracle/prueba
[🔔 Mar-22-2022 13:14:44] info 	localhost:3000
[🔔 Mar-22-2022 13:14:44] info 	GET
[🔔 Mar-22-2022 13:14:44] warn 	hola warn
[🔔 Mar-22-2022 13:14:44] info 	/api/pruebaOracle/prueba
[🔔 Mar-22-2022 13:14:44] info 	localhost:3000
[🔔 Mar-22-2022 13:14:44] info 	GET
[🔔 Mar-22-2022 13:14:44] warn 	hola warn
[🔔 Mar-22-2022 13:14:45] info 	/api/pruebaOracle/prueba
[🔔 Mar-22-2022 13:14:45] info 	localhost:3000
[🔔 Mar-22-2022 13:14:45] info 	GET
[🔔 Mar-22-2022 13:14:45] warn 	hola warn
[🔔 Mar-22-2022 13:14:45] info 	/api/pruebaOracle/prueba
[🔔 Mar-22-2022 13:14:45] info 	localhost:3000
[🔔 Mar-22-2022 13:14:45] info 	GET
[🔔 Mar-22-2022 13:14:45] warn 	hola warn
[🔔 Mar-22-2022 13:16:00] info 	Servidor corriendo en el puerto 3000
[🔔 Mar-22-2022 13:16:00] error 	NJS-046: poolAlias "BGPOOL" already exists in the connection pool cache
[🔔 Mar-22-2022 13:16:00] error 	Error en al conexion a la base de datos GANADERO GANADERO 172.16.1.23:1521/BGDB TypeError: Cannot read property 'getConnection' of undefined
[🔔 Mar-22-2022 13:16:00] info 	Conexion exitosa a oracle 172.16.1.23:1521/BGDB
[🔔 Mar-22-2022 13:16:02] info 	/api/pruebaOracle/prueba
[🔔 Mar-22-2022 13:16:02] info 	localhost:3000
[🔔 Mar-22-2022 13:16:02] info 	GET
[🔔 Mar-22-2022 13:16:02] warn 	hola warn
[🔔 Mar-22-2022 13:16:02] info 	/api/pruebaOracle/prueba
[🔔 Mar-22-2022 13:16:02] info 	localhost:3000
[🔔 Mar-22-2022 13:16:02] info 	GET
[🔔 Mar-22-2022 13:16:02] warn 	hola warn
[🔔 Mar-22-2022 13:16:03] info 	/api/pruebaOracle/prueba
[🔔 Mar-22-2022 13:16:03] info 	localhost:3000
[🔔 Mar-22-2022 13:16:03] info 	GET
[🔔 Mar-22-2022 13:16:03] warn 	hola warn
[🔔 Mar-22-2022 13:16:03] info 	/api/pruebaOracle/prueba
[🔔 Mar-22-2022 13:16:03] info 	localhost:3000
[🔔 Mar-22-2022 13:16:03] info 	GET
[🔔 Mar-22-2022 13:16:03] warn 	hola warn
[🔔 Mar-22-2022 13:16:04] info 	/api/pruebaOracle/prueba
[🔔 Mar-22-2022 13:16:04] info 	localhost:3000
[🔔 Mar-22-2022 13:16:04] info 	GET
[🔔 Mar-22-2022 13:16:04] warn 	hola warn
[🔔 Mar-22-2022 13:16:04] info 	/api/pruebaOracle/prueba
[🔔 Mar-22-2022 13:16:04] info 	localhost:3000
[🔔 Mar-22-2022 13:16:04] info 	GET
[🔔 Mar-22-2022 13:16:04] warn 	hola warn
[🔔 Mar-22-2022 13:16:05] info 	/api/pruebaOracle/prueba
[🔔 Mar-22-2022 13:16:05] info 	localhost:3000
[🔔 Mar-22-2022 13:16:05] info 	GET
[🔔 Mar-22-2022 13:16:05] warn 	hola warn
[🔔 Mar-22-2022 13:16:06] info 	/api/pruebaOracle/prueba
[🔔 Mar-22-2022 13:16:06] info 	localhost:3000
[🔔 Mar-22-2022 13:16:06] info 	GET
[🔔 Mar-22-2022 13:16:06] warn 	hola warn
[🔔 Mar-22-2022 13:16:06] info 	/api/pruebaOracle/prueba
[🔔 Mar-22-2022 13:16:06] info 	localhost:3000
[🔔 Mar-22-2022 13:16:06] info 	GET
[🔔 Mar-22-2022 13:16:06] warn 	hola warn
[🔔 Mar-22-2022 13:29:20] info 	/api/pruebaOracle/delete/4
[🔔 Mar-22-2022 13:29:20] info 	localhost:3000
[🔔 Mar-22-2022 13:29:20] info 	DELETE
[🔔 Mar-22-2022 13:32:19] info 	Servidor corriendo en el puerto 3000
[🔔 Mar-22-2022 13:32:19] error 	NJS-046: poolAlias "BGPOOL" already exists in the connection pool cache
[🔔 Mar-22-2022 13:32:19] error 	Error en al conexion a la base de datos GANADERO GANADERO 172.16.1.23:1521/BGDB TypeError: Cannot read property 'getConnection' of undefined
[🔔 Mar-22-2022 13:32:19] info 	Conexion exitosa a oracle 172.16.1.23:1521/BGDB
[🔔 Mar-22-2022 13:32:26] info 	/api/pruebaOracle/delete/4
[🔔 Mar-22-2022 13:32:26] info 	localhost:3000
[🔔 Mar-22-2022 13:32:26] info 	DELETE
[🔔 Mar-22-2022 13:32:31] info 	/api/pruebaOracle/prueba
[🔔 Mar-22-2022 13:32:31] info 	localhost:3000
[🔔 Mar-22-2022 13:32:31] info 	GET
[🔔 Mar-22-2022 13:32:31] warn 	hola warn
[🔔 Mar-22-2022 13:32:35] info 	/api/pruebaOracle/delete/4
[🔔 Mar-22-2022 13:32:35] info 	localhost:3000
[🔔 Mar-22-2022 13:32:35] info 	DELETE
[🔔 Mar-22-2022 13:33:24] info 	/api/pruebaOracle/insert
[🔔 Mar-22-2022 13:33:24] info 	localhost:3000
[🔔 Mar-22-2022 13:33:24] info 	POST
[🔔 Mar-22-2022 13:33:31] info 	/api/pruebaOracle/insert
[🔔 Mar-22-2022 13:33:31] info 	localhost:3000
[🔔 Mar-22-2022 13:33:31] info 	POST
[🔔 Mar-22-2022 13:33:39] info 	/api/pruebaOracle/prueba
[🔔 Mar-22-2022 13:33:39] info 	localhost:3000
[🔔 Mar-22-2022 13:33:39] info 	GET
[🔔 Mar-22-2022 13:33:39] warn 	hola warn
[🔔 Mar-22-2022 13:33:57] info 	/api/pruebaOracle/delete/4
[🔔 Mar-22-2022 13:33:57] info 	localhost:3000
[🔔 Mar-22-2022 13:33:57] info 	DELETE
[🔔 Mar-22-2022 13:34:23] error 	ORA-01722: invalid number
[🔔 Mar-22-2022 13:34:23] error 	Parametro de eliminacion incorrecto: 4wqd
[🔔 Mar-22-2022 13:36:20] info 	Servidor corriendo en el puerto 3000
[🔔 Mar-22-2022 13:36:20] error 	NJS-046: poolAlias "BGPOOL" already exists in the connection pool cache
[🔔 Mar-22-2022 13:36:20] error 	Error en al conexion a la base de datos GANADERO GANADERO 172.16.1.23:1521/BGDB TypeError: Cannot read property 'getConnection' of undefined
[🔔 Mar-22-2022 13:36:20] info 	Conexion exitosa a oracle 172.16.1.23:1521/BGDB
[🔔 Mar-22-2022 13:36:27] info 	/api/pruebaOracle/prueba
[🔔 Mar-22-2022 13:36:27] info 	localhost:3000
[🔔 Mar-22-2022 13:36:27] info 	GET
[🔔 Mar-22-2022 13:36:27] warn 	hola warn
[🔔 Mar-22-2022 13:36:27] info 	Conexion cerrada
[🔔 Mar-22-2022 13:36:32] error 	NJS-003: invalid connection
[🔔 Mar-22-2022 13:36:32] error 	Parametro de eliminacion incorrecto: 6
[🔔 Mar-22-2022 13:36:48] error 	NJS-003: invalid connection
[🔔 Mar-22-2022 13:37:17] info 	Servidor corriendo en el puerto 3000
[🔔 Mar-22-2022 13:37:17] error 	NJS-046: poolAlias "BGPOOL" already exists in the connection pool cache
[🔔 Mar-22-2022 13:37:17] error 	Error en al conexion a la base de datos GANADERO GANADERO 172.16.1.23:1521/BGDB TypeError: Cannot read property 'getConnection' of undefined
[🔔 Mar-22-2022 13:37:17] info 	Conexion exitosa a oracle 172.16.1.23:1521/BGDB
[🔔 Mar-22-2022 13:38:19] info 	Servidor corriendo en el puerto 3000
[🔔 Mar-22-2022 13:38:19] error 	NJS-046: poolAlias "BGPOOL" already exists in the connection pool cache
[🔔 Mar-22-2022 13:38:19] error 	Error en al conexion a la base de datos GANADERO GANADERO 172.16.1.23:1521/BGDB TypeError: Cannot read property 'getConnection' of undefined
[🔔 Mar-22-2022 13:38:19] info 	Conexion exitosa a oracle 172.16.1.23:1521/BGDB
[🔔 Mar-22-2022 13:38:46] info 	/api/pruebaOracle/prueba
[🔔 Mar-22-2022 13:38:46] info 	localhost:3000
[🔔 Mar-22-2022 13:38:46] info 	GET
[🔔 Mar-22-2022 13:38:46] warn 	hola warn
[🔔 Mar-22-2022 13:38:49] error 	NJS-003: invalid connection
[🔔 Mar-22-2022 13:39:12] error 	NJS-003: invalid connection
[🔔 Mar-22-2022 13:41:24] info 	Servidor corriendo en el puerto 3000
[🔔 Mar-22-2022 13:41:24] error 	NJS-046: poolAlias "BGPOOL" already exists in the connection pool cache
[🔔 Mar-22-2022 13:41:24] error 	Error en al conexion a la base de datos GANADERO GANADERO 172.16.1.23:1521/BGDB TypeError: Cannot read property 'getConnection' of undefined
[🔔 Mar-22-2022 13:41:24] info 	Conexion exitosa a oracle 172.16.1.23:1521/BGDB
[🔔 Mar-22-2022 13:41:36] info 	/api/pruebaOracle/prueba
[🔔 Mar-22-2022 13:41:36] info 	localhost:3000
[🔔 Mar-22-2022 13:41:36] info 	GET
[🔔 Mar-22-2022 13:41:36] warn 	hola warn
[🔔 Mar-22-2022 13:41:39] info 	/api/pruebaOracle/insert
[🔔 Mar-22-2022 13:41:39] info 	localhost:3000
[🔔 Mar-22-2022 13:41:39] info 	POST
[🔔 Mar-22-2022 13:41:41] info 	/api/pruebaOracle/prueba
[🔔 Mar-22-2022 13:41:41] info 	localhost:3000
[🔔 Mar-22-2022 13:41:41] info 	GET
[🔔 Mar-22-2022 13:41:41] warn 	hola warn
[🔔 Mar-22-2022 13:41:42] info 	/api/pruebaOracle/prueba
[🔔 Mar-22-2022 13:41:42] info 	localhost:3000
[🔔 Mar-22-2022 13:41:42] info 	GET
[🔔 Mar-22-2022 13:41:42] warn 	hola warn
[🔔 Mar-22-2022 13:41:43] info 	/api/pruebaOracle/prueba
[🔔 Mar-22-2022 13:41:43] info 	localhost:3000
[🔔 Mar-22-2022 13:41:43] info 	GET
[🔔 Mar-22-2022 13:41:43] warn 	hola warn
[🔔 Mar-22-2022 13:42:06] info 	Servidor corriendo en el puerto 3000
[🔔 Mar-22-2022 13:42:06] error 	NJS-046: poolAlias "BGPOOL" already exists in the connection pool cache
[🔔 Mar-22-2022 13:42:06] error 	Error en al conexion a la base de datos GANADERO GANADERO 172.16.1.23:1521/BGDB TypeError: Cannot read property 'getConnection' of undefined
[🔔 Mar-22-2022 13:42:06] info 	Conexion exitosa a oracle 172.16.1.23:1521/BGDB
[🔔 Mar-22-2022 13:48:42] info 	Servidor corriendo en el puerto 3000
[🔔 Mar-22-2022 13:48:42] error 	NJS-046: poolAlias "BGPOOL" already exists in the connection pool cache
[🔔 Mar-22-2022 13:48:42] error 	Error en al conexion a la base de datos GANADERO GANADERO 172.16.1.23:1521/BGDB TypeError: Cannot read property 'getConnection' of undefined
[🔔 Mar-22-2022 13:48:42] info 	Conexion exitosa a oracle 172.16.1.23:1521/BGDB
[🔔 Mar-22-2022 13:49:31] info 	Servidor corriendo en el puerto 3000
[🔔 Mar-22-2022 13:49:31] info 	Conexion exitosa a oracle 172.16.1.23:1521/BGDB
[🔔 Mar-22-2022 13:49:37] info 	/api/pruebaOracle/prueba
[🔔 Mar-22-2022 13:49:37] info 	localhost:3000
[🔔 Mar-22-2022 13:49:37] info 	GET
[🔔 Mar-22-2022 13:49:37] warn 	hola warn
[🔔 Mar-22-2022 13:49:41] info 	/api/pruebaOracle/insert
[🔔 Mar-22-2022 13:49:41] info 	localhost:3000
[🔔 Mar-22-2022 13:49:41] info 	POST
[🔔 Mar-22-2022 13:49:43] error 	ORA-00001: unique constraint (GANADERO.SYS_C00860913) violated
[🔔 Mar-22-2022 13:49:47] info 	/api/pruebaOracle/prueba
[🔔 Mar-22-2022 13:49:47] info 	localhost:3000
[🔔 Mar-22-2022 13:49:47] info 	GET
[🔔 Mar-22-2022 13:49:47] warn 	hola warn
[🔔 Mar-22-2022 13:51:25] info 	Servidor corriendo en el puerto 3000
[🔔 Mar-22-2022 13:51:25] info 	Conexion exitosa a oracle 172.16.1.23:1521/BGDB
[🔔 Mar-22-2022 14:04:19] error 	Error en al conexion a la base de datos GANADERO GANADERO 172.16.1.23:1521/BGDB TypeError: this.conexion.getConnection is not a function
[🔔 Mar-22-2022 14:04:19] info 	Servidor corriendo en el puerto 3000
[🔔 Mar-22-2022 14:04:51] info 	Servidor corriendo en el puerto 3000
[🔔 Mar-22-2022 14:04:51] info 	Conexion exitosa a oracle 172.16.1.23:1521/BGDB
[🔔 Mar-22-2022 14:07:55] info 	Servidor corriendo en el puerto 3000
[🔔 Mar-22-2022 14:07:55] info 	Conexion exitosa a oracle 172.16.1.23:1521/BGDB
[🔔 Mar-22-2022 16:11:15] info 	Servidor corriendo en el puerto 3000
[🔔 Mar-22-2022 16:11:15] info 	Conexion exitosa a oracle 172.16.1.23:1521/BGDB
[🔔 Mar-22-2022 16:12:00] info 	Servidor corriendo en el puerto 3000
[🔔 Mar-22-2022 16:12:00] info 	Conexion exitosa a oracle 172.16.1.23:1521/BGDB
[🔔 Mar-22-2022 16:12:10] info 	Servidor corriendo en el puerto 3000
[🔔 Mar-22-2022 16:12:10] error 	Error en al conexion a la base de datos GANADERO GANADERO 172.16.1.23:1521/BGDB TypeError: Cannot read property 'getConnection' of undefined
[🔔 Mar-22-2022 16:12:58] info 	Conexion exitosa a oracle 172.16.1.23:1521/BGDB
[🔔 Mar-22-2022 16:12:58] info 	Servidor corriendo en el puerto 3000
[🔔 Mar-22-2022 16:13:12] info 	Conexion exitosa a oracle 172.16.1.23:1521/BGDB
[🔔 Mar-22-2022 16:13:12] info 	Servidor corriendo en el puerto 3000
[🔔 Mar-22-2022 16:13:32] info 	Servidor corriendo en el puerto 3000
[🔔 Mar-22-2022 16:13:32] error 	Error en al conexion a la base de datos GANADERO GANADERO 172.16.1.23:1521/BGDB Error: NJS-047: poolAlias "BGPOOL" not found in the connection pool cache
[🔔 Mar-22-2022 16:14:07] info 	Servidor corriendo en el puerto 3000
[🔔 Mar-22-2022 16:14:07] error 	Error en al conexion a la base de datos GANADERO GANADERO 172.16.1.23:1521/BGDB Error: NJS-047: poolAlias "BGPOOL" not found in the connection pool cache
[🔔 Mar-22-2022 16:14:44] info 	Servidor corriendo en el puerto 3000
[🔔 Mar-22-2022 16:14:44] info 	Conexion exitosa a oracle 172.16.1.23:1521/BGDB
[🔔 Mar-22-2022 16:16:35] info 	Conexion exitosa a oracle 172.16.1.23:1521/BGDB
[🔔 Mar-22-2022 16:16:35] info 	Servidor corriendo en el puerto 3000
[🔔 Mar-22-2022 16:16:35] info 	Conexion cerrada
[🔔 Mar-22-2022 16:16:59] info 	Conexion exitosa a oracle 172.16.1.23:1521/BGDB
[🔔 Mar-22-2022 16:16:59] info 	Servidor corriendo en el puerto 3000
[🔔 Mar-22-2022 16:16:59] info 	Conexion cerrada
[🔔 Mar-22-2022 16:17:45] info 	Conexion exitosa a oracle 172.16.1.23:1521/BGDB
[🔔 Mar-22-2022 16:17:45] info 	Servidor corriendo en el puerto 3000
[🔔 Mar-22-2022 16:17:45] info 	Conexion cerrada
[🔔 Mar-22-2022 16:17:53] info 	Conexion exitosa a oracle 172.16.1.23:1521/BGDB
[🔔 Mar-22-2022 16:17:53] info 	Servidor corriendo en el puerto 3000
[🔔 Mar-22-2022 16:18:11] error 	Cannot read property 'execute' of undefined
[🔔 Mar-22-2022 16:23:07] info 	Conexion exitosa a oracle 172.16.1.23:1521/BGDB
[🔔 Mar-22-2022 16:23:07] info 	Servidor corriendo en el puerto 3000
[🔔 Mar-22-2022 16:23:16] error 	Cannot read property 'execute' of undefined
[🔔 Mar-22-2022 16:25:01] info 	Conexion exitosa a oracle 172.16.1.23:1521/BGDB
[🔔 Mar-22-2022 16:25:01] info 	Servidor corriendo en el puerto 3000
[🔔 Mar-22-2022 16:25:07] error 	Cannot read property 'resultSet' of undefined
[🔔 Mar-22-2022 16:25:24] info 	Conexion exitosa a oracle 172.16.1.23:1521/BGDB
[🔔 Mar-22-2022 16:25:24] info 	Servidor corriendo en el puerto 3000
[🔔 Mar-22-2022 16:25:31] info 	/api/pruebaOracle/prueba
[🔔 Mar-22-2022 16:25:31] info 	localhost:3000
[🔔 Mar-22-2022 16:25:31] info 	GET
[🔔 Mar-22-2022 16:25:31] warn 	hola warn
[🔔 Mar-22-2022 16:25:48] info 	Conexion exitosa a oracle 172.16.1.23:1521/BGDB
[🔔 Mar-22-2022 16:25:48] info 	Servidor corriendo en el puerto 3000
[🔔 Mar-22-2022 16:25:51] info 	/api/pruebaOracle/prueba
[🔔 Mar-22-2022 16:25:51] info 	localhost:3000
[🔔 Mar-22-2022 16:25:51] info 	GET
[🔔 Mar-22-2022 16:25:51] warn 	hola warn
[🔔 Mar-22-2022 16:26:36] info 	Conexion exitosa a oracle 172.16.1.23:1521/BGDB
[🔔 Mar-22-2022 16:26:36] info 	Servidor corriendo en el puerto 3000
[🔔 Mar-22-2022 16:26:36] info 	{"_events":{},"_eventsCount":2,"_queueTimeout":60000,"_queueMax":500,"_enableStatistics":false,"edition":"","events":false,"externalAuth":false,"homogeneous":true,"user":"GANADERO","connectString":"172.16.1.23:1521/BGDB","queueMax":500,"queueTimeout":60000,"enableStatistics":false,"poolAlias":"BGPOOL","status":6000,"_timeOfReset":1647980796651,"_totalConnectionRequests":0,"_totalRequestsEnqueued":0,"_totalRequestsDequeued":0,"_totalFailedRequests":0,"_totalRequestsRejected":0,"_totalRequestTimeouts":0,"_maximumQueueLength":0,"_totalTimeInQueue":0,"_minTimeInQueue":0,"_maxTimeInQueue":0}
[🔔 Mar-22-2022 16:27:19] info 	Conexion exitosa a oracle 172.16.1.23:1521/BGDB
[🔔 Mar-22-2022 16:27:19] info 	Servidor corriendo en el puerto 3000
[🔔 Mar-22-2022 16:27:19] info 	{"_events":{},"_eventsCount":2,"_queueTimeout":60000,"_queueMax":500,"_enableStatistics":false,"edition":"","events":false,"externalAuth":false,"homogeneous":true,"user":"GANADERO","connectString":"172.16.1.23:1521/BGDB","queueMax":500,"queueTimeout":60000,"enableStatistics":false,"poolAlias":"BGPOOL","status":6000,"_timeOfReset":1647980839533,"_totalConnectionRequests":0,"_totalRequestsEnqueued":0,"_totalRequestsDequeued":0,"_totalFailedRequests":0,"_totalRequestsRejected":0,"_totalRequestTimeouts":0,"_maximumQueueLength":0,"_totalTimeInQueue":0,"_minTimeInQueue":0,"_maxTimeInQueue":0}
[🔔 Mar-22-2022 16:27:29] info 	/api/pruebaOracle/prueba
[🔔 Mar-22-2022 16:27:29] info 	localhost:3000
[🔔 Mar-22-2022 16:27:29] info 	GET
[🔔 Mar-22-2022 16:27:29] warn 	hola warn
[🔔 Mar-22-2022 16:29:10] info 	Conexion exitosa a oracle 172.16.1.23:1521/BGDB
[🔔 Mar-22-2022 16:29:10] info 	Servidor corriendo en el puerto 3000
[🔔 Mar-22-2022 16:29:10] info 	{"_events":{},"_eventsCount":2,"_queueTimeout":60000,"_queueMax":500,"_enableStatistics":false,"edition":"","events":false,"externalAuth":false,"homogeneous":true,"user":"GANADERO","connectString":"172.16.1.23:1521/BGDB","queueMax":500,"queueTimeout":60000,"enableStatistics":false,"poolAlias":"BGPOOL","status":6000,"_timeOfReset":1647980950373,"_totalConnectionRequests":0,"_totalRequestsEnqueued":0,"_totalRequestsDequeued":0,"_totalFailedRequests":0,"_totalRequestsRejected":0,"_totalRequestTimeouts":0,"_maximumQueueLength":0,"_totalTimeInQueue":0,"_minTimeInQueue":0,"_maxTimeInQueue":0}
[🔔 Mar-22-2022 16:29:15] error 	Cannot read property 'execute' of undefined
[🔔 Mar-22-2022 16:29:30] info 	Conexion exitosa a oracle 172.16.1.23:1521/BGDB
[🔔 Mar-22-2022 16:29:30] info 	Servidor corriendo en el puerto 3000
[🔔 Mar-22-2022 16:29:30] info 	{"_events":{},"_eventsCount":2,"_queueTimeout":60000,"_queueMax":500,"_enableStatistics":false,"edition":"","events":false,"externalAuth":false,"homogeneous":true,"user":"GANADERO","connectString":"172.16.1.23:1521/BGDB","queueMax":500,"queueTimeout":60000,"enableStatistics":false,"poolAlias":"BGPOOL","status":6000,"_timeOfReset":1647980970818,"_totalConnectionRequests":0,"_totalRequestsEnqueued":0,"_totalRequestsDequeued":0,"_totalFailedRequests":0,"_totalRequestsRejected":0,"_totalRequestTimeouts":0,"_maximumQueueLength":0,"_totalTimeInQueue":0,"_minTimeInQueue":0,"_maxTimeInQueue":0}
[🔔 Mar-22-2022 16:29:35] error 	Cannot read property 'execute' of undefined
[🔔 Mar-22-2022 16:29:41] info 	Conexion exitosa a oracle 172.16.1.23:1521/BGDB
[🔔 Mar-22-2022 16:29:41] info 	Servidor corriendo en el puerto 3000
[🔔 Mar-22-2022 16:29:41] info 	{"_events":{},"_eventsCount":2,"_queueTimeout":60000,"_queueMax":500,"_enableStatistics":false,"edition":"","events":false,"externalAuth":false,"homogeneous":true,"user":"GANADERO","connectString":"172.16.1.23:1521/BGDB","queueMax":500,"queueTimeout":60000,"enableStatistics":false,"poolAlias":"BGPOOL","status":6000,"_timeOfReset":1647980981271,"_totalConnectionRequests":0,"_totalRequestsEnqueued":0,"_totalRequestsDequeued":0,"_totalFailedRequests":0,"_totalRequestsRejected":0,"_totalRequestTimeouts":0,"_maximumQueueLength":0,"_totalTimeInQueue":0,"_minTimeInQueue":0,"_maxTimeInQueue":0}
[🔔 Mar-22-2022 16:30:47] info 	Conexion exitosa a oracle 172.16.1.23:1521/BGDB
[🔔 Mar-22-2022 16:30:47] info 	Servidor corriendo en el puerto 3000
[🔔 Mar-22-2022 16:30:47] info 	{"_events":{},"_eventsCount":2,"_queueTimeout":60000,"_queueMax":500,"_enableStatistics":false,"edition":"","events":false,"externalAuth":false,"homogeneous":true,"user":"GANADERO","connectString":"172.16.1.23:1521/BGDB","queueMax":500,"queueTimeout":60000,"enableStatistics":false,"poolAlias":"BGPOOL","status":6000,"_timeOfReset":1647981047354,"_totalConnectionRequests":0,"_totalRequestsEnqueued":0,"_totalRequestsDequeued":0,"_totalFailedRequests":0,"_totalRequestsRejected":0,"_totalRequestTimeouts":0,"_maximumQueueLength":0,"_totalTimeInQueue":0,"_minTimeInQueue":0,"_maxTimeInQueue":0}
[🔔 Mar-22-2022 16:31:19] info 	Servidor corriendo en el puerto 3000
[🔔 Mar-22-2022 16:31:19] info 	Conexion exitosa a oracle 172.16.1.23:1521/BGDB
[🔔 Mar-22-2022 16:31:26] info 	/api/pruebaOracle/prueba
[🔔 Mar-22-2022 16:31:26] info 	localhost:3000
[🔔 Mar-22-2022 16:31:26] info 	GET
[🔔 Mar-22-2022 16:31:26] warn 	hola warn
[🔔 Mar-22-2022 16:31:29] info 	/api/pruebaOracle/prueba
[🔔 Mar-22-2022 16:31:29] info 	localhost:3000
[🔔 Mar-22-2022 16:31:29] info 	GET
[🔔 Mar-22-2022 16:31:29] warn 	hola warn
[🔔 Mar-22-2022 16:31:30] info 	/api/pruebaOracle/prueba
[🔔 Mar-22-2022 16:31:30] info 	localhost:3000
[🔔 Mar-22-2022 16:31:30] info 	GET
[🔔 Mar-22-2022 16:31:30] warn 	hola warn
[🔔 Mar-22-2022 16:31:30] info 	/api/pruebaOracle/prueba
[🔔 Mar-22-2022 16:31:30] info 	localhost:3000
[🔔 Mar-22-2022 16:31:30] info 	GET
[🔔 Mar-22-2022 16:31:30] warn 	hola warn
[🔔 Mar-22-2022 16:31:31] info 	/api/pruebaOracle/prueba
[🔔 Mar-22-2022 16:31:31] info 	localhost:3000
[🔔 Mar-22-2022 16:31:31] info 	GET
[🔔 Mar-22-2022 16:31:31] warn 	hola warn
[🔔 Mar-22-2022 16:31:31] info 	/api/pruebaOracle/prueba
[🔔 Mar-22-2022 16:31:31] info 	localhost:3000
[🔔 Mar-22-2022 16:31:31] info 	GET
[🔔 Mar-22-2022 16:31:31] warn 	hola warn
[🔔 Mar-22-2022 16:31:32] info 	/api/pruebaOracle/prueba
[🔔 Mar-22-2022 16:31:32] info 	localhost:3000
[🔔 Mar-22-2022 16:31:32] info 	GET
[🔔 Mar-22-2022 16:31:32] warn 	hola warn
[🔔 Mar-22-2022 16:31:32] info 	/api/pruebaOracle/prueba
[🔔 Mar-22-2022 16:31:32] info 	localhost:3000
[🔔 Mar-22-2022 16:31:32] info 	GET
[🔔 Mar-22-2022 16:31:32] warn 	hola warn
[🔔 Mar-22-2022 16:31:33] info 	/api/pruebaOracle/prueba
[🔔 Mar-22-2022 16:31:33] info 	localhost:3000
[🔔 Mar-22-2022 16:31:33] info 	GET
[🔔 Mar-22-2022 16:31:33] warn 	hola warn
[🔔 Mar-22-2022 16:31:33] info 	/api/pruebaOracle/prueba
[🔔 Mar-22-2022 16:31:33] info 	localhost:3000
[🔔 Mar-22-2022 16:31:33] info 	GET
[🔔 Mar-22-2022 16:31:33] warn 	hola warn
[🔔 Mar-22-2022 16:31:33] info 	/api/pruebaOracle/prueba
[🔔 Mar-22-2022 16:31:33] info 	localhost:3000
[🔔 Mar-22-2022 16:31:33] info 	GET
[🔔 Mar-22-2022 16:31:33] warn 	hola warn
[🔔 Mar-22-2022 16:31:34] info 	/api/pruebaOracle/prueba
[🔔 Mar-22-2022 16:31:34] info 	localhost:3000
[🔔 Mar-22-2022 16:31:34] info 	GET
[🔔 Mar-22-2022 16:31:34] warn 	hola warn
