[🔔 Mar-21-2022 11:50:18] error 	undefined
[🔔 Mar-21-2022 11:51:40] error 	function status(code) {
  this.statusCode = code;
  return this;
}
[🔔 Mar-21-2022 11:52:25] error 	[object Object]
[🔔 Mar-21-2022 11:52:55] error 	[object Object]
[🔔 Mar-21-2022 11:53:25] error 	undefined
[🔔 Mar-21-2022 11:53:47] error 	ORA-01722: invalid number
[🔔 Mar-21-2022 11:59:41] error 	ORA-01722: invalid number
[🔔 Mar-21-2022 12:00:12] error 	ORA-01722: invalid number
[🔔 Mar-21-2022 12:02:25] error 	ORA-01722: invalid number
[🔔 Mar-21-2022 12:02:54] error 	ORA-01722: invalid number
[🔔 Mar-21-2022 12:02:54] error 	adsdsa
[🔔 Mar-21-2022 12:03:46] error 	ORA-01722: invalid number
[🔔 Mar-21-2022 12:03:46] error 	Parametro de eliminacion: adsdsa
[🔔 Mar-21-2022 15:09:23] error 	ORA-01017: invalid username/password; logon denied
[🔔 Mar-22-2022 09:59:51] error 	Error en al conexion a la base de datos undefined undefined undefined ReferenceError: connectionString is not defined
[🔔 Mar-22-2022 09:59:51] error 	Error en al conexion a la base de datos undefined undefined undefined ReferenceError: connectionString is not defined
[🔔 Mar-22-2022 11:15:33] error 	Error en al conexion a la base de datos undefined undefined undefined Error: ORA-12560: TNS:protocol adapter error
[🔔 Mar-22-2022 11:15:33] error 	Error en al conexion a la base de datos undefined undefined undefined Error: ORA-12560: TNS:protocol adapter error
[🔔 Mar-22-2022 11:16:51] error 	Error en al conexion a la base de datos undefined undefined undefined Error: ORA-12560: TNS:protocol adapter error
[🔔 Mar-22-2022 11:16:51] error 	Error en al conexion a la base de datos undefined undefined undefined Error: ORA-12560: TNS:protocol adapter error
[🔔 Mar-22-2022 11:17:33] error 	Error en al conexion a la base de datos undefined undefined undefined Error: ORA-12560: TNS:protocol adapter error
[🔔 Mar-22-2022 11:17:33] error 	Error en al conexion a la base de datos undefined undefined undefined Error: ORA-12560: TNS:protocol adapter error
[🔔 Mar-22-2022 11:18:36] error 	Error en al conexion a la base de datos undefined undefined undefined Error: ORA-12560: TNS:protocol adapter error
[🔔 Mar-22-2022 11:18:36] error 	Error en al conexion a la base de datos undefined undefined undefined Error: ORA-12560: TNS:protocol adapter error
[🔔 Mar-22-2022 11:18:57] error 	Error en al conexion a la base de datos undefined undefined undefined Error: ORA-12560: TNS:protocol adapter error
[🔔 Mar-22-2022 11:18:57] error 	Error en al conexion a la base de datos undefined undefined undefined Error: ORA-12560: TNS:protocol adapter error
[🔔 Mar-22-2022 11:19:05] error 	Error en al conexion a la base de datos undefined undefined undefined Error: ORA-12560: TNS:protocol adapter error
[🔔 Mar-22-2022 11:19:05] error 	Error en al conexion a la base de datos undefined undefined undefined Error: ORA-12560: TNS:protocol adapter error
[🔔 Mar-22-2022 11:27:20] error 	NJS-046: poolAlias "BGPOOL" already exists in the connection pool cache
[🔔 Mar-22-2022 11:34:21] error 	Error en al conexion a la base de datos undefined undefined undefined Error: NJS-047: poolAlias "BGPOOL" not found in the connection pool cache
[🔔 Mar-22-2022 11:34:21] error 	NJS-046: poolAlias "BGPOOL" already exists in the connection pool cache
[🔔 Mar-22-2022 11:34:21] error 	Error en al conexion a la base de datos undefined undefined undefined Error: NJS-047: poolAlias "BGPOOL" not found in the connection pool cache
[🔔 Mar-22-2022 11:45:06] error 	Error en al conexion a la base de datos undefined undefined undefined Error: NJS-047: poolAlias "BGPOOL" not found in the connection pool cache
[🔔 Mar-22-2022 11:45:17] error 	Cannot read property 'execute' of undefined
[🔔 Mar-22-2022 11:46:27] error 	Error en al conexion a la base de datos undefined undefined undefined Error: ORA-12560: TNS:protocol adapter error
[🔔 Mar-22-2022 11:47:16] error 	Error en al conexion a la base de datos GANADERO GANADERO 172.16.1.23:1521/BGDB Error: ORA-12560: TNS:protocol adapter error
[🔔 Mar-22-2022 11:48:13] error 	Error en al conexion a la base de datos GANADERO GANADERO 172.16.1.23:1521/BGDB Error: NJS-047: poolAlias "default" not found in the connection pool cache
[🔔 Mar-22-2022 11:48:46] error 	Error en al conexion a la base de datos GANADERO GANADERO 172.16.1.23:1521/BGDB Error: NJS-047: poolAlias "default" not found in the connection pool cache
[🔔 Mar-22-2022 11:49:07] error 	Error en al conexion a la base de datos GANADERO GANADERO 172.16.1.23:1521/BGDB Error: NJS-047: poolAlias "BGPOOL" not found in the connection pool cache
[🔔 Mar-22-2022 11:49:35] error 	Error en al conexion a la base de datos GANADERO GANADERO 172.16.1.23:1521/BGDB Error: NJS-047: poolAlias "BGPOOL" not found in the connection pool cache
[🔔 Mar-22-2022 11:49:35] error 	NJS-046: poolAlias "BGPOOL" already exists in the connection pool cache
[🔔 Mar-22-2022 11:49:35] error 	Error en al conexion a la base de datos GANADERO GANADERO 172.16.1.23:1521/BGDB Error: NJS-047: poolAlias "BGPOOL" not found in the connection pool cache
[🔔 Mar-22-2022 11:49:57] error 	Error en al conexion a la base de datos GANADERO GANADERO 172.16.1.23:1521/BGDB Error: NJS-047: poolAlias "BGPOOL" not found in the connection pool cache
[🔔 Mar-22-2022 11:49:57] error 	NJS-046: poolAlias "BGPOOL" already exists in the connection pool cache
[🔔 Mar-22-2022 11:49:57] error 	Error en al conexion a la base de datos GANADERO GANADERO 172.16.1.23:1521/BGDB Error: NJS-047: poolAlias "BGPOOL" not found in the connection pool cache
[🔔 Mar-22-2022 11:50:10] error 	NJS-046: poolAlias "BGPOOL" already exists in the connection pool cache
[🔔 Mar-22-2022 11:50:10] error 	Error en al conexion a la base de datos GANADERO GANADERO 172.16.1.23:1521/BGDB Error: ORA-12560: TNS:protocol adapter error
[🔔 Mar-22-2022 11:50:10] error 	Error en al conexion a la base de datos GANADERO GANADERO 172.16.1.23:1521/BGDB Error: ORA-12560: TNS:protocol adapter error
[🔔 Mar-22-2022 11:52:19] error 	Error en al conexion a la base de datos undefined undefined undefined Error: NJS-047: poolAlias "BGPOOL" not found in the connection pool cache
[🔔 Mar-22-2022 11:52:48] error 	Error en al conexion a la base de datos GANADERO GANADERO 172.16.1.23:1521/BGDB Error: NJS-047: poolAlias "BGPOOL" not found in the connection pool cache
[🔔 Mar-22-2022 11:54:20] error 	Error en al conexion a la base de datos GANADERO GANADERO 172.16.1.23:1521/BGDB Error: NJS-047: poolAlias "BGPOOL" not found in the connection pool cache
[🔔 Mar-22-2022 11:55:50] warn 	hola warn
[🔔 Mar-22-2022 11:58:09] warn 	hola warn
[🔔 Mar-22-2022 11:58:09] error 	NJS-046: poolAlias "BGPOOL" already exists in the connection pool cache
[🔔 Mar-22-2022 11:58:09] error 	Error en al conexion a la base de datos GANADERO GANADERO 172.16.1.23:1521/BGDB TypeError: Cannot read property 'getConnection' of undefined
[🔔 Mar-22-2022 11:58:52] warn 	hola warn
[🔔 Mar-22-2022 11:58:52] error 	NJS-046: poolAlias "BGPOOL" already exists in the connection pool cache
[🔔 Mar-22-2022 11:58:52] error 	Error en al conexion a la base de datos GANADERO GANADERO 172.16.1.23:1521/BGDB TypeError: Cannot read property 'getConnection' of undefined
[🔔 Mar-22-2022 12:00:08] error 	connection.execute is not a function
[🔔 Mar-22-2022 12:00:28] warn 	hola warn
[🔔 Mar-22-2022 12:00:28] error 	NJS-046: poolAlias "BGPOOL" already exists in the connection pool cache
[🔔 Mar-22-2022 12:00:28] error 	Error en al conexion a la base de datos GANADERO GANADERO 172.16.1.23:1521/BGDB TypeError: Cannot read property 'getConnection' of undefined
[🔔 Mar-22-2022 12:03:34] warn 	hola warn
[🔔 Mar-22-2022 13:05:47] error 	NJS-003: invalid connection
[🔔 Mar-22-2022 13:12:06] warn 	hola warn
[🔔 Mar-22-2022 13:12:08] warn 	hola warn
[🔔 Mar-22-2022 13:14:12] error 	NJS-046: poolAlias "BGPOOL" already exists in the connection pool cache
[🔔 Mar-22-2022 13:14:12] error 	Error en al conexion a la base de datos GANADERO GANADERO 172.16.1.23:1521/BGDB TypeError: Cannot read property 'getConnection' of undefined
[🔔 Mar-22-2022 13:14:20] warn 	hola warn
[🔔 Mar-22-2022 13:14:29] warn 	hola warn
[🔔 Mar-22-2022 13:14:33] warn 	hola warn
[🔔 Mar-22-2022 13:14:33] warn 	hola warn
[🔔 Mar-22-2022 13:14:33] warn 	hola warn
[🔔 Mar-22-2022 13:14:33] warn 	hola warn
[🔔 Mar-22-2022 13:14:34] warn 	hola warn
[🔔 Mar-22-2022 13:14:34] warn 	hola warn
[🔔 Mar-22-2022 13:14:34] warn 	hola warn
[🔔 Mar-22-2022 13:14:34] warn 	hola warn
[🔔 Mar-22-2022 13:14:34] warn 	hola warn
[🔔 Mar-22-2022 13:14:34] warn 	hola warn
[🔔 Mar-22-2022 13:14:34] warn 	hola warn
[🔔 Mar-22-2022 13:14:35] warn 	hola warn
[🔔 Mar-22-2022 13:14:35] warn 	hola warn
[🔔 Mar-22-2022 13:14:35] warn 	hola warn
[🔔 Mar-22-2022 13:14:35] warn 	hola warn
[🔔 Mar-22-2022 13:14:35] warn 	hola warn
[🔔 Mar-22-2022 13:14:35] warn 	hola warn
[🔔 Mar-22-2022 13:14:35] warn 	hola warn
[🔔 Mar-22-2022 13:14:35] warn 	hola warn
[🔔 Mar-22-2022 13:14:36] warn 	hola warn
[🔔 Mar-22-2022 13:14:36] warn 	hola warn
[🔔 Mar-22-2022 13:14:36] warn 	hola warn
[🔔 Mar-22-2022 13:14:36] warn 	hola warn
[🔔 Mar-22-2022 13:14:36] warn 	hola warn
[🔔 Mar-22-2022 13:14:36] warn 	hola warn
[🔔 Mar-22-2022 13:14:36] warn 	hola warn
[🔔 Mar-22-2022 13:14:37] warn 	hola warn
[🔔 Mar-22-2022 13:14:37] warn 	hola warn
[🔔 Mar-22-2022 13:14:37] warn 	hola warn
[🔔 Mar-22-2022 13:14:37] warn 	hola warn
[🔔 Mar-22-2022 13:14:37] warn 	hola warn
[🔔 Mar-22-2022 13:14:37] warn 	hola warn
[🔔 Mar-22-2022 13:14:38] warn 	hola warn
[🔔 Mar-22-2022 13:14:38] warn 	hola warn
[🔔 Mar-22-2022 13:14:38] warn 	hola warn
[🔔 Mar-22-2022 13:14:38] warn 	hola warn
[🔔 Mar-22-2022 13:14:38] warn 	hola warn
[🔔 Mar-22-2022 13:14:39] warn 	hola warn
[🔔 Mar-22-2022 13:14:39] warn 	hola warn
[🔔 Mar-22-2022 13:14:39] warn 	hola warn
[🔔 Mar-22-2022 13:14:39] warn 	hola warn
[🔔 Mar-22-2022 13:14:40] warn 	hola warn
[🔔 Mar-22-2022 13:14:40] warn 	hola warn
[🔔 Mar-22-2022 13:14:41] warn 	hola warn
[🔔 Mar-22-2022 13:14:41] warn 	hola warn
[🔔 Mar-22-2022 13:14:41] warn 	hola warn
[🔔 Mar-22-2022 13:14:41] warn 	hola warn
[🔔 Mar-22-2022 13:14:42] warn 	hola warn
[🔔 Mar-22-2022 13:14:42] warn 	hola warn
[🔔 Mar-22-2022 13:14:42] warn 	hola warn
[🔔 Mar-22-2022 13:14:43] warn 	hola warn
[🔔 Mar-22-2022 13:14:43] warn 	hola warn
[🔔 Mar-22-2022 13:14:43] warn 	hola warn
[🔔 Mar-22-2022 13:14:43] warn 	hola warn
[🔔 Mar-22-2022 13:14:43] warn 	hola warn
[🔔 Mar-22-2022 13:14:43] warn 	hola warn
[🔔 Mar-22-2022 13:14:44] warn 	hola warn
[🔔 Mar-22-2022 13:14:44] warn 	hola warn
[🔔 Mar-22-2022 13:14:44] warn 	hola warn
[🔔 Mar-22-2022 13:14:44] warn 	hola warn
[🔔 Mar-22-2022 13:14:44] warn 	hola warn
[🔔 Mar-22-2022 13:14:44] warn 	hola warn
[🔔 Mar-22-2022 13:14:45] warn 	hola warn
[🔔 Mar-22-2022 13:14:45] warn 	hola warn
[🔔 Mar-22-2022 13:16:00] error 	NJS-046: poolAlias "BGPOOL" already exists in the connection pool cache
[🔔 Mar-22-2022 13:16:00] error 	Error en al conexion a la base de datos GANADERO GANADERO 172.16.1.23:1521/BGDB TypeError: Cannot read property 'getConnection' of undefined
[🔔 Mar-22-2022 13:16:02] warn 	hola warn
[🔔 Mar-22-2022 13:16:02] warn 	hola warn
[🔔 Mar-22-2022 13:16:03] warn 	hola warn
[🔔 Mar-22-2022 13:16:03] warn 	hola warn
[🔔 Mar-22-2022 13:16:04] warn 	hola warn
[🔔 Mar-22-2022 13:16:04] warn 	hola warn
[🔔 Mar-22-2022 13:16:05] warn 	hola warn
[🔔 Mar-22-2022 13:16:06] warn 	hola warn
[🔔 Mar-22-2022 13:16:06] warn 	hola warn
[🔔 Mar-22-2022 13:32:19] error 	NJS-046: poolAlias "BGPOOL" already exists in the connection pool cache
[🔔 Mar-22-2022 13:32:19] error 	Error en al conexion a la base de datos GANADERO GANADERO 172.16.1.23:1521/BGDB TypeError: Cannot read property 'getConnection' of undefined
[🔔 Mar-22-2022 13:32:31] warn 	hola warn
[🔔 Mar-22-2022 13:33:39] warn 	hola warn
[🔔 Mar-22-2022 13:34:23] error 	ORA-01722: invalid number
[🔔 Mar-22-2022 13:34:23] error 	Parametro de eliminacion incorrecto: 4wqd
[🔔 Mar-22-2022 13:36:20] error 	NJS-046: poolAlias "BGPOOL" already exists in the connection pool cache
[🔔 Mar-22-2022 13:36:20] error 	Error en al conexion a la base de datos GANADERO GANADERO 172.16.1.23:1521/BGDB TypeError: Cannot read property 'getConnection' of undefined
[🔔 Mar-22-2022 13:36:27] warn 	hola warn
[🔔 Mar-22-2022 13:36:32] error 	NJS-003: invalid connection
[🔔 Mar-22-2022 13:36:32] error 	Parametro de eliminacion incorrecto: 6
[🔔 Mar-22-2022 13:36:48] error 	NJS-003: invalid connection
[🔔 Mar-22-2022 13:37:17] error 	NJS-046: poolAlias "BGPOOL" already exists in the connection pool cache
[🔔 Mar-22-2022 13:37:17] error 	Error en al conexion a la base de datos GANADERO GANADERO 172.16.1.23:1521/BGDB TypeError: Cannot read property 'getConnection' of undefined
[🔔 Mar-22-2022 13:38:19] error 	NJS-046: poolAlias "BGPOOL" already exists in the connection pool cache
[🔔 Mar-22-2022 13:38:19] error 	Error en al conexion a la base de datos GANADERO GANADERO 172.16.1.23:1521/BGDB TypeError: Cannot read property 'getConnection' of undefined
[🔔 Mar-22-2022 13:38:46] warn 	hola warn
[🔔 Mar-22-2022 13:38:49] error 	NJS-003: invalid connection
[🔔 Mar-22-2022 13:39:12] error 	NJS-003: invalid connection
[🔔 Mar-22-2022 13:41:24] error 	NJS-046: poolAlias "BGPOOL" already exists in the connection pool cache
[🔔 Mar-22-2022 13:41:24] error 	Error en al conexion a la base de datos GANADERO GANADERO 172.16.1.23:1521/BGDB TypeError: Cannot read property 'getConnection' of undefined
[🔔 Mar-22-2022 13:41:36] warn 	hola warn
[🔔 Mar-22-2022 13:41:41] warn 	hola warn
[🔔 Mar-22-2022 13:41:42] warn 	hola warn
[🔔 Mar-22-2022 13:41:43] warn 	hola warn
[🔔 Mar-22-2022 13:42:06] error 	NJS-046: poolAlias "BGPOOL" already exists in the connection pool cache
[🔔 Mar-22-2022 13:42:06] error 	Error en al conexion a la base de datos GANADERO GANADERO 172.16.1.23:1521/BGDB TypeError: Cannot read property 'getConnection' of undefined
[🔔 Mar-22-2022 13:48:42] error 	NJS-046: poolAlias "BGPOOL" already exists in the connection pool cache
[🔔 Mar-22-2022 13:48:42] error 	Error en al conexion a la base de datos GANADERO GANADERO 172.16.1.23:1521/BGDB TypeError: Cannot read property 'getConnection' of undefined
[🔔 Mar-22-2022 13:49:37] warn 	hola warn
[🔔 Mar-22-2022 13:49:43] error 	ORA-00001: unique constraint (GANADERO.SYS_C00860913) violated
[🔔 Mar-22-2022 13:49:47] warn 	hola warn
[🔔 Mar-22-2022 14:04:19] error 	Error en al conexion a la base de datos GANADERO GANADERO 172.16.1.23:1521/BGDB TypeError: this.conexion.getConnection is not a function
[🔔 Mar-22-2022 16:12:10] error 	Error en al conexion a la base de datos GANADERO GANADERO 172.16.1.23:1521/BGDB TypeError: Cannot read property 'getConnection' of undefined
[🔔 Mar-22-2022 16:13:32] error 	Error en al conexion a la base de datos GANADERO GANADERO 172.16.1.23:1521/BGDB Error: NJS-047: poolAlias "BGPOOL" not found in the connection pool cache
[🔔 Mar-22-2022 16:14:07] error 	Error en al conexion a la base de datos GANADERO GANADERO 172.16.1.23:1521/BGDB Error: NJS-047: poolAlias "BGPOOL" not found in the connection pool cache
[🔔 Mar-22-2022 16:18:11] error 	Cannot read property 'execute' of undefined
[🔔 Mar-22-2022 16:23:16] error 	Cannot read property 'execute' of undefined
[🔔 Mar-22-2022 16:25:07] error 	Cannot read property 'resultSet' of undefined
[🔔 Mar-22-2022 16:25:31] warn 	hola warn
[🔔 Mar-22-2022 16:25:51] warn 	hola warn
[🔔 Mar-22-2022 16:27:29] warn 	hola warn
[🔔 Mar-22-2022 16:29:15] error 	Cannot read property 'execute' of undefined
[🔔 Mar-22-2022 16:29:35] error 	Cannot read property 'execute' of undefined
[🔔 Mar-22-2022 16:31:26] warn 	hola warn
[🔔 Mar-22-2022 16:31:29] warn 	hola warn
[🔔 Mar-22-2022 16:31:30] warn 	hola warn
[🔔 Mar-22-2022 16:31:30] warn 	hola warn
[🔔 Mar-22-2022 16:31:31] warn 	hola warn
[🔔 Mar-22-2022 16:31:31] warn 	hola warn
[🔔 Mar-22-2022 16:31:32] warn 	hola warn
[🔔 Mar-22-2022 16:31:32] warn 	hola warn
[🔔 Mar-22-2022 16:31:33] warn 	hola warn
[🔔 Mar-22-2022 16:31:33] warn 	hola warn
[🔔 Mar-22-2022 16:31:33] warn 	hola warn
[🔔 Mar-22-2022 16:31:34] warn 	hola warn
[🔔 Mar-22-2022 23:44:17] warn 	hola warn
[🔔 Mar-23-2022 10:06:14] warn 	hola warn
[🔔 Mar-23-2022 10:06:22] warn 	hola warn
[🔔 Mar-23-2022 10:06:37] warn 	hola warn
[🔔 Mar-23-2022 10:06:41] warn 	hola warn
[🔔 Mar-23-2022 10:14:05] warn 	hola warn
[🔔 Mar-23-2022 10:14:09] warn 	hola warn
[🔔 Mar-23-2022 10:14:11] warn 	hola warn
[🔔 Mar-23-2022 10:14:27] warn 	hola warn
[🔔 Mar-23-2022 10:14:28] warn 	hola warn
[🔔 Mar-23-2022 10:14:29] warn 	hola warn
[🔔 Mar-23-2022 10:14:29] warn 	hola warn
[🔔 Mar-23-2022 10:14:29] warn 	hola warn
[🔔 Mar-23-2022 10:14:30] warn 	hola warn
[🔔 Mar-23-2022 10:14:30] warn 	hola warn
[🔔 Mar-23-2022 10:14:30] warn 	hola warn
[🔔 Mar-23-2022 10:14:30] warn 	hola warn
[🔔 Mar-23-2022 10:14:31] warn 	hola warn
[🔔 Mar-23-2022 10:14:31] warn 	hola warn
[🔔 Mar-23-2022 10:14:31] warn 	hola warn
[🔔 Mar-23-2022 10:14:31] warn 	hola warn
[🔔 Mar-23-2022 10:14:31] warn 	hola warn
[🔔 Mar-23-2022 10:14:32] warn 	hola warn
[🔔 Mar-23-2022 10:14:32] warn 	hola warn
[🔔 Mar-23-2022 10:14:32] warn 	hola warn
[🔔 Mar-23-2022 10:14:32] warn 	hola warn
[🔔 Mar-23-2022 10:14:32] warn 	hola warn
[🔔 Mar-23-2022 10:14:32] warn 	hola warn
[🔔 Mar-23-2022 10:14:33] warn 	hola warn
[🔔 Mar-23-2022 10:14:33] warn 	hola warn
[🔔 Mar-23-2022 10:14:33] warn 	hola warn
[🔔 Mar-23-2022 10:14:33] warn 	hola warn
[🔔 Mar-23-2022 10:14:33] warn 	hola warn
[🔔 Mar-23-2022 10:14:34] warn 	hola warn
[🔔 Mar-23-2022 10:14:34] warn 	hola warn
[🔔 Mar-23-2022 10:14:34] warn 	hola warn
[🔔 Mar-23-2022 10:14:34] warn 	hola warn
[🔔 Mar-23-2022 10:14:34] warn 	hola warn
[🔔 Mar-23-2022 10:14:34] warn 	hola warn
[🔔 Mar-23-2022 10:14:35] warn 	hola warn
[🔔 Mar-23-2022 10:14:36] warn 	hola warn
[🔔 Mar-23-2022 10:14:37] warn 	hola warn
[🔔 Mar-23-2022 10:14:38] warn 	hola warn
[🔔 Mar-23-2022 10:14:39] warn 	hola warn
[🔔 Mar-23-2022 10:15:06] warn 	hola warn
[🔔 Mar-23-2022 10:15:09] warn 	hola warn
[🔔 Mar-23-2022 10:15:10] warn 	hola warn
[🔔 Mar-23-2022 10:15:11] warn 	hola warn
[🔔 Mar-23-2022 10:15:11] warn 	hola warn
[🔔 Mar-23-2022 10:15:16] warn 	hola warn
[🔔 Mar-23-2022 10:15:16] warn 	hola warn
[🔔 Mar-23-2022 10:15:17] warn 	hola warn
[🔔 Mar-23-2022 10:15:18] warn 	hola warn
[🔔 Mar-23-2022 10:15:18] warn 	hola warn
[🔔 Mar-23-2022 10:15:19] warn 	hola warn
[🔔 Mar-23-2022 10:15:20] warn 	hola warn
[🔔 Mar-23-2022 10:15:21] warn 	hola warn
[🔔 Mar-23-2022 10:15:21] warn 	hola warn
[🔔 Mar-23-2022 10:15:21] warn 	hola warn
[🔔 Mar-23-2022 10:15:22] warn 	hola warn
[🔔 Mar-23-2022 10:15:23] warn 	hola warn
[🔔 Mar-23-2022 10:15:24] warn 	hola warn
[🔔 Mar-23-2022 10:15:24] warn 	hola warn
[🔔 Mar-23-2022 10:15:25] warn 	hola warn
[🔔 Mar-23-2022 10:16:36] error 	ORA-00942: table or view does not exist
[🔔 Mar-23-2022 10:16:36] warn 	hola warn
[🔔 Mar-23-2022 10:16:51] error 	ORA-00942: table or view does not exist
[🔔 Mar-23-2022 10:16:51] warn 	hola warn
[🔔 Mar-23-2022 10:17:03] error 	ORA-00942: table or view does not exist
[🔔 Mar-23-2022 10:17:03] warn 	hola warn
[🔔 Mar-23-2022 10:46:11] error 	Creacion del pool connections NJS-047: poolAlias "BGPOOL" not found in the connection pool cache
[🔔 Mar-23-2022 10:46:12] error 	Error al ejecuta la sentencia ORA-00942: table or view does not exist
[🔔 Mar-23-2022 10:46:12] warn 	hola warn
[🔔 Mar-23-2022 10:46:25] error 	Creacion del pool connections NJS-047: poolAlias "BGPOOL" not found in the connection pool cache
[🔔 Mar-23-2022 10:46:25] warn 	hola warn
[🔔 Mar-23-2022 10:47:31] error 	Creacion del pool connections NJS-047: poolAlias "default" not found in the connection pool cache
[🔔 Mar-23-2022 10:47:32] warn 	hola warn
[🔔 Mar-23-2022 10:48:14] error 	Creacion del pool connections NJS-047: poolAlias "default" not found in the connection pool cache
[🔔 Mar-23-2022 10:48:14] warn 	hola warn
[🔔 Mar-23-2022 10:49:37] error 	Creacion del pool connections NJS-047: poolAlias "default" not found in the connection pool cache
[🔔 Mar-23-2022 10:49:37] error 	Error al ejecuta la sentencia this.connection.getConnection is not a function
[🔔 Mar-23-2022 10:49:37] warn 	hola warn
[🔔 Mar-23-2022 10:58:10] error 	Creacion del pool connections NJS-047: poolAlias "default" not found in the connection pool cache
[🔔 Mar-23-2022 10:58:10] error 	Error al ejecuta la sentencia Cannot read property 'getConnection' of undefined
[🔔 Mar-23-2022 10:58:10] warn 	hola warn
[🔔 Mar-23-2022 10:59:05] error 	Creacion del pool connections NJS-047: poolAlias "default" not found in the connection pool cache
[🔔 Mar-23-2022 10:59:05] error 	Error al ejecuta la sentencia Cannot read property 'getConnection' of undefined
[🔔 Mar-23-2022 10:59:05] warn 	hola warn
[🔔 Mar-23-2022 11:02:34] error 	Creacion del pool connections NJS-047: poolAlias "default" not found in the connection pool cache
[🔔 Mar-23-2022 11:02:35] warn 	hola warn
[🔔 Mar-23-2022 11:03:03] error 	Conexion.querySelect is not a function
[🔔 Mar-23-2022 11:03:17] warn 	hola warn
[🔔 Mar-23-2022 11:07:36] error 	Creacion del pool connections NJS-047: poolAlias "default" not found in the connection pool cache
[🔔 Mar-23-2022 11:07:36] warn 	hola warn
[🔔 Mar-23-2022 11:11:59] warn 	hola warn
[🔔 Mar-23-2022 11:12:00] warn 	hola warn
[🔔 Mar-23-2022 11:12:01] warn 	hola warn
[🔔 Mar-23-2022 11:12:01] warn 	hola warn
[🔔 Mar-23-2022 11:12:01] warn 	hola warn
[🔔 Mar-23-2022 11:12:40] error 	Creacion del pool connections NJS-047: poolAlias "default" not found in the connection pool cache
[🔔 Mar-23-2022 11:12:40] warn 	hola warn
[🔔 Mar-23-2022 11:24:59] error 	NJS-047: poolAlias "default" not found in the connection pool cache
[🔔 Mar-23-2022 11:24:59] warn 	hola warn
[🔔 Mar-23-2022 11:28:48] error 	NJS-047: poolAlias "hrpool" not found in the connection pool cache
[🔔 Mar-23-2022 11:28:48] warn 	hola warn
[🔔 Mar-23-2022 11:28:59] warn 	hola warn
[🔔 Mar-23-2022 11:34:09] error 	Error al ejecuta la sentencia logger.warning is not a function
[🔔 Mar-23-2022 11:34:09] warn 	hola warn
[🔔 Mar-23-2022 11:34:26] warn 	No existe un pool de conexiones crearemos uno.
[🔔 Mar-23-2022 11:34:26] error 	Creacion del pool connections
[🔔 Mar-23-2022 11:34:26] warn 	hola warn
[🔔 Mar-23-2022 11:34:44] warn 	No existe un pool de conexiones crearemos uno.
[🔔 Mar-23-2022 11:34:44] warn 	hola warn
[🔔 Mar-23-2022 11:34:54] warn 	hola warn
[🔔 Mar-23-2022 11:35:40] warn 	No existe un pool de conexiones crearemos uno.
[🔔 Mar-23-2022 11:35:40] warn 	hola warn
[🔔 Mar-23-2022 11:35:46] warn 	hola warn
[🔔 Mar-23-2022 11:39:01] warn 	No existe un pool de conexiones crearemos uno.
[🔔 Mar-23-2022 13:52:05] warn 	No existe un pool de conexiones crearemos uno.
[🔔 Mar-23-2022 13:53:06] error 	Error al ejecutar la sentencia: INSERT INTO CLIENTES_PRUEBA (ID, NAME, AGE, ADDRESS, SALARIO) VALUES (:1, :2, :3, :4, :5) ORA-01400: cannot insert NULL into ("GANADERO"."CLIENTES_PRUEBA"."ID")
[🔔 Mar-23-2022 13:53:29] error 	Error al ejecutar la sentencia: INSERT INTO CLIENTES_PRUEBA (ID, NAME, AGE, ADDRESS, SALARIO) VALUES (:1, :2, :3, :4, :5) ORA-01400: cannot insert NULL into ("GANADERO"."CLIENTES_PRUEBA"."NAME")
[🔔 Mar-23-2022 13:54:55] warn 	No existe un pool de conexiones crearemos uno.
[🔔 Mar-23-2022 14:00:40] warn 	No existe un pool de conexiones crearemos uno.
[🔔 Mar-23-2022 14:09:06] warn 	No existe un pool de conexiones crearemos uno.
[🔔 Mar-23-2022 14:14:52] warn 	No existe un pool de conexiones crearemos uno.
[🔔 Mar-23-2022 14:15:35] warn 	No existe un pool de conexiones crearemos uno.
[🔔 Mar-23-2022 14:17:27] warn 	No existe un pool de conexiones crearemos uno.
[🔔 Mar-23-2022 15:14:16] warn 	No existe un pool de conexiones crearemos uno.
[🔔 Mar-23-2022 15:38:01] warn 	No existe un pool de conexiones crearemos uno.
[🔔 Mar-23-2022 15:38:28] warn 	No existe un pool de conexiones crearemos uno.
[🔔 Mar-23-2022 15:44:08] warn 	No existe un pool de conexiones crearemos uno.
[🔔 Mar-23-2022 15:44:10] error 	Error al ejecuta la sentencia ORA-12541: TNS:no listener
[🔔 Mar-23-2022 15:44:26] error 	sql is not defined
[🔔 Mar-23-2022 15:44:26] error 	Parametro de eliminacion incorrecto: 8
[🔔 Mar-23-2022 15:44:52] error 	Error al ejecuta la sentencia ORA-12541: TNS:no listener
[🔔 Mar-23-2022 15:45:50] warn 	No existe un pool de conexiones crearemos uno.
