[🔔 Apr-05-2022 15:05:31] info 	Servidor corriendo en el puerto 4001
[🔔 Apr-05-2022 15:05:51] info 	MicroServicio corriendo en el puerto 4001
[🔔 Apr-05-2022 15:50:35] info 	MicroServicio corriendo en el puerto 4001
[🔔 Apr-05-2022 16:01:11] info 	MicroServicio corriendo en el puerto 4001
[🔔 Apr-05-2022 16:03:09] info 	MicroServicio corriendo en el puerto 4001
[🔔 Apr-05-2022 16:03:11] info 	MicroServicio corriendo en el puerto 4001
[🔔 Apr-05-2022 16:03:14] info 	MicroServicio corriendo en el puerto 4001
[🔔 Apr-06-2022 09:58:53] info 	MicroServicio corriendo en el puerto 4001
[🔔 Apr-06-2022 09:59:17] info 	MicroServicio corriendo en el puerto 4001
[🔔 Apr-06-2022 10:00:37] info 	MicroServicio corriendo en el puerto 4001
[🔔 Apr-06-2022 10:02:30] info 	MicroServicio corriendo en el puerto 4001
[🔔 Apr-06-2022 10:03:08] info 	MicroServicio corriendo en el puerto 4001
[🔔 Apr-06-2022 10:03:16] info 	MicroServicio corriendo en el puerto 4001
[🔔 Apr-06-2022 15:29:02] info 	MicroServicio corriendo en el puerto 4001
[🔔 Apr-06-2022 16:08:57] info 	MicroServicio corriendo en el puerto 4001
[🔔 Apr-07-2022 09:11:04] info 	MicroServicio corriendo en el puerto 4001
[🔔 Apr-07-2022 09:11:43] info 	MicroServicio corriendo en el puerto 4001
[🔔 Apr-07-2022 09:15:21] info 	MicroServicio corriendo en el puerto 4001
[🔔 Apr-07-2022 09:16:26] info 	MicroServicio corriendo en el puerto 4001
[🔔 Apr-07-2022 09:16:36] info 	MicroServicio corriendo en el puerto 4001
[🔔 Apr-07-2022 09:24:26] info 	MicroServicio corriendo en el puerto 4001
[🔔 Apr-07-2022 09:25:46] info 	MicroServicio corriendo en el puerto 4001
[🔔 Apr-07-2022 09:26:35] info 	MicroServicio corriendo en el puerto 4001
[🔔 Apr-07-2022 09:27:03] info 	MicroServicio corriendo en el puerto 4001
[🔔 Apr-07-2022 09:27:20] info 	MicroServicio corriendo en el puerto 4001
[🔔 Apr-07-2022 11:22:11] info 	MicroServicio corriendo en el puerto 4001
[🔔 Apr-07-2022 14:54:39] info 	MicroServicio corriendo en el puerto 4001
[🔔 Apr-07-2022 14:59:16] info 	MicroServicio corriendo en el puerto 4001
[🔔 Apr-07-2022 14:59:47] info 	MicroServicio corriendo en el puerto 4001
[🔔 Apr-07-2022 15:01:07] info 	MicroServicio corriendo en el puerto 4001
[🔔 Apr-07-2022 15:02:12] info 	MicroServicio corriendo en el puerto 4001
[🔔 Apr-07-2022 15:02:26] info 	MicroServicio corriendo en el puerto 4001
[🔔 Apr-07-2022 15:03:30] info 	MicroServicio corriendo en el puerto 4001
[🔔 Apr-07-2022 15:03:40] info 	MicroServicio corriendo en el puerto 4001
[🔔 Apr-08-2022 14:27:23] info 	MicroServicio corriendo en el puerto 4001
[🔔 Apr-08-2022 14:29:30] info 	MicroServicio corriendo en el puerto 4001
[🔔 Apr-08-2022 14:29:44] info 	MicroServicio corriendo en el puerto 4001
[🔔 Apr-08-2022 14:30:16] info 	MicroServicio corriendo en el puerto 4001
[🔔 Apr-08-2022 14:42:36] info 	MicroServicio corriendo en el puerto 4001
[🔔 Apr-08-2022 14:47:03] info 	MicroServicio corriendo en el puerto 4001
[🔔 Apr-08-2022 14:47:33] info 	MicroServicio corriendo en el puerto 4001
[🔔 Apr-08-2022 14:47:53] info 	MicroServicio corriendo en el puerto 4001
[🔔 Apr-08-2022 14:48:02] info 	MicroServicio corriendo en el puerto 4001
[🔔 Apr-08-2022 14:48:15] info 	MicroServicio corriendo en el puerto 4001
[🔔 Apr-08-2022 14:53:39] info 	MicroServicio corriendo en el puerto 4001
[🔔 Apr-08-2022 14:53:52] info 	MicroServicio corriendo en el puerto 4001
[🔔 Apr-08-2022 14:57:16] info 	MicroServicio corriendo en el puerto 4001
[🔔 Apr-08-2022 14:58:40] info 	MicroServicio corriendo en el puerto 4001
[🔔 Apr-08-2022 14:59:08] info 	MicroServicio corriendo en el puerto 4001
[🔔 Apr-08-2022 14:59:34] info 	MicroServicio corriendo en el puerto 4001
[🔔 Apr-08-2022 15:00:10] info 	MicroServicio corriendo en el puerto 4001
[🔔 Apr-08-2022 15:00:43] info 	MicroServicio corriendo en el puerto 4001
[🔔 Apr-08-2022 15:01:20] info 	MicroServicio corriendo en el puerto 4001
[🔔 Apr-08-2022 15:02:28] info 	MicroServicio corriendo en el puerto 4001
[🔔 Apr-08-2022 15:03:47] info 	MicroServicio corriendo en el puerto 4001
[🔔 Apr-08-2022 15:04:14] info 	MicroServicio corriendo en el puerto 4001
[🔔 Apr-08-2022 15:04:34] info 	MicroServicio corriendo en el puerto 4001
[🔔 Apr-08-2022 15:04:47] info 	MicroServicio corriendo en el puerto 4001
[🔔 Apr-08-2022 15:05:21] info 	MicroServicio corriendo en el puerto 4001
[🔔 Apr-12-2022 09:03:41] info 	MicroServicio corriendo en el puerto 4001
[🔔 Apr-12-2022 09:04:41] info 	MicroServicio corriendo en el puerto 4001
[🔔 Apr-12-2022 09:04:50] info 	MicroServicio corriendo en el puerto 4001
[🔔 Apr-12-2022 09:05:04] info 	MicroServicio corriendo en el puerto 4001
[🔔 Apr-12-2022 09:06:54] info 	MicroServicio corriendo en el puerto 4001
[🔔 Apr-12-2022 09:07:06] info 	MicroServicio corriendo en el puerto 4001
[🔔 Apr-12-2022 09:08:15] info 	MicroServicio corriendo en el puerto 4001
[🔔 Apr-12-2022 09:11:16] info 	MicroServicio corriendo en el puerto 4001
[🔔 Apr-12-2022 09:11:25] info 	MicroServicio corriendo en el puerto 4001
[🔔 Apr-12-2022 09:19:26] info 	MicroServicio corriendo en el puerto 4001
[🔔 Apr-12-2022 09:19:39] info 	MicroServicio corriendo en el puerto 4001
[🔔 Apr-12-2022 09:21:10] info 	MicroServicio corriendo en el puerto 4001
[🔔 Apr-12-2022 09:21:13] info 	{}
[🔔 Apr-12-2022 09:21:49] info 	MicroServicio corriendo en el puerto 4001
[🔔 Apr-12-2022 09:21:51] info 	{}
[🔔 Apr-12-2022 09:21:51] info 	{"user-agent":"PostmanRuntime/7.29.0","accept":"*/*","postman-token":"9cfe1822-59e6-4c2b-af7c-0004b9a32a70","host":"localhost:4001","accept-encoding":"gzip, deflate, br","connection":"keep-alive"}
[🔔 Apr-12-2022 09:22:18] info 	MicroServicio corriendo en el puerto 4001
[🔔 Apr-12-2022 09:22:20] info 	{}
[🔔 Apr-12-2022 09:22:20] info 	{"user-agent":"PostmanRuntime/7.29.0","accept":"*/*","postman-token":"4b851153-89d1-480d-8d52-3fa51e8783db","host":"localhost:4001","accept-encoding":"gzip, deflate, br","connection":"keep-alive"}
[🔔 Apr-12-2022 09:22:25] info 	MicroServicio corriendo en el puerto 4001
[🔔 Apr-12-2022 09:22:26] error 	{"code":"ERR_INVALID_ARG_TYPE"}
[🔔 Apr-12-2022 09:22:41] info 	MicroServicio corriendo en el puerto 4001
[🔔 Apr-12-2022 09:26:36] info 	MicroServicio corriendo en el puerto 4001
[🔔 Apr-12-2022 09:26:51] info 	MicroServicio corriendo en el puerto 4001
[🔔 Apr-12-2022 09:27:40] info 	MicroServicio corriendo en el puerto 4001
[🔔 Apr-12-2022 09:29:43] info 	MicroServicio corriendo en el puerto 4001
[🔔 Apr-12-2022 09:30:09] info 	MicroServicio corriendo en el puerto 4001
[🔔 Apr-12-2022 09:30:49] info 	MicroServicio corriendo en el puerto 4001
[🔔 Apr-12-2022 09:31:09] info 	MicroServicio corriendo en el puerto 4001
[🔔 Apr-12-2022 09:31:39] info 	MicroServicio corriendo en el puerto 4001
[🔔 Apr-12-2022 09:34:37] info 	MicroServicio corriendo en el puerto 4001
[🔔 Apr-12-2022 09:35:09] info 	MicroServicio corriendo en el puerto 4001
[🔔 Apr-12-2022 09:35:15] info 	MicroServicio corriendo en el puerto 4001
[🔔 Apr-12-2022 09:36:05] info 	MicroServicio corriendo en el puerto 4001
[🔔 Apr-12-2022 09:44:30] info 	MicroServicio corriendo en el puerto 4001
[🔔 Apr-12-2022 09:48:09] info 	MicroServicio corriendo en el puerto 4001
[🔔 Apr-12-2022 09:49:22] info 	MicroServicio corriendo en el puerto 4001
[🔔 Apr-12-2022 09:50:00] info 	MicroServicio corriendo en el puerto 4001
[🔔 Apr-12-2022 09:50:19] info 	MicroServicio corriendo en el puerto 4001
[🔔 Apr-12-2022 09:50:25] info 	MicroServicio corriendo en el puerto 4001
[🔔 Apr-12-2022 09:54:57] info 	MicroServicio corriendo en el puerto 4001
[🔔 Apr-12-2022 09:55:36] info 	MicroServicio corriendo en el puerto 4001
[🔔 Apr-12-2022 09:55:41] info 	MicroServicio corriendo en el puerto 4001
[🔔 Apr-12-2022 10:55:18] info 	MicroServicio corriendo en el puerto 4001
[🔔 Apr-12-2022 10:55:30] info 	MicroServicio corriendo en el puerto 4001
[🔔 Apr-12-2022 10:57:01] info 	MicroServicio corriendo en el puerto 4001
[🔔 Apr-12-2022 10:58:06] info 	MicroServicio corriendo en el puerto 4001
[🔔 Apr-12-2022 11:09:36] info 	MicroServicio corriendo en el puerto 4001
[🔔 Apr-12-2022 11:11:18] info 	MicroServicio corriendo en el puerto 4001
[🔔 Apr-12-2022 11:12:09] info 	MicroServicio corriendo en el puerto 4001
[🔔 Apr-12-2022 11:12:49] info 	MicroServicio corriendo en el puerto 4001
[🔔 Apr-12-2022 11:12:51] info 	{}
[🔔 Apr-12-2022 11:12:51] info 	{"accept":"application/json, text/plain, */*","user-agent":"axios/0.26.1","host":"localhost:4001","connection":"close"}
[🔔 Apr-12-2022 11:13:50] info 	MicroServicio corriendo en el puerto 4001
[🔔 Apr-12-2022 11:13:52] info 	{}
[🔔 Apr-12-2022 11:13:52] info 	{"accept":"application/json, text/plain, */*","user-agent":"axios/0.26.1","host":"localhost:4001","connection":"close"}
[🔔 Apr-12-2022 11:14:02] info 	MicroServicio corriendo en el puerto 4001
[🔔 Apr-12-2022 11:14:03] info 	{}
[🔔 Apr-12-2022 11:14:03] info 	{"accept":"application/json, text/plain, */*","user-agent":"axios/0.26.1","host":"localhost:4001","connection":"close"}
[🔔 Apr-12-2022 11:14:35] info 	MicroServicio corriendo en el puerto 4001
[🔔 Apr-12-2022 11:15:04] info 	MicroServicio corriendo en el puerto 4001
[🔔 Apr-12-2022 11:15:27] info 	MicroServicio corriendo en el puerto 4001
[🔔 Apr-12-2022 11:15:58] info 	MicroServicio corriendo en el puerto 4001
[🔔 Apr-12-2022 11:16:05] info 	MicroServicio corriendo en el puerto 4001
[🔔 Apr-12-2022 11:16:06] info 	{}
[🔔 Apr-12-2022 11:16:06] info 	{"accept":"application/json, text/plain, */*","user-agent":"axios/0.26.1","host":"localhost:4001","connection":"close"}
[🔔 Apr-12-2022 11:22:53] info 	MicroServicio corriendo en el puerto 4001
[🔔 Apr-12-2022 11:23:23] info 	MicroServicio corriendo en el puerto 4001
[🔔 Apr-12-2022 11:23:26] info 	{}
[🔔 Apr-12-2022 11:23:26] info 	{"accept":"application/json, text/plain, */*","data":"dsaiuehqwiue","user-agent":"axios/0.26.1","host":"localhost:4001","connection":"close"}
[🔔 Apr-12-2022 11:24:41] info 	{}
[🔔 Apr-12-2022 11:24:41] info 	{"accept":"application/json, text/plain, */*","data":"dsaiuehqwiue","user-agent":"axios/0.26.1","host":"localhost:4001","connection":"close"}
[🔔 Apr-12-2022 11:25:26] info 	MicroServicio corriendo en el puerto 4001
[🔔 Apr-12-2022 11:25:31] info 	{}
[🔔 Apr-12-2022 11:25:31] info 	{"accept":"application/json, text/plain, */*","user":"TOP1","password":"SYSTEMS1","user-agent":"axios/0.26.1","host":"localhost:4001","connection":"close"}
[🔔 Apr-12-2022 11:26:15] info 	MicroServicio corriendo en el puerto 4001
[🔔 Apr-12-2022 11:26:17] info 	{}
[🔔 Apr-12-2022 11:26:17] info 	{"accept":"application/json, text/plain, */*","user":"TOP1","password":"SYSTEMS1","token":"Bearer dsahdiquw12321iu134ui","user-agent":"axios/0.26.1","host":"localhost:4001","connection":"close"}
[🔔 Apr-12-2022 11:29:16] info 	MicroServicio corriendo en el puerto 4001
[🔔 Apr-12-2022 11:29:19] info 	{}
[🔔 Apr-12-2022 11:29:19] info 	{"accept":"application/json, text/plain, */*","user":"TOP1","password":"SYSTEMS1","token":"Bearer dsahdiquw12321iu134ui","user-agent":"axios/0.26.1","host":"localhost:4001","connection":"close"}
[🔔 Apr-12-2022 11:30:51] info 	MicroServicio corriendo en el puerto 4001
[🔔 Apr-12-2022 11:30:54] error 	{"code":"ERR_INVALID_ARG_TYPE"}
[🔔 Apr-12-2022 11:31:05] info 	MicroServicio corriendo en el puerto 4001
[🔔 Apr-12-2022 11:33:21] info 	MicroServicio corriendo en el puerto 4001
[🔔 Apr-12-2022 11:33:38] info 	MicroServicio corriendo en el puerto 4001
[🔔 Apr-12-2022 11:39:00] info 	MicroServicio corriendo en el puerto 4001
[🔔 Apr-12-2022 11:39:11] info 	MicroServicio corriendo en el puerto 4001
[🔔 Apr-12-2022 11:39:41] info 	MicroServicio corriendo en el puerto 4001
[🔔 Apr-12-2022 11:40:35] info 	MicroServicio corriendo en el puerto 4001
[🔔 Apr-12-2022 11:40:36] info 	MicroServicio corriendo en el puerto 4001
[🔔 Apr-12-2022 11:42:47] info 	MicroServicio corriendo en el puerto 4001
[🔔 Apr-12-2022 11:42:55] info 	MicroServicio corriendo en el puerto 4001
[🔔 Apr-12-2022 11:43:50] info 	MicroServicio corriendo en el puerto 4001
[🔔 Apr-12-2022 11:45:18] info 	MicroServicio corriendo en el puerto 4001
[🔔 Apr-12-2022 11:45:47] info 	MicroServicio corriendo en el puerto 4001
[🔔 Apr-12-2022 11:46:05] info 	MicroServicio corriendo en el puerto 4001
[🔔 Apr-12-2022 11:46:40] info 	MicroServicio corriendo en el puerto 4001
[🔔 Apr-12-2022 11:51:21] info 	MicroServicio corriendo en el puerto 4001
[🔔 Apr-12-2022 11:51:28] info 	{}
[🔔 Apr-12-2022 11:51:28] info 	{"accept":"application/json, text/plain, */*","user":"TOP1","password":"SYSTEMS1","token":"Bearer dsahdiquw12321iu134ui","user-agent":"axios/0.26.1","host":"localhost:4001","connection":"close"}
[🔔 Apr-12-2022 11:52:18] info 	MicroServicio corriendo en el puerto 4001
[🔔 Apr-12-2022 11:52:28] info 	{}
[🔔 Apr-12-2022 11:52:28] info 	{"accept":"application/json, text/plain, */*","user":"TOP1","password":"SYSTEMS1","token":"Bearer dsahdiquw12321iu134ui","user-agent":"axios/0.26.1","host":"localhost:4001","connection":"close"}
[🔔 Apr-12-2022 11:52:36] info 	MicroServicio corriendo en el puerto 4001
[🔔 Apr-12-2022 11:52:40] info 	{}
[🔔 Apr-12-2022 11:52:40] info 	{"accept":"application/json, text/plain, */*","user":"TOP1","password":"SYSTEMS1","token":"Bearer dsahdiquw12321iu134ui","user-agent":"axios/0.26.1","host":"localhost:4001","connection":"close"}
[🔔 Apr-12-2022 11:52:56] info 	MicroServicio corriendo en el puerto 4001
[🔔 Apr-12-2022 11:53:04] info 	{}
[🔔 Apr-12-2022 11:53:04] info 	{"accept":"application/json, text/plain, */*","user":"TOP1","password":"SYSTEMS1","token":"Bearer dsahdiquw12321iu134ui","user-agent":"axios/0.26.1","host":"localhost:4001","connection":"close"}
[🔔 Apr-12-2022 11:53:51] info 	MicroServicio corriendo en el puerto 4001
[🔔 Apr-12-2022 11:53:53] info 	{}
[🔔 Apr-12-2022 11:53:53] info 	{"accept":"application/json, text/plain, */*","user":"TOP1","password":"SYSTEMS1","token":"Bearer dsahdiquw12321iu134ui","user-agent":"axios/0.26.1","host":"localhost:4001","connection":"close"}
[🔔 Apr-12-2022 11:55:04] info 	MicroServicio corriendo en el puerto 4001
[🔔 Apr-12-2022 11:55:05] info 	{}
[🔔 Apr-12-2022 11:55:05] info 	{"accept":"application/json, text/plain, */*","user":"TOP1","password":"SYSTEMS1","token":"Bearer dsahdiquw12321iu134ui","user-agent":"axios/0.26.1","host":"localhost:4001","connection":"close"}
[🔔 Apr-12-2022 11:55:14] info 	MicroServicio corriendo en el puerto 4001
[🔔 Apr-12-2022 11:55:15] info 	{}
[🔔 Apr-12-2022 11:55:15] info 	{"accept":"application/json, text/plain, */*","user":"TOP1","password":"SYSTEMS1","token":"Bearer dsahdiquw12321iu134ui","user-agent":"axios/0.26.1","host":"localhost:4001","connection":"close"}
[🔔 Apr-12-2022 11:55:38] info 	MicroServicio corriendo en el puerto 4001
[🔔 Apr-12-2022 11:55:57] info 	MicroServicio corriendo en el puerto 4001
[🔔 Apr-12-2022 11:56:14] info 	MicroServicio corriendo en el puerto 4001
[🔔 Apr-12-2022 11:56:29] info 	MicroServicio corriendo en el puerto 4001
[🔔 Apr-12-2022 11:56:38] info 	MicroServicio corriendo en el puerto 4001
[🔔 Apr-12-2022 11:56:43] info 	MicroServicio corriendo en el puerto 4001
[🔔 Apr-12-2022 11:56:46] info 	{}
[🔔 Apr-12-2022 11:56:46] info 	{"accept":"application/json, text/plain, */*","user":"TOP1","password":"SYSTEMS1","token":"Bearer dsahdiquw12321iu134ui","user-agent":"axios/0.26.1","host":"localhost:4001","connection":"close"}
[🔔 Apr-12-2022 13:46:01] info 	MicroServicio corriendo en el puerto 4001
[🔔 Apr-12-2022 13:46:21] info 	MicroServicio corriendo en el puerto 4001
[🔔 Apr-12-2022 13:46:32] info 	MicroServicio corriendo en el puerto 4001
[🔔 Apr-12-2022 13:48:31] info 	MicroServicio corriendo en el puerto 4001
[🔔 Apr-12-2022 13:48:41] info 	MicroServicio corriendo en el puerto 4001
[🔔 Apr-12-2022 13:48:44] error 	{"message":"Request failed with status code 400","name":"Error","stack":"Error: Request failed with status code 400\n    at createError (C:\\proyects\\react\\nodejs-oracle\\node_modules\\axios\\lib\\core\\createError.js:16:15)\n    at settle (C:\\proyects\\react\\nodejs-oracle\\node_modules\\axios\\lib\\core\\settle.js:17:12)\n    at IncomingMessage.handleStreamEnd (C:\\proyects\\react\\nodejs-oracle\\node_modules\\axios\\lib\\adapters\\http.js:322:11)\n    at IncomingMessage.emit (events.js:412:35)\n    at endReadableNT (internal/streams/readable.js:1317:12)\n    at processTicksAndRejections (internal/process/task_queues.js:82:21)","config":{"transitional":{"silentJSONParsing":true,"forcedJSONParsing":true,"clarifyTimeoutError":false},"transformRequest":[null],"transformResponse":[null],"timeout":0,"xsrfCookieName":"XSRF-TOKEN","xsrfHeaderName":"X-XSRF-TOKEN","maxContentLength":-1,"maxBodyLength":-1,"headers":{"Accept":"application/json, text/plain, */*","User-Agent":"axios/0.26.1"},"method":"get","url":"http://localhost:4000/api/pruebaOracle/prueba"},"status":400}
[🔔 Apr-12-2022 13:52:34] info 	MicroServicio corriendo en el puerto 4001
[🔔 Apr-12-2022 13:52:59] info 	MicroServicio corriendo en el puerto 4001
[🔔 Apr-12-2022 13:53:01] info 	{}
[🔔 Apr-12-2022 13:53:01] info 	{"accept":"application/json, text/plain, */*","user":"TOP1","password":"SYSTEMS1","token":"Bearer dsahdiquw12321iu134ui","user-agent":"axios/0.26.1","host":"localhost:4001","connection":"close"}
[🔔 Apr-12-2022 13:53:11] info 	MicroServicio corriendo en el puerto 4001
[🔔 Apr-12-2022 13:53:13] info 	{}
[🔔 Apr-12-2022 13:53:13] info 	{"accept":"application/json, text/plain, */*","user":"TOP1","password":"SYSTEMS1","token":"Bearer dsahdiquw12321iu134ui","user-agent":"axios/0.26.1","host":"localhost:4001","connection":"close"}
[🔔 Apr-12-2022 13:53:43] info 	MicroServicio corriendo en el puerto 4001
[🔔 Apr-12-2022 13:53:45] error 	{"message":"Request failed with status code 400","name":"Error","stack":"Error: Request failed with status code 400\n    at createError (C:\\proyects\\react\\nodejs-oracle\\node_modules\\axios\\lib\\core\\createError.js:16:15)\n    at settle (C:\\proyects\\react\\nodejs-oracle\\node_modules\\axios\\lib\\core\\settle.js:17:12)\n    at IncomingMessage.handleStreamEnd (C:\\proyects\\react\\nodejs-oracle\\node_modules\\axios\\lib\\adapters\\http.js:322:11)\n    at IncomingMessage.emit (events.js:412:35)\n    at endReadableNT (internal/streams/readable.js:1317:12)\n    at processTicksAndRejections (internal/process/task_queues.js:82:21)","config":{"transitional":{"silentJSONParsing":true,"forcedJSONParsing":true,"clarifyTimeoutError":false},"transformRequest":[null],"transformResponse":[null],"timeout":0,"xsrfCookieName":"XSRF-TOKEN","xsrfHeaderName":"X-XSRF-TOKEN","maxContentLength":-1,"maxBodyLength":-1,"headers":{"Accept":"application/json, text/plain, */*","User-Agent":"axios/0.26.1"},"method":"get","url":"http://localhost:4000/api/pruebaOracle/prueba"},"status":400}
[🔔 Apr-12-2022 13:55:10] info 	MicroServicio corriendo en el puerto 4001
[🔔 Apr-12-2022 13:55:13] info 	{}
[🔔 Apr-12-2022 13:55:13] info 	{"accept":"application/json, text/plain, */*","user":"TOP1","password":"SYSTEMS1","token":"Bearer dsahdiquw12321iu134ui","user-agent":"axios/0.26.1","host":"localhost:4001","connection":"close"}
[🔔 Apr-12-2022 13:55:20] info 	MicroServicio corriendo en el puerto 4001
[🔔 Apr-12-2022 13:55:21] info 	{}
[🔔 Apr-12-2022 13:55:21] info 	{"accept":"application/json, text/plain, */*","user":"TOP1","password":"SYSTEMS1","token":"Bearer dsahdiquw12321iu134ui","user-agent":"axios/0.26.1","host":"localhost:4001","connection":"close"}
[🔔 Apr-12-2022 13:55:27] info 	MicroServicio corriendo en el puerto 4001
[🔔 Apr-12-2022 13:55:28] info 	{}
[🔔 Apr-12-2022 13:55:28] info 	{"accept":"application/json, text/plain, */*","user":"TOP1","password":"SYSTEMS1","token":"Bearer dsahdiquw12321iu134ui","user-agent":"axios/0.26.1","host":"localhost:4001","connection":"close"}
[🔔 Apr-12-2022 13:55:49] info 	MicroServicio corriendo en el puerto 4001
[🔔 Apr-12-2022 13:55:51] info 	{}
[🔔 Apr-12-2022 13:55:51] info 	{"accept":"application/json, text/plain, */*","user":"TOP1","password":"SYSTEMS1","token":"Bearer dsahdiquw12321iu134ui","user-agent":"axios/0.26.1","host":"localhost:4001","connection":"close"}
[🔔 Apr-12-2022 13:56:02] info 	MicroServicio corriendo en el puerto 4001
[🔔 Apr-12-2022 13:56:05] info 	{}
[🔔 Apr-12-2022 13:56:05] info 	{"accept":"application/json, text/plain, */*","user":"TOP1","password":"SYSTEMS1","token":"Bearer dsahdiquw12321iu134ui","user-agent":"axios/0.26.1","host":"localhost:4001","connection":"close"}
[🔔 Apr-12-2022 13:58:15] info 	MicroServicio corriendo en el puerto 4001
[🔔 Apr-12-2022 13:58:18] info 	{}
[🔔 Apr-12-2022 13:58:18] info 	{"accept":"application/json, text/plain, */*","user":"TOP1","password":"SYSTEMS1","token":"Bearer dsahdiquw12321iu134ui","user-agent":"axios/0.26.1","host":"localhost:4001","connection":"close"}
[🔔 Apr-12-2022 13:59:05] info 	MicroServicio corriendo en el puerto 4001
[🔔 Apr-12-2022 13:59:06] error 	{"message":"Request failed with status code 400","name":"Error","stack":"Error: Request failed with status code 400\n    at createError (C:\\proyects\\react\\nodejs-oracle\\node_modules\\axios\\lib\\core\\createError.js:16:15)\n    at settle (C:\\proyects\\react\\nodejs-oracle\\node_modules\\axios\\lib\\core\\settle.js:17:12)\n    at IncomingMessage.handleStreamEnd (C:\\proyects\\react\\nodejs-oracle\\node_modules\\axios\\lib\\adapters\\http.js:322:11)\n    at IncomingMessage.emit (events.js:412:35)\n    at endReadableNT (internal/streams/readable.js:1317:12)\n    at processTicksAndRejections (internal/process/task_queues.js:82:21)","config":{"transitional":{"silentJSONParsing":true,"forcedJSONParsing":true,"clarifyTimeoutError":false},"transformRequest":[null],"transformResponse":[null],"timeout":0,"xsrfCookieName":"XSRF-TOKEN","xsrfHeaderName":"X-XSRF-TOKEN","maxContentLength":-1,"maxBodyLength":-1,"headers":{"Accept":"application/json, text/plain, */*","User-Agent":"axios/0.26.1"},"method":"get","url":"http://localhost:4000/api/pruebaOracle/prueba"},"status":400}
[🔔 Apr-12-2022 14:09:02] info 	MicroServicio corriendo en el puerto 4001
[🔔 Apr-12-2022 14:09:05] info 	{}
[🔔 Apr-12-2022 14:09:05] info 	{"accept":"application/json, text/plain, */*","user":"TOP1","password":"SYSTEMS1","token":"Bearer dsahdiquw12321iu134ui","user-agent":"axios/0.26.1","host":"localhost:4001","connection":"close"}
[🔔 Apr-12-2022 14:09:57] info 	MicroServicio corriendo en el puerto 4001
[🔔 Apr-12-2022 14:09:59] info 	{}
[🔔 Apr-12-2022 14:09:59] info 	{"accept":"application/json, text/plain, */*","user":"TOP1","password":"SYSTEMS1","token":"Bearer dsahdiquw12321iu134ui","user-agent":"axios/0.26.1","host":"localhost:4001","connection":"close"}
[🔔 Apr-12-2022 14:10:07] info 	MicroServicio corriendo en el puerto 4001
[🔔 Apr-12-2022 14:10:09] info 	{}
[🔔 Apr-12-2022 14:10:09] info 	{"accept":"application/json, text/plain, */*","user":"TOP1","password":"SYSTEMS1","token":"Bearer dsahdiquw12321iu134ui","user-agent":"axios/0.26.1","host":"localhost:4001","connection":"close"}
[🔔 Apr-12-2022 14:10:27] info 	MicroServicio corriendo en el puerto 4001
[🔔 Apr-12-2022 14:10:28] error 	{"message":"Request failed with status code 400","name":"Error","stack":"Error: Request failed with status code 400\n    at createError (C:\\proyects\\react\\nodejs-oracle\\node_modules\\axios\\lib\\core\\createError.js:16:15)\n    at settle (C:\\proyects\\react\\nodejs-oracle\\node_modules\\axios\\lib\\core\\settle.js:17:12)\n    at IncomingMessage.handleStreamEnd (C:\\proyects\\react\\nodejs-oracle\\node_modules\\axios\\lib\\adapters\\http.js:322:11)\n    at IncomingMessage.emit (events.js:412:35)\n    at endReadableNT (internal/streams/readable.js:1317:12)\n    at processTicksAndRejections (internal/process/task_queues.js:82:21)","config":{"transitional":{"silentJSONParsing":true,"forcedJSONParsing":true,"clarifyTimeoutError":false},"transformRequest":[null],"transformResponse":[null],"timeout":0,"xsrfCookieName":"XSRF-TOKEN","xsrfHeaderName":"X-XSRF-TOKEN","maxContentLength":-1,"maxBodyLength":-1,"headers":{"Accept":"application/json, text/plain, */*","User-Agent":"axios/0.26.1"},"method":"get","url":"http://localhost:4000/api/pruebaOracle/prueba"},"status":400}
[🔔 Apr-12-2022 14:10:40] info 	MicroServicio corriendo en el puerto 4001
[🔔 Apr-12-2022 14:10:42] error 	{"message":"Request failed with status code 400","name":"Error","stack":"Error: Request failed with status code 400\n    at createError (C:\\proyects\\react\\nodejs-oracle\\node_modules\\axios\\lib\\core\\createError.js:16:15)\n    at settle (C:\\proyects\\react\\nodejs-oracle\\node_modules\\axios\\lib\\core\\settle.js:17:12)\n    at IncomingMessage.handleStreamEnd (C:\\proyects\\react\\nodejs-oracle\\node_modules\\axios\\lib\\adapters\\http.js:322:11)\n    at IncomingMessage.emit (events.js:412:35)\n    at endReadableNT (internal/streams/readable.js:1317:12)\n    at processTicksAndRejections (internal/process/task_queues.js:82:21)","config":{"transitional":{"silentJSONParsing":true,"forcedJSONParsing":true,"clarifyTimeoutError":false},"transformRequest":[null],"transformResponse":[null],"timeout":0,"xsrfCookieName":"XSRF-TOKEN","xsrfHeaderName":"X-XSRF-TOKEN","maxContentLength":-1,"maxBodyLength":-1,"headers":{"Accept":"application/json, text/plain, */*","User-Agent":"axios/0.26.1"},"method":"get","url":"http://localhost:4000/api/pruebaOracle/prueba"},"status":400}
[🔔 Apr-12-2022 14:14:31] info 	MicroServicio corriendo en el puerto 4001
[🔔 Apr-12-2022 14:14:46] info 	MicroServicio corriendo en el puerto 4001
[🔔 Apr-12-2022 14:14:47] error 	{"message":"Request failed with status code 400","name":"Error","stack":"Error: Request failed with status code 400\n    at createError (C:\\proyects\\react\\nodejs-oracle\\node_modules\\axios\\lib\\core\\createError.js:16:15)\n    at settle (C:\\proyects\\react\\nodejs-oracle\\node_modules\\axios\\lib\\core\\settle.js:17:12)\n    at IncomingMessage.handleStreamEnd (C:\\proyects\\react\\nodejs-oracle\\node_modules\\axios\\lib\\adapters\\http.js:322:11)\n    at IncomingMessage.emit (events.js:412:35)\n    at endReadableNT (internal/streams/readable.js:1317:12)\n    at processTicksAndRejections (internal/process/task_queues.js:82:21)","config":{"transitional":{"silentJSONParsing":true,"forcedJSONParsing":true,"clarifyTimeoutError":false},"transformRequest":[null],"transformResponse":[null],"timeout":0,"xsrfCookieName":"XSRF-TOKEN","xsrfHeaderName":"X-XSRF-TOKEN","maxContentLength":-1,"maxBodyLength":-1,"headers":{"Accept":"application/json, text/plain, */*","User-Agent":"axios/0.26.1"},"method":"get","url":"http://localhost:4000/api/pruebaOracle/prueba"},"status":400}
[🔔 Apr-12-2022 14:15:53] info 	MicroServicio corriendo en el puerto 4001
[🔔 Apr-12-2022 14:15:55] error 	{"message":"Request failed with status code 400","name":"Error","stack":"Error: Request failed with status code 400\n    at createError (C:\\proyects\\react\\nodejs-oracle\\node_modules\\axios\\lib\\core\\createError.js:16:15)\n    at settle (C:\\proyects\\react\\nodejs-oracle\\node_modules\\axios\\lib\\core\\settle.js:17:12)\n    at IncomingMessage.handleStreamEnd (C:\\proyects\\react\\nodejs-oracle\\node_modules\\axios\\lib\\adapters\\http.js:322:11)\n    at IncomingMessage.emit (events.js:412:35)\n    at endReadableNT (internal/streams/readable.js:1317:12)\n    at processTicksAndRejections (internal/process/task_queues.js:82:21)","config":{"transitional":{"silentJSONParsing":true,"forcedJSONParsing":true,"clarifyTimeoutError":false},"transformRequest":[null],"transformResponse":[null],"timeout":0,"xsrfCookieName":"XSRF-TOKEN","xsrfHeaderName":"X-XSRF-TOKEN","maxContentLength":-1,"maxBodyLength":-1,"headers":{"Accept":"application/json, text/plain, */*","User-Agent":"axios/0.26.1"},"method":"get","url":"http://localhost:4000/api/pruebaOracle/prueba"},"status":400}
[🔔 Apr-12-2022 14:16:22] info 	MicroServicio corriendo en el puerto 4001
[🔔 Apr-12-2022 14:16:24] info 	{}
[🔔 Apr-12-2022 14:16:24] info 	{"accept":"application/json, text/plain, */*","user":"TOP1","password":"SYSTEMS1","token":"Bearer dsahdiquw12321iu134ui","user-agent":"axios/0.26.1","host":"localhost:4001","connection":"close"}
[🔔 Apr-12-2022 14:16:51] info 	MicroServicio corriendo en el puerto 4001
[🔔 Apr-12-2022 14:17:08] info 	{}
[🔔 Apr-12-2022 14:17:08] info 	{"accept":"application/json, text/plain, */*","user":"TOP1","password":"SYSTEMS1","token":"Bearer dsahdiquw12321iu134ui","user-agent":"axios/0.26.1","host":"localhost:4001","connection":"close"}
[🔔 Apr-12-2022 14:17:29] info 	MicroServicio corriendo en el puerto 4001
[🔔 Apr-12-2022 14:17:32] info 	{}
[🔔 Apr-12-2022 14:17:32] info 	{"accept":"application/json, text/plain, */*","user":"TOP1","password":"SYSTEMS1","token":"Bearer dsahdiquw12321iu134ui","user-agent":"axios/0.26.1","host":"localhost:4001","connection":"close"}
[🔔 Apr-12-2022 14:17:47] info 	MicroServicio corriendo en el puerto 4001
[🔔 Apr-12-2022 14:17:50] info 	{}
[🔔 Apr-12-2022 14:17:50] info 	{"accept":"application/json, text/plain, */*","user":"TOP1","password":"SYSTEMS1","token":"Bearer dsahdiquw12321iu134ui","user-agent":"axios/0.26.1","host":"localhost:4001","connection":"close"}
[🔔 Apr-12-2022 14:18:29] info 	MicroServicio corriendo en el puerto 4001
[🔔 Apr-12-2022 14:18:31] info 	{}
[🔔 Apr-12-2022 14:18:31] info 	{"accept":"application/json, text/plain, */*","user":"TOP1","password":"SYSTEMS1","token":"Bearer dsahdiquw12321iu134ui","user-agent":"axios/0.26.1","host":"localhost:4001","connection":"close"}
[🔔 Apr-12-2022 14:18:34] info 	{}
[🔔 Apr-12-2022 14:18:34] info 	{"accept":"application/json, text/plain, */*","user":"TOP1","password":"SYSTEMS1","token":"Bearer dsahdiquw12321iu134ui","user-agent":"axios/0.26.1","host":"localhost:4001","connection":"close"}
[🔔 Apr-12-2022 14:18:36] info 	{}
[🔔 Apr-12-2022 14:18:36] info 	{"accept":"application/json, text/plain, */*","user":"TOP1","password":"SYSTEMS1","token":"Bearer dsahdiquw12321iu134ui","user-agent":"axios/0.26.1","host":"localhost:4001","connection":"close"}
[🔔 Apr-12-2022 14:18:37] info 	{}
[🔔 Apr-12-2022 14:18:37] info 	{"accept":"application/json, text/plain, */*","user":"TOP1","password":"SYSTEMS1","token":"Bearer dsahdiquw12321iu134ui","user-agent":"axios/0.26.1","host":"localhost:4001","connection":"close"}
[🔔 Apr-12-2022 14:18:39] info 	{}
[🔔 Apr-12-2022 14:18:39] info 	{"accept":"application/json, text/plain, */*","user":"TOP1","password":"SYSTEMS1","token":"Bearer dsahdiquw12321iu134ui","user-agent":"axios/0.26.1","host":"localhost:4001","connection":"close"}
[🔔 Apr-12-2022 14:18:47] info 	MicroServicio corriendo en el puerto 4001
[🔔 Apr-12-2022 14:18:53] info 	MicroServicio corriendo en el puerto 4001
[🔔 Apr-12-2022 14:18:55] info 	{}
[🔔 Apr-12-2022 14:18:55] info 	{"accept":"application/json, text/plain, */*","user":"TOP1","password":"SYSTEMS1","token":"Bearer dsahdiquw12321iu134ui","user-agent":"axios/0.26.1","host":"localhost:4001","connection":"close"}
[🔔 Apr-12-2022 14:19:10] info 	MicroServicio corriendo en el puerto 4001
[🔔 Apr-12-2022 14:19:25] info 	MicroServicio corriendo en el puerto 4001
[🔔 Apr-12-2022 14:19:27] info 	{}
[🔔 Apr-12-2022 14:19:27] info 	{"accept":"application/json, text/plain, */*","user":"TOP1","password":"SYSTEMS1","token":"Bearer dsahdiquw12321iu134ui","user-agent":"axios/0.26.1","host":"localhost:4001","connection":"close"}
[🔔 Apr-12-2022 14:19:44] info 	MicroServicio corriendo en el puerto 4001
[🔔 Apr-12-2022 14:19:46] info 	{}
[🔔 Apr-12-2022 14:19:46] info 	{"accept":"application/json, text/plain, */*","user":"TOP1","password":"SYSTEMS1","token":"Bearer dsahdiquw12321iu134ui","user-agent":"axios/0.26.1","host":"localhost:4001","connection":"close"}
[🔔 Apr-12-2022 14:20:40] info 	MicroServicio corriendo en el puerto 4001
[🔔 Apr-12-2022 14:20:42] info 	{}
[🔔 Apr-12-2022 14:20:42] info 	{"accept":"application/json, text/plain, */*","user":"TOP1","password":"SYSTEMS1","token":"Bearer dsahdiquw12321iu134ui","user-agent":"axios/0.26.1","host":"localhost:4001","connection":"close"}
[🔔 Apr-12-2022 14:20:50] info 	{}
[🔔 Apr-12-2022 14:20:50] info 	{"accept":"application/json, text/plain, */*","user":"TOP1","password":"SYSTEMS1","token":"Bearer dsahdiquw12321iu134ui","user-agent":"axios/0.26.1","host":"localhost:4001","connection":"close"}
[🔔 Apr-12-2022 14:20:59] info 	{}
[🔔 Apr-12-2022 14:20:59] info 	{"accept":"application/json, text/plain, */*","user":"TOP1","password":"SYSTEMS1","token":"Bearer dsahdiquw12321iu134ui","user-agent":"axios/0.26.1","host":"localhost:4001","connection":"close"}
[🔔 Apr-12-2022 14:21:06] info 	MicroServicio corriendo en el puerto 4001
[🔔 Apr-12-2022 14:21:08] info 	{}
[🔔 Apr-12-2022 14:21:08] info 	{"accept":"application/json, text/plain, */*","user":"TOP1","password":"SYSTEMS1","token":"Bearer dsahdiquw12321iu134ui","user-agent":"axios/0.26.1","host":"localhost:4001","connection":"close"}
[🔔 Apr-12-2022 14:21:21] info 	MicroServicio corriendo en el puerto 4001
[🔔 Apr-12-2022 14:21:22] info 	{}
[🔔 Apr-12-2022 14:21:22] info 	{"accept":"application/json, text/plain, */*","user":"TOP1","password":"SYSTEMS1","token":"Bearer dsahdiquw12321iu134ui","user-agent":"axios/0.26.1","host":"localhost:4001","connection":"close"}
[🔔 Apr-12-2022 14:21:35] info 	MicroServicio corriendo en el puerto 4001
[🔔 Apr-12-2022 14:21:37] info 	{}
[🔔 Apr-12-2022 14:21:37] info 	{"accept":"application/json, text/plain, */*","user":"TOP1","password":"SYSTEMS1","token":"Bearer dsahdiquw12321iu134ui","user-agent":"axios/0.26.1","host":"localhost:4001","connection":"close"}
[🔔 Apr-12-2022 14:21:40] info 	{}
[🔔 Apr-12-2022 14:21:40] info 	{"accept":"application/json, text/plain, */*","user":"TOP1","password":"SYSTEMS1","token":"Bearer dsahdiquw12321iu134ui","user-agent":"axios/0.26.1","host":"localhost:4001","connection":"close"}
[🔔 Apr-12-2022 14:28:53] info 	MicroServicio corriendo en el puerto 4001
[🔔 Apr-12-2022 14:28:58] info 	MicroServicio corriendo en el puerto 4001
[🔔 Apr-12-2022 14:29:01] info 	{}
[🔔 Apr-12-2022 14:29:01] info 	{"accept":"application/json, text/plain, */*","user":"TOP1","password":"SYSTEMS1","token":"Bearer dsahdiquw12321iu134ui","user-agent":"axios/0.26.1","host":"localhost:4001","connection":"close"}
[🔔 Apr-12-2022 14:29:41] info 	MicroServicio corriendo en el puerto 4001
[🔔 Apr-12-2022 14:29:44] info 	{}
[🔔 Apr-12-2022 14:29:44] info 	{"accept":"application/json, text/plain, */*","user":"TOP1","password":"SYSTEMS1","token":"Bearer dsahdiquw12321iu134ui","user-agent":"axios/0.26.1","host":"localhost:4001","connection":"close"}
[🔔 Apr-12-2022 14:29:46] info 	{}
[🔔 Apr-12-2022 14:29:46] info 	{"accept":"application/json, text/plain, */*","user":"TOP1","password":"SYSTEMS1","token":"Bearer dsahdiquw12321iu134ui","user-agent":"axios/0.26.1","host":"localhost:4001","connection":"close"}
[🔔 Apr-12-2022 14:29:48] info 	{}
[🔔 Apr-12-2022 14:29:48] info 	{"accept":"application/json, text/plain, */*","user":"TOP1","password":"SYSTEMS1","token":"Bearer dsahdiquw12321iu134ui","user-agent":"axios/0.26.1","host":"localhost:4001","connection":"close"}
[🔔 Apr-12-2022 14:34:32] info 	{}
[🔔 Apr-12-2022 14:34:32] info 	{"accept":"application/json, text/plain, */*","user":"TOP1","password":"SYSTEMS1","token":"Bearer dsahdiquw12321iu134ui","user-agent":"axios/0.26.1","host":"localhost:4001","connection":"close"}
[🔔 Apr-12-2022 14:35:40] info 	{}
[🔔 Apr-12-2022 14:35:40] info 	{"accept":"application/json, text/plain, */*","user":"TOP1","password":"SYSTEMS1","token":"Bearer dsahdiquw12321iu134ui","user-agent":"axios/0.26.1","host":"localhost:4001","connection":"close"}
[🔔 Apr-12-2022 14:35:56] info 	{}
[🔔 Apr-12-2022 14:35:56] info 	{"accept":"application/json, text/plain, */*","user":"TOP1","password":"SYSTEMS1","token":"Bearer dsahdiquw12321iu134ui","user-agent":"axios/0.26.1","host":"localhost:4001","connection":"close"}
[🔔 Apr-12-2022 14:37:00] info 	MicroServicio corriendo en el puerto 4001
[🔔 Apr-12-2022 14:37:01] info 	{}
[🔔 Apr-12-2022 14:37:01] info 	{"accept":"application/json, text/plain, */*","user":"TOP1","password":"SYSTEMS1","token":"Bearer dsahdiquw12321iu134ui","user-agent":"axios/0.26.1","host":"localhost:4001","connection":"close"}
[🔔 Apr-12-2022 14:37:04] info 	{}
[🔔 Apr-12-2022 14:37:04] info 	{"accept":"application/json, text/plain, */*","user":"TOP1","password":"SYSTEMS1","token":"Bearer dsahdiquw12321iu134ui","user-agent":"axios/0.26.1","host":"localhost:4001","connection":"close"}
[🔔 Apr-12-2022 14:37:05] info 	{}
[🔔 Apr-12-2022 14:37:05] info 	{"accept":"application/json, text/plain, */*","user":"TOP1","password":"SYSTEMS1","token":"Bearer dsahdiquw12321iu134ui","user-agent":"axios/0.26.1","host":"localhost:4001","connection":"close"}
[🔔 Apr-12-2022 14:37:07] info 	{}
[🔔 Apr-12-2022 14:37:07] info 	{"accept":"application/json, text/plain, */*","user":"TOP1","password":"SYSTEMS1","token":"Bearer dsahdiquw12321iu134ui","user-agent":"axios/0.26.1","host":"localhost:4001","connection":"close"}
[🔔 Apr-12-2022 14:37:28] info 	MicroServicio corriendo en el puerto 4001
[🔔 Apr-12-2022 14:37:29] info 	{}
[🔔 Apr-12-2022 14:37:29] info 	{"accept":"application/json, text/plain, */*","user":"TOP1","password":"SYSTEMS1","token":"Bearer dsahdiquw12321iu134ui","user-agent":"axios/0.26.1","host":"localhost:4001","connection":"close"}
[🔔 Apr-12-2022 14:37:31] info 	{}
[🔔 Apr-12-2022 14:37:31] info 	{"accept":"application/json, text/plain, */*","user":"TOP1","password":"SYSTEMS1","token":"Bearer dsahdiquw12321iu134ui","user-agent":"axios/0.26.1","host":"localhost:4001","connection":"close"}
[🔔 Apr-12-2022 14:37:33] info 	{}
[🔔 Apr-12-2022 14:37:33] info 	{"accept":"application/json, text/plain, */*","user":"TOP1","password":"SYSTEMS1","token":"Bearer dsahdiquw12321iu134ui","user-agent":"axios/0.26.1","host":"localhost:4001","connection":"close"}
[🔔 Apr-12-2022 14:37:34] info 	{}
[🔔 Apr-12-2022 14:37:34] info 	{"accept":"application/json, text/plain, */*","user":"TOP1","password":"SYSTEMS1","token":"Bearer dsahdiquw12321iu134ui","user-agent":"axios/0.26.1","host":"localhost:4001","connection":"close"}
[🔔 Apr-12-2022 14:37:36] info 	{}
[🔔 Apr-12-2022 14:37:36] info 	{"accept":"application/json, text/plain, */*","user":"TOP1","password":"SYSTEMS1","token":"Bearer dsahdiquw12321iu134ui","user-agent":"axios/0.26.1","host":"localhost:4001","connection":"close"}
[🔔 Apr-12-2022 14:37:37] info 	{}
[🔔 Apr-12-2022 14:37:37] info 	{"accept":"application/json, text/plain, */*","user":"TOP1","password":"SYSTEMS1","token":"Bearer dsahdiquw12321iu134ui","user-agent":"axios/0.26.1","host":"localhost:4001","connection":"close"}
[🔔 Apr-12-2022 14:37:45] info 	MicroServicio corriendo en el puerto 4001
[🔔 Apr-12-2022 14:37:47] info 	{}
[🔔 Apr-12-2022 14:37:47] info 	{"accept":"application/json, text/plain, */*","user":"TOP1","password":"SYSTEMS1","token":"Bearer dsahdiquw12321iu134ui","user-agent":"axios/0.26.1","host":"localhost:4001","connection":"close"}
[🔔 Apr-12-2022 14:37:48] info 	{}
[🔔 Apr-12-2022 14:37:48] info 	{"accept":"application/json, text/plain, */*","user":"TOP1","password":"SYSTEMS1","token":"Bearer dsahdiquw12321iu134ui","user-agent":"axios/0.26.1","host":"localhost:4001","connection":"close"}
[🔔 Apr-12-2022 14:37:50] info 	{}
[🔔 Apr-12-2022 14:37:50] info 	{"accept":"application/json, text/plain, */*","user":"TOP1","password":"SYSTEMS1","token":"Bearer dsahdiquw12321iu134ui","user-agent":"axios/0.26.1","host":"localhost:4001","connection":"close"}
[🔔 Apr-12-2022 14:37:54] info 	MicroServicio corriendo en el puerto 4001
[🔔 Apr-12-2022 14:37:55] info 	{}
[🔔 Apr-12-2022 14:37:55] info 	{"accept":"application/json, text/plain, */*","user":"TOP1","password":"SYSTEMS1","token":"Bearer dsahdiquw12321iu134ui","user-agent":"axios/0.26.1","host":"localhost:4001","connection":"close"}
[🔔 Apr-12-2022 14:38:06] info 	MicroServicio corriendo en el puerto 4001
[🔔 Apr-12-2022 14:38:11] info 	MicroServicio corriendo en el puerto 4001
[🔔 Apr-12-2022 14:38:24] info 	MicroServicio corriendo en el puerto 4001
[🔔 Apr-12-2022 14:38:25] info 	{}
[🔔 Apr-12-2022 14:38:25] info 	{"accept":"application/json, text/plain, */*","user":"TOP1","password":"SYSTEMS1","token":"Bearer dsahdiquw12321iu134ui","user-agent":"axios/0.26.1","host":"localhost:4001","connection":"close"}
[🔔 Apr-12-2022 14:47:39] info 	MicroServicio corriendo en el puerto 4001
[🔔 Apr-12-2022 14:47:44] info 	{}
[🔔 Apr-12-2022 14:47:44] info 	{"accept":"application/json, text/plain, */*","user":"TOP1","password":"SYSTEMS1","token":"Bearer dsahdiquw12321iu134ui","user-agent":"axios/0.26.1","host":"localhost:4001","connection":"close"}
[🔔 Apr-12-2022 14:49:16] info 	MicroServicio corriendo en el puerto 4001
[🔔 Apr-12-2022 14:49:19] info 	{}
[🔔 Apr-12-2022 14:49:19] info 	{"accept":"application/json, text/plain, */*","user":"TOP1","password":"SYSTEMS1","token":"Bearer dsahdiquw12321iu134ui","user-agent":"axios/0.26.1","host":"localhost:4001","connection":"close"}
[🔔 Apr-12-2022 14:49:46] info 	MicroServicio corriendo en el puerto 4001
[🔔 Apr-12-2022 14:49:48] info 	{}
[🔔 Apr-12-2022 14:49:48] info 	{"accept":"application/json, text/plain, */*","user":"TOP1","password":"SYSTEMS1","token":"Bearer dsahdiquw12321iu134ui","user-agent":"axios/0.26.1","host":"localhost:4001","connection":"close"}
[🔔 Apr-12-2022 14:50:13] info 	MicroServicio corriendo en el puerto 4001
[🔔 Apr-12-2022 14:50:19] info 	MicroServicio corriendo en el puerto 4001
[🔔 Apr-12-2022 14:50:21] info 	{}
[🔔 Apr-12-2022 14:50:21] info 	{"accept":"application/json, text/plain, */*","user":"TOP1","password":"SYSTEMS1","token":"Bearer dsahdiquw12321iu134ui","user-agent":"axios/0.26.1","host":"localhost:4001","connection":"close"}
[🔔 Apr-12-2022 14:56:50] info 	MicroServicio corriendo en el puerto 4001
[🔔 Apr-12-2022 14:56:53] info 	{}
[🔔 Apr-12-2022 14:56:53] info 	{"accept":"application/json, text/plain, */*","user-agent":"axios/0.26.1","host":"localhost:4001","connection":"close"}
[🔔 Apr-12-2022 14:57:27] info 	MicroServicio corriendo en el puerto 4001
[🔔 Apr-12-2022 14:57:28] info 	{}
[🔔 Apr-12-2022 14:57:28] info 	{"accept":"application/json, text/plain, */*","user-agent":"axios/0.26.1","host":"localhost:4001","connection":"close"}
[🔔 Apr-12-2022 14:57:50] info 	MicroServicio corriendo en el puerto 4001
[🔔 Apr-12-2022 14:57:54] info 	MicroServicio corriendo en el puerto 4001
[🔔 Apr-12-2022 14:57:55] info 	{}
[🔔 Apr-12-2022 14:57:55] info 	{"accept":"application/json, text/plain, */*","user-agent":"axios/0.26.1","host":"localhost:4001","connection":"close"}
[🔔 Apr-12-2022 14:58:32] info 	MicroServicio corriendo en el puerto 4001
[🔔 Apr-12-2022 14:58:34] info 	{}
[🔔 Apr-12-2022 14:58:34] info 	{"accept":"application/json, text/plain, */*","user-agent":"axios/0.26.1","host":"localhost:4001","connection":"close"}
[🔔 Apr-12-2022 14:58:55] info 	MicroServicio corriendo en el puerto 4001
[🔔 Apr-12-2022 14:58:56] info 	{}
[🔔 Apr-12-2022 14:58:56] info 	{"accept":"application/json, text/plain, */*","user-agent":"axios/0.26.1","host":"localhost:4001","connection":"close"}
[🔔 Apr-12-2022 14:59:06] info 	MicroServicio corriendo en el puerto 4001
[🔔 Apr-12-2022 14:59:07] info 	{}
[🔔 Apr-12-2022 14:59:07] info 	{"accept":"application/json, text/plain, */*","user-agent":"axios/0.26.1","host":"localhost:4001","connection":"close"}
[🔔 Apr-12-2022 15:00:05] info 	MicroServicio corriendo en el puerto 4001
[🔔 Apr-12-2022 15:00:07] info 	{}
[🔔 Apr-12-2022 15:00:07] info 	{"accept":"application/json, text/plain, */*","user-agent":"axios/0.26.1","host":"localhost:4001","connection":"close"}
[🔔 Apr-12-2022 15:00:50] info 	MicroServicio corriendo en el puerto 4001
[🔔 Apr-12-2022 15:00:55] info 	MicroServicio corriendo en el puerto 4001
[🔔 Apr-12-2022 15:00:58] info 	{}
[🔔 Apr-12-2022 15:00:58] info 	{"accept":"application/json, text/plain, */*","user-agent":"axios/0.26.1","host":"localhost:4001","connection":"close"}
[🔔 Apr-12-2022 15:01:11] info 	MicroServicio corriendo en el puerto 4001
[🔔 Apr-12-2022 15:01:13] info 	{}
[🔔 Apr-12-2022 15:01:13] info 	{"accept":"application/json, text/plain, */*","user-agent":"axios/0.26.1","host":"localhost:4001","connection":"close"}
[🔔 Apr-12-2022 15:01:22] info 	MicroServicio corriendo en el puerto 4001
[🔔 Apr-12-2022 15:01:24] info 	{}
[🔔 Apr-12-2022 15:01:24] info 	{"accept":"application/json, text/plain, */*","user-agent":"axios/0.26.1","host":"localhost:4001","connection":"close"}
[🔔 Apr-12-2022 15:02:19] info 	MicroServicio corriendo en el puerto 4001
[🔔 Apr-12-2022 15:02:23] info 	{}
[🔔 Apr-12-2022 15:02:23] info 	{"accept":"application/json, text/plain, */*","user-agent":"axios/0.26.1","host":"localhost:4001","connection":"close"}
[🔔 Apr-12-2022 15:02:35] info 	MicroServicio corriendo en el puerto 4001
[🔔 Apr-12-2022 15:02:38] info 	{}
[🔔 Apr-12-2022 15:02:38] info 	{"accept":"application/json, text/plain, */*","user-agent":"axios/0.26.1","host":"localhost:4001","connection":"close"}
[🔔 Apr-12-2022 15:09:38] info 	MicroServicio corriendo en el puerto 4001
[🔔 Apr-12-2022 15:09:41] info 	{}
[🔔 Apr-12-2022 15:09:41] info 	{"accept":"application/json, text/plain, */*","user-agent":"axios/0.26.1","host":"localhost:4001","connection":"close"}
[🔔 Apr-12-2022 15:10:02] info 	MicroServicio corriendo en el puerto 4001
[🔔 Apr-12-2022 15:10:54] info 	MicroServicio corriendo en el puerto 4001
[🔔 Apr-12-2022 15:10:59] info 	MicroServicio corriendo en el puerto 4001
[🔔 Apr-12-2022 15:11:01] info 	{}
[🔔 Apr-12-2022 15:11:01] info 	{"accept":"application/json, text/plain, */*","user-agent":"axios/0.26.1","host":"localhost:4001","connection":"close"}
[🔔 Apr-12-2022 15:11:09] info 	MicroServicio corriendo en el puerto 4001
[🔔 Apr-12-2022 15:11:11] info 	{}
[🔔 Apr-12-2022 15:11:11] info 	{"accept":"application/json, text/plain, */*","user-agent":"axios/0.26.1","host":"localhost:4001","connection":"close"}
[🔔 Apr-12-2022 15:11:50] info 	MicroServicio corriendo en el puerto 4001
[🔔 Apr-12-2022 15:11:53] info 	{}
[🔔 Apr-12-2022 15:11:53] info 	{"accept":"application/json, text/plain, */*","user-agent":"axios/0.26.1","host":"localhost:4001","connection":"close"}
[🔔 Apr-12-2022 15:12:11] info 	MicroServicio corriendo en el puerto 4001
[🔔 Apr-12-2022 15:12:12] info 	{}
[🔔 Apr-12-2022 15:12:12] info 	{"accept":"application/json, text/plain, */*","user-agent":"axios/0.26.1","host":"localhost:4001","connection":"close"}
[🔔 Apr-12-2022 15:12:56] info 	MicroServicio corriendo en el puerto 4001
[🔔 Apr-12-2022 15:13:00] info 	{}
[🔔 Apr-12-2022 15:13:00] info 	{"accept":"application/json, text/plain, */*","user":"TOP1","password":"SYSTEMS1","token":"Bearer dsahdiquw12321iu134ui","user-agent":"axios/0.26.1","host":"localhost:4001","connection":"close"}
[🔔 Apr-12-2022 15:13:12] info 	MicroServicio corriendo en el puerto 4001
[🔔 Apr-12-2022 15:17:35] info 	MicroServicio corriendo en el puerto 4001
[🔔 Apr-12-2022 15:17:45] info 	MicroServicio corriendo en el puerto 4001
[🔔 Apr-12-2022 15:17:56] info 	MicroServicio corriendo en el puerto 4001
[🔔 Apr-12-2022 15:17:59] info 	MicroServicio corriendo en el puerto 4001
[🔔 Apr-12-2022 15:18:13] info 	MicroServicio corriendo en el puerto 4001
[🔔 Apr-12-2022 15:18:42] info 	MicroServicio corriendo en el puerto 4001
[🔔 Apr-12-2022 15:19:08] info 	MicroServicio corriendo en el puerto 4001
[🔔 Apr-12-2022 15:19:17] info 	MicroServicio corriendo en el puerto 4001
[🔔 Apr-12-2022 15:19:32] info 	MicroServicio corriendo en el puerto 4001
[🔔 Apr-12-2022 15:20:41] info 	MicroServicio corriendo en el puerto 4001
[🔔 Apr-12-2022 15:21:13] info 	MicroServicio corriendo en el puerto 4001
[🔔 Apr-12-2022 15:21:25] info 	MicroServicio corriendo en el puerto 4001
[🔔 Apr-12-2022 15:21:47] info 	MicroServicio corriendo en el puerto 4001
[🔔 Apr-12-2022 15:22:29] info 	MicroServicio corriendo en el puerto 4001
[🔔 Apr-12-2022 15:22:50] info 	MicroServicio corriendo en el puerto 4001
[🔔 Apr-12-2022 15:24:01] info 	MicroServicio corriendo en el puerto 4001
[🔔 Apr-12-2022 15:24:26] info 	MicroServicio corriendo en el puerto 4001
[🔔 Apr-12-2022 15:25:13] info 	MicroServicio corriendo en el puerto 4001
[🔔 Apr-12-2022 15:25:15] info 	{}
[🔔 Apr-12-2022 15:25:15] info 	{"accept":"application/json, text/plain, */*","user":"TOP1","password":"SYSTEMS1","token":"Bearer dsahdiquw12321iu134ui","user-agent":"axios/0.26.1","host":"localhost:4001","connection":"close"}
[🔔 Apr-12-2022 15:26:44] info 	MicroServicio corriendo en el puerto 4001
[🔔 Apr-12-2022 15:26:45] info 	{}
[🔔 Apr-12-2022 15:26:45] info 	{"accept":"application/json, text/plain, */*","user":"TOP1","password":"SYSTEMS1","token":"Bearer dsahdiquw12321iu134ui","user-agent":"axios/0.26.1","host":"localhost:4001","connection":"close"}
[🔔 Apr-12-2022 15:26:53] info 	MicroServicio corriendo en el puerto 4001
[🔔 Apr-12-2022 15:27:01] info 	MicroServicio corriendo en el puerto 4001
[🔔 Apr-12-2022 15:29:20] info 	MicroServicio corriendo en el puerto 4001
[🔔 Apr-12-2022 15:29:24] info 	{}
[🔔 Apr-12-2022 15:29:24] info 	{"accept":"application/json, text/plain, */*","user":"TOP1","password":"SYSTEMS1","token":"Bearer dsahdiquw12321iu134ui","user-agent":"axios/0.26.1","host":"localhost:4001","connection":"close"}
[🔔 Apr-12-2022 15:30:16] info 	MicroServicio corriendo en el puerto 4001
[🔔 Apr-12-2022 15:30:21] info 	MicroServicio corriendo en el puerto 4001
[🔔 Apr-12-2022 15:30:23] info 	{}
[🔔 Apr-12-2022 15:30:23] info 	{"accept":"application/json, text/plain, */*","user":"TOP1","password":"SYSTEMS1","token":"Bearer dsahdiquw12321iu134ui","user-agent":"axios/0.26.1","host":"localhost:4001","connection":"close"}
[🔔 Apr-12-2022 15:30:38] info 	MicroServicio corriendo en el puerto 4001
[🔔 Apr-12-2022 15:30:43] info 	MicroServicio corriendo en el puerto 4001
[🔔 Apr-12-2022 15:30:45] info 	{}
[🔔 Apr-12-2022 15:30:45] info 	{"accept":"application/json, text/plain, */*","user":"TOP1","password":"SYSTEMS1","token":"Bearer dsahdiquw12321iu134ui","user-agent":"axios/0.26.1","host":"localhost:4001","connection":"close"}
[🔔 Apr-12-2022 15:31:36] info 	MicroServicio corriendo en el puerto 4001
[🔔 Apr-12-2022 15:31:46] info 	MicroServicio corriendo en el puerto 4001
[🔔 Apr-12-2022 15:31:48] info 	{}
[🔔 Apr-12-2022 15:31:48] info 	{"accept":"application/json, text/plain, */*","user":"TOP1","password":"SYSTEMS1","token":"Bearer dsahdiquw12321iu134ui","user-agent":"axios/0.26.1","host":"localhost:4001","connection":"close"}
[🔔 Apr-12-2022 15:33:06] info 	MicroServicio corriendo en el puerto 4001
[🔔 Apr-12-2022 15:33:12] info 	MicroServicio corriendo en el puerto 4001
[🔔 Apr-12-2022 15:33:15] info 	{}
[🔔 Apr-12-2022 15:33:15] info 	{"accept":"application/json, text/plain, */*","user":"TOP1","password":"SYSTEMS1","token":"Bearer dsahdiquw12321iu134ui","user-agent":"axios/0.26.1","host":"localhost:4001","connection":"close"}
[🔔 Apr-12-2022 15:34:17] info 	MicroServicio corriendo en el puerto 4001
[🔔 Apr-12-2022 15:34:22] info 	{}
[🔔 Apr-12-2022 15:34:22] info 	{"accept":"application/json, text/plain, */*","user":"TOP1","password":"SYSTEMS1","token":"Bearer dsahdiquw12321iu134ui","user-agent":"axios/0.26.1","host":"localhost:4001","connection":"close"}
[🔔 Apr-12-2022 15:34:46] info 	MicroServicio corriendo en el puerto 4001
[🔔 Apr-12-2022 15:35:24] info 	MicroServicio corriendo en el puerto 4001
[🔔 Apr-12-2022 15:35:25] info 	{}
[🔔 Apr-12-2022 15:35:25] info 	{"accept":"application/json, text/plain, */*","user":"TOP1","password":"SYSTEMS1","token":"Bearer dsahdiquw12321iu134ui","user-agent":"axios/0.26.1","host":"localhost:4001","connection":"close"}
[🔔 Apr-12-2022 15:36:21] info 	MicroServicio corriendo en el puerto 4001
[🔔 Apr-12-2022 15:36:32] info 	MicroServicio corriendo en el puerto 4001
[🔔 Apr-12-2022 15:36:35] info 	{}
[🔔 Apr-12-2022 15:36:35] info 	{"accept":"application/json, text/plain, */*","user":"TOP1","password":"SYSTEMS1","token":"Bearer dsahdiquw12321iu134ui","user-agent":"axios/0.26.1","host":"localhost:4001","connection":"close"}
[🔔 Apr-12-2022 15:37:40] info 	MicroServicio corriendo en el puerto 4001
[🔔 Apr-12-2022 15:37:43] info 	{}
[🔔 Apr-12-2022 15:37:43] info 	{"accept":"application/json, text/plain, */*","user":"TOP1","password":"SYSTEMS1","token":"Bearer dsahdiquw12321iu134ui","user-agent":"axios/0.26.1","host":"localhost:4001","connection":"close"}
[🔔 Apr-12-2022 15:38:06] info 	MicroServicio corriendo en el puerto 4001
[🔔 Apr-12-2022 15:38:07] info 	{}
[🔔 Apr-12-2022 15:38:07] info 	{"accept":"application/json, text/plain, */*","user":"TOP1","password":"SYSTEMS1","token":"Bearer dsahdiquw12321iu134ui","user-agent":"axios/0.26.1","host":"localhost:4001","connection":"close"}
[🔔 Apr-12-2022 15:38:53] info 	MicroServicio corriendo en el puerto 4001
[🔔 Apr-12-2022 15:39:20] info 	MicroServicio corriendo en el puerto 4001
[🔔 Apr-12-2022 15:39:24] info 	MicroServicio corriendo en el puerto 4001
[🔔 Apr-12-2022 15:40:12] info 	MicroServicio corriendo en el puerto 4001
[🔔 Apr-12-2022 15:40:34] info 	MicroServicio corriendo en el puerto 4001
[🔔 Apr-12-2022 15:40:36] info 	{}
[🔔 Apr-12-2022 15:40:36] info 	{"accept":"application/json, text/plain, */*","user":"TOP1","password":"SYSTEMS1","token":"Bearer dsahdiquw12321iu134ui","user-agent":"axios/0.26.1","host":"localhost:4001","connection":"close"}
[🔔 Apr-12-2022 15:43:38] info 	MicroServicio corriendo en el puerto 4001
[🔔 Apr-12-2022 15:43:51] info 	MicroServicio corriendo en el puerto 4001
[🔔 Apr-12-2022 15:43:55] info 	{}
[🔔 Apr-12-2022 15:43:55] info 	{"accept":"application/json, text/plain, */*","user":"TOP1","password":"SYSTEMS1","token":"Bearer dsahdiquw12321iu134ui","user-agent":"axios/0.26.1","host":"localhost:4001","connection":"close"}
[🔔 Apr-12-2022 15:44:27] info 	MicroServicio corriendo en el puerto 4001
[🔔 Apr-12-2022 15:45:04] info 	MicroServicio corriendo en el puerto 4001
[🔔 Apr-12-2022 15:45:10] info 	MicroServicio corriendo en el puerto 4001
[🔔 Apr-12-2022 15:45:33] info 	MicroServicio corriendo en el puerto 4001
[🔔 Apr-12-2022 15:45:43] info 	{}
[🔔 Apr-12-2022 15:45:43] info 	{"accept":"application/json, text/plain, */*","user":"TOP1","password":"SYSTEMS1","token":"Bearer dsahdiquw12321iu134ui","user-agent":"axios/0.26.1","host":"localhost:4001","connection":"close"}
[🔔 Apr-12-2022 15:46:02] info 	MicroServicio corriendo en el puerto 4001
[🔔 Apr-12-2022 15:46:32] info 	MicroServicio corriendo en el puerto 4001
[🔔 Apr-12-2022 15:46:45] info 	MicroServicio corriendo en el puerto 4001
[🔔 Apr-12-2022 15:46:58] info 	MicroServicio corriendo en el puerto 4001
[🔔 Apr-12-2022 15:47:10] info 	MicroServicio corriendo en el puerto 4001
[🔔 Apr-12-2022 15:48:03] info 	MicroServicio corriendo en el puerto 4001
[🔔 Apr-12-2022 15:48:11] info 	MicroServicio corriendo en el puerto 4001
[🔔 Apr-12-2022 15:48:12] info 	{}
[🔔 Apr-12-2022 15:48:12] info 	{"accept":"application/json, text/plain, */*","user":"TOP1","password":"SYSTEMS1","token":"Bearer dsahdiquw12321iu134ui","user-agent":"axios/0.26.1","host":"localhost:4001","connection":"close"}
[🔔 Apr-12-2022 15:48:28] info 	MicroServicio corriendo en el puerto 4001
[🔔 Apr-12-2022 15:48:29] info 	{}
[🔔 Apr-12-2022 15:48:29] info 	{"accept":"application/json, text/plain, */*","user":"TOP1","password":"SYSTEMS1","token":"Bearer dsahdiquw12321iu134ui","user-agent":"axios/0.26.1","host":"localhost:4001","connection":"close"}
[🔔 Apr-12-2022 15:48:43] info 	MicroServicio corriendo en el puerto 4001
[🔔 Apr-12-2022 15:50:03] info 	MicroServicio corriendo en el puerto 4001
[🔔 Apr-12-2022 15:50:52] info 	MicroServicio corriendo en el puerto 4001
[🔔 Apr-12-2022 15:56:51] info 	MicroServicio corriendo en el puerto 4001
[🔔 Apr-12-2022 15:57:26] info 	MicroServicio corriendo en el puerto 4001
[🔔 Apr-12-2022 15:57:41] info 	MicroServicio corriendo en el puerto 4001
[🔔 Apr-12-2022 15:57:43] info 	{}
[🔔 Apr-12-2022 15:57:43] info 	{"accept":"application/json, text/plain, */*","user":"TOP1","password":"SYSTEMS1","token":"Bearer dsahdiquw12321iu134ui","user-agent":"axios/0.26.1","host":"localhost:4001","connection":"close"}
[🔔 Apr-12-2022 15:57:49] info 	MicroServicio corriendo en el puerto 4001
[🔔 Apr-12-2022 15:57:59] info 	MicroServicio corriendo en el puerto 4001
[🔔 Apr-12-2022 15:58:00] info 	{}
[🔔 Apr-12-2022 15:58:00] info 	{"accept":"application/json, text/plain, */*","user":"TOP1","password":"SYSTEMS1","token":"Bearer dsahdiquw12321iu134ui","user-agent":"axios/0.26.1","host":"localhost:4001","connection":"close"}
[🔔 Apr-12-2022 16:02:11] info 	MicroServicio corriendo en el puerto 4001
[🔔 Apr-12-2022 16:02:16] info 	MicroServicio corriendo en el puerto 4001
[🔔 Apr-12-2022 16:02:19] info 	{}
[🔔 Apr-12-2022 16:02:19] info 	{"accept":"application/json, text/plain, */*","user":"TOP1","password":"SYSTEMS1","token":"Bearer dsahdiquw12321iu134ui","user-agent":"axios/0.26.1","host":"localhost:4001","connection":"close"}
[🔔 Apr-12-2022 16:02:49] info 	MicroServicio corriendo en el puerto 4001
[🔔 Apr-12-2022 16:02:51] info 	{}
[🔔 Apr-12-2022 16:02:51] info 	{"accept":"application/json, text/plain, */*","user":"TOP1","password":"SYSTEMS1","token":"Bearer dsahdiquw12321iu134ui","user-agent":"axios/0.26.1","host":"localhost:4001","connection":"close"}
[🔔 Apr-12-2022 16:03:07] info 	MicroServicio corriendo en el puerto 4001
[🔔 Apr-12-2022 16:03:09] info 	{}
[🔔 Apr-12-2022 16:03:09] info 	{"accept":"application/json, text/plain, */*","user":"TOP1","password":"SYSTEMS1","token":"Bearer dsahdiquw12321iu134ui","user-agent":"axios/0.26.1","host":"localhost:4001","connection":"close"}
[🔔 Apr-12-2022 16:03:41] info 	MicroServicio corriendo en el puerto 4001
[🔔 Apr-12-2022 16:04:39] info 	MicroServicio corriendo en el puerto 4001
[🔔 Apr-12-2022 16:04:41] info 	MicroServicio corriendo en el puerto 4001
[🔔 Apr-12-2022 16:05:03] info 	MicroServicio corriendo en el puerto 4001
[🔔 Apr-12-2022 16:05:08] info 	{}
[🔔 Apr-12-2022 16:05:08] info 	{"accept":"application/json, text/plain, */*","user":"TOP1","password":"SYSTEMS1","token":"Bearer dsahdiquw12321iu134ui","user-agent":"axios/0.26.1","host":"localhost:4001","connection":"close"}
[🔔 Apr-12-2022 16:06:23] info 	MicroServicio corriendo en el puerto 4001
[🔔 Apr-12-2022 16:06:26] info 	{}
[🔔 Apr-12-2022 16:06:26] info 	{"accept":"application/json, text/plain, */*","user":"TOP1","password":"SYSTEMS1","token":"Bearer dsahdiquw12321iu134ui","user-agent":"axios/0.26.1","host":"localhost:4001","connection":"close"}
[🔔 Apr-12-2022 16:07:15] info 	MicroServicio corriendo en el puerto 4001
[🔔 Apr-12-2022 16:07:19] info 	MicroServicio corriendo en el puerto 4001
[🔔 Apr-12-2022 16:07:47] info 	MicroServicio corriendo en el puerto 4001
[🔔 Apr-12-2022 16:07:56] info 	MicroServicio corriendo en el puerto 4001
[🔔 Apr-12-2022 16:08:06] info 	MicroServicio corriendo en el puerto 4001
[🔔 Apr-12-2022 16:08:37] info 	MicroServicio corriendo en el puerto 4001
[🔔 Apr-12-2022 16:08:53] info 	MicroServicio corriendo en el puerto 4001
[🔔 Apr-12-2022 16:09:01] info 	MicroServicio corriendo en el puerto 4001
[🔔 Apr-12-2022 16:09:58] info 	MicroServicio corriendo en el puerto 4001
[🔔 Apr-12-2022 16:10:31] info 	MicroServicio corriendo en el puerto 4001
[🔔 Apr-12-2022 16:10:55] info 	MicroServicio corriendo en el puerto 4001
[🔔 Apr-12-2022 16:12:06] info 	MicroServicio corriendo en el puerto 4001
[🔔 Apr-12-2022 16:12:11] info 	{}
[🔔 Apr-12-2022 16:12:11] info 	{"accept":"application/json, text/plain, */*","user":"TOP1","password":"SYSTEMS1","token":"Bearer dsahdiquw12321iu134ui","user-agent":"axios/0.26.1","host":"localhost:4001","connection":"close"}
[🔔 Apr-12-2022 16:12:17] info 	{}
[🔔 Apr-12-2022 16:12:17] info 	{"accept":"application/json, text/plain, */*","user":"TOP1","password":"SYSTEMS1","token":"Bearer dsahdiquw12321iu134ui","user-agent":"axios/0.26.1","host":"localhost:4001","connection":"close"}
[🔔 Apr-12-2022 16:12:18] info 	{}
[🔔 Apr-12-2022 16:12:18] info 	{"accept":"application/json, text/plain, */*","user":"TOP1","password":"SYSTEMS1","token":"Bearer dsahdiquw12321iu134ui","user-agent":"axios/0.26.1","host":"localhost:4001","connection":"close"}
[🔔 Apr-12-2022 16:13:29] info 	MicroServicio corriendo en el puerto 4001
[🔔 Apr-12-2022 16:13:46] info 	MicroServicio corriendo en el puerto 4001
[🔔 Apr-12-2022 16:13:51] info 	{}
[🔔 Apr-12-2022 16:13:51] info 	{"accept":"application/json, text/plain, */*","user":"TOP1","password":"SYSTEMS1","token":"Bearer dsahdiquw12321iu134ui","user-agent":"axios/0.26.1","host":"localhost:4001","connection":"close"}
[🔔 Apr-12-2022 16:14:40] info 	{}
[🔔 Apr-12-2022 16:14:40] info 	{"accept":"application/json, text/plain, */*","user":"TOP1","password":"SYSTEMS1","token":"Bearer dsahdiquw12321iu134ui","user-agent":"axios/0.26.1","host":"localhost:4001","connection":"close"}
[🔔 Apr-12-2022 16:14:48] info 	MicroServicio corriendo en el puerto 4001
[🔔 Apr-12-2022 16:15:59] info 	MicroServicio corriendo en el puerto 4001
[🔔 Apr-12-2022 16:19:33] info 	MicroServicio corriendo en el puerto 4001
[🔔 Apr-12-2022 16:21:07] info 	MicroServicio corriendo en el puerto 4001
[🔔 Apr-12-2022 16:21:31] info 	MicroServicio corriendo en el puerto 4001
[🔔 Apr-12-2022 16:21:32] info 	{}
[🔔 Apr-12-2022 16:21:32] info 	{"accept":"application/json, text/plain, */*","user":"TOP1","password":"SYSTEMS1","token":"Bearer dsahdiquw12321iu134ui","user-agent":"axios/0.26.1","host":"localhost:4001","connection":"close"}
[🔔 Apr-12-2022 16:21:38] info 	MicroServicio corriendo en el puerto 4001
[🔔 Apr-12-2022 16:21:49] info 	MicroServicio corriendo en el puerto 4001
[🔔 Apr-12-2022 16:46:46] info 	{}
[🔔 Apr-12-2022 16:46:46] info 	{"accept":"application/json, text/plain, */*","user":"TOP1","password":"SYSTEMS1","token":"Bearer dsahdiquw12321iu134ui","user-agent":"axios/0.26.1","host":"localhost:4001","connection":"close"}
[🔔 Apr-12-2022 16:47:02] info 	{}
[🔔 Apr-12-2022 16:47:02] info 	{"accept":"application/json, text/plain, */*","user":"TOP1","password":"SYSTEMS1","token":"Bearer dsahdiquw12321iu134ui","user-agent":"axios/0.26.1","host":"localhost:4001","connection":"close"}
[🔔 Apr-12-2022 16:47:22] info 	{}
[🔔 Apr-12-2022 16:47:22] info 	{"accept":"application/json, text/plain, */*","user":"TOP1","password":"SYSTEMS1","token":"Bearer dsahdiquw12321iu134ui","user-agent":"axios/0.26.1","host":"localhost:4001","connection":"close"}
[🔔 Apr-12-2022 16:52:13] info 	MicroServicio corriendo en el puerto 4001
[🔔 Apr-12-2022 16:52:17] info 	MicroServicio corriendo en el puerto 4001
[🔔 Apr-12-2022 16:52:40] info 	MicroServicio corriendo en el puerto 4001
[🔔 Apr-12-2022 16:52:46] info 	MicroServicio corriendo en el puerto 4001
[🔔 Apr-12-2022 16:53:05] info 	MicroServicio corriendo en el puerto 4001
[🔔 Apr-12-2022 16:53:06] info 	{}
[🔔 Apr-12-2022 16:53:06] info 	{"accept":"application/json, text/plain, */*","user":"TOP1","password":"SYSTEMS1","token":"Bearer dsahdiquw12321iu134ui","user-agent":"axios/0.26.1","host":"localhost:4001","connection":"close"}
[🔔 Apr-12-2022 16:53:08] info 	{}
[🔔 Apr-12-2022 16:53:08] info 	{"accept":"application/json, text/plain, */*","user":"TOP1","password":"SYSTEMS1","token":"Bearer dsahdiquw12321iu134ui","user-agent":"axios/0.26.1","host":"localhost:4001","connection":"close"}
[🔔 Apr-12-2022 16:53:50] info 	{}
[🔔 Apr-12-2022 16:53:50] info 	{"accept":"application/json, text/plain, */*","user":"TOP1","password":"SYSTEMS1","token":"Bearer dsahdiquw12321iu134ui","user-agent":"axios/0.26.1","host":"localhost:4001","connection":"close"}
[🔔 Apr-12-2022 16:53:54] info 	{}
[🔔 Apr-12-2022 16:53:54] info 	{"accept":"application/json, text/plain, */*","user":"TOP1","password":"SYSTEMS1","token":"Bearer dsahdiquw12321iu134ui","user-agent":"axios/0.26.1","host":"localhost:4001","connection":"close"}
